[2021-05-02 10:37:27.076] [exthost] [info] extension host started
[2021-05-02 10:37:27.362] [exthost] [info] ExtensionService#_doActivateExtension vscode.microsoft-authentication {"startup":false,"extensionId":{"value":"vscode.microsoft-authentication","_lower":"vscode.microsoft-authentication"},"activationEvent":"onAuthenticationRequest:microsoft"}
[2021-05-02 10:37:27.362] [exthost] [info] ExtensionService#loadCommonJSModule file:///snap/code/62/usr/share/code/resources/app/extensions/microsoft-authentication/dist/extension.js
[2021-05-02 10:37:27.394] [exthost] [info] ExtensionService#_doActivateExtension vscode.debug-auto-launch {"startup":true,"extensionId":{"value":"vscode.debug-auto-launch","_lower":"vscode.debug-auto-launch"},"activationEvent":"*"}
[2021-05-02 10:37:27.394] [exthost] [info] ExtensionService#loadCommonJSModule file:///snap/code/62/usr/share/code/resources/app/extensions/debug-auto-launch/dist/extension
[2021-05-02 10:37:27.401] [exthost] [info] ExtensionService#_doActivateExtension vscode.git {"startup":true,"extensionId":{"value":"vscode.github","_lower":"vscode.github"},"activationEvent":"*"}
[2021-05-02 10:37:27.401] [exthost] [info] ExtensionService#loadCommonJSModule file:///snap/code/62/usr/share/code/resources/app/extensions/git/dist/main
[2021-05-02 10:37:27.467] [exthost] [info] ExtensionService#_doActivateExtension humy2833.ftp-simple {"startup":true,"extensionId":{"value":"humy2833.ftp-simple","_lower":"humy2833.ftp-simple"},"activationEvent":"*"}
[2021-05-02 10:37:27.468] [exthost] [info] ExtensionService#loadCommonJSModule file:///root/.vscode/extensions/humy2833.ftp-simple-0.7.6/extension
[2021-05-02 10:37:27.876] [exthost] [info] ExtensionService#_doActivateExtension vscode.npm {"startup":true,"extensionId":{"value":"vscode.npm","_lower":"vscode.npm"},"activationEvent":"workspaceContains:package.json"}
[2021-05-02 10:37:27.876] [exthost] [info] ExtensionService#loadCommonJSModule file:///snap/code/62/usr/share/code/resources/app/extensions/npm/dist/npmMain
[2021-05-02 10:37:28.092] [exthost] [info] ExtensionService#_doActivateExtension vscode.github {"startup":true,"extensionId":{"value":"vscode.github","_lower":"vscode.github"},"activationEvent":"*"}
[2021-05-02 10:37:28.093] [exthost] [info] ExtensionService#loadCommonJSModule file:///snap/code/62/usr/share/code/resources/app/extensions/github/dist/extension.js
[2021-05-02 10:37:28.193] [exthost] [info] ExtensionService#_doActivateExtension ms-vscode.js-debug {"startup":false,"extensionId":{"value":"ms-vscode.js-debug","_lower":"ms-vscode.js-debug"},"activationEvent":"onCommand:extension.js-debug.clearAutoAttachVariables"}
[2021-05-02 10:37:28.193] [exthost] [info] ExtensionService#loadCommonJSModule file:///snap/code/62/usr/share/code/resources/app/extensions/ms-vscode.js-debug/src/extension.js
[2021-05-02 10:37:28.544] [exthost] [info] eager extensions activated
[2021-05-02 10:37:28.629] [exthost] [info] ExtensionService#_doActivateExtension vscode.emmet {"startup":false,"extensionId":{"value":"vscode.emmet","_lower":"vscode.emmet"},"activationEvent":"onStartupFinished"}
[2021-05-02 10:37:28.629] [exthost] [info] ExtensionService#loadCommonJSModule file:///snap/code/62/usr/share/code/resources/app/extensions/emmet/dist/node/emmetNodeMain
[2021-05-02 10:37:28.677] [exthost] [info] ExtensionService#_doActivateExtension vscode.merge-conflict {"startup":false,"extensionId":{"value":"vscode.merge-conflict","_lower":"vscode.merge-conflict"},"activationEvent":"onStartupFinished"}
[2021-05-02 10:37:28.677] [exthost] [info] ExtensionService#loadCommonJSModule file:///snap/code/62/usr/share/code/resources/app/extensions/merge-conflict/dist/mergeConflictMain
[2021-05-02 10:37:28.705] [exthost] [info] ExtensionService#_doActivateExtension vscode.testing-editor-contributions {"startup":false,"extensionId":{"value":"vscode.testing-editor-contributions","_lower":"vscode.testing-editor-contributions"},"activationEvent":"onStartupFinished"}
[2021-05-02 10:37:28.710] [exthost] [info] ExtensionService#loadCommonJSModule file:///snap/code/62/usr/share/code/resources/app/extensions/testing-editor-contributions/dist/extension.js
[2021-05-02 10:37:28.724] [exthost] [info] ExtensionService#_doActivateExtension vscode.github-authentication {"startup":false,"extensionId":{"value":"vscode.github-authentication","_lower":"vscode.github-authentication"},"activationEvent":"onAuthenticationRequest:github"}
[2021-05-02 10:37:28.725] [exthost] [info] ExtensionService#loadCommonJSModule file:///snap/code/62/usr/share/code/resources/app/extensions/github-authentication/dist/extension.js
[2021-05-02 10:37:28.886] [exthost] [warning] [Decorations] CAPPING events from decorations provider vscode.git 1998
[2021-05-02 10:41:23.386] [exthost] [warning] [Decorations] CAPPING events from decorations provider vscode.git 2403
[2021-05-02 10:41:28.516] [exthost] [warning] [Decorations] CAPPING events from decorations provider vscode.git 2403
[2021-05-02 10:42:03.796] [exthost] [info] ExtensionService#_doActivateExtension onecentlin.laravel-blade {"startup":false,"extensionId":{"value":"onecentlin.laravel-blade","_lower":"onecentlin.laravel-blade"},"activationEvent":"onLanguage:blade"}
[2021-05-02 10:42:03.797] [exthost] [info] ExtensionService#loadCommonJSModule file:///root/.vscode/extensions/onecentlin.laravel-blade-1.25.0/out/extension
[2021-05-02 10:42:05.903] [exthost] [warning] [Decorations] CAPPING events from decorations provider vscode.git 2404
[2021-05-02 10:44:50.885] [exthost] [warning] [Decorations] CAPPING events from decorations provider vscode.git 2409
[2021-05-02 10:47:55.135] [exthost] [info] ExtensionService#_doActivateExtension vscode.php-language-features {"startup":false,"extensionId":{"value":"vscode.php-language-features","_lower":"vscode.php-language-features"},"activationEvent":"onLanguage:php"}
[2021-05-02 10:47:55.135] [exthost] [info] ExtensionService#loadCommonJSModule file:///snap/code/62/usr/share/code/resources/app/extensions/php-language-features/dist/phpMain
[2021-05-02 10:50:51.335] [exthost] [warning] [Decorations] CAPPING events from decorations provider vscode.git 2413
[2021-05-02 10:50:56.459] [exthost] [warning] [Decorations] CAPPING events from decorations provider vscode.git 2413
[2021-05-02 11:16:29.972] [exthost] [warning] [Decorations] CAPPING events from decorations provider vscode.git 2418
[2021-05-02 11:16:35.114] [exthost] [warning] [Decorations] CAPPING events from decorations provider vscode.git 2418
[2021-05-02 11:36:36.192] [exthost] [info] ExtensionService#_doActivateExtension vscode.typescript-language-features {"startup":false,"extensionId":{"value":"vscode.typescript-language-features","_lower":"vscode.typescript-language-features"},"activationEvent":"onLanguage:javascript"}
[2021-05-02 11:36:36.192] [exthost] [info] ExtensionService#loadCommonJSModule file:///snap/code/62/usr/share/code/resources/app/extensions/typescript-language-features/dist/extension
[2021-05-02 11:45:24.778] [exthost] [info] ExtensionService#_doActivateExtension vscode.extension-editing {"startup":false,"extensionId":{"value":"vscode.extension-editing","_lower":"vscode.extension-editing"},"activationEvent":"onLanguage:typescript"}
[2021-05-02 11:45:24.778] [exthost] [info] ExtensionService#loadCommonJSModule file:///snap/code/62/usr/share/code/resources/app/extensions/extension-editing/dist/extensionEditingMain
[2021-05-02 11:48:49.743] [exthost] [warning] [Decorations] CAPPING events from decorations provider vscode.git 2424
[2021-05-02 11:48:54.888] [exthost] [warning] [Decorations] CAPPING events from decorations provider vscode.git 2424
[2021-05-02 11:54:07.279] [exthost] [warning] [Decorations] CAPPING events from decorations provider vscode.git 2427
[2021-05-02 11:54:12.402] [exthost] [warning] [Decorations] CAPPING events from decorations provider vscode.git 2427
[2021-05-02 11:54:24.215] [exthost] [warning] [Decorations] CAPPING events from decorations provider vscode.git 2427
[2021-05-02 11:57:14.598] [exthost] [warning] [Decorations] CAPPING events from decorations provider vscode.git 2428
[2021-05-02 11:57:19.736] [exthost] [warning] [Decorations] CAPPING events from decorations provider vscode.git 2428
[2021-05-02 12:01:23.811] [exthost] [warning] [Decorations] CAPPING events from decorations provider vscode.git 2433
[2021-05-02 12:01:28.957] [exthost] [warning] [Decorations] CAPPING events from decorations provider vscode.git 2433
[2021-05-02 12:04:47.830] [exthost] [warning] [Decorations] CAPPING events from decorations provider vscode.git 2439
[2021-05-02 12:04:52.950] [exthost] [warning] [Decorations] CAPPING events from decorations provider vscode.git 2439
[2021-05-02 12:11:08.857] [exthost] [warning] [Decorations] CAPPING events from decorations provider vscode.git 2448
[2021-05-02 12:13:49.440] [exthost] [warning] [Decorations] CAPPING events from decorations provider vscode.git 2450
[2021-05-02 12:13:54.557] [exthost] [warning] [Decorations] CAPPING events from decorations provider vscode.git 2450
[2021-05-02 12:34:27.336] [exthost] [warning] [Decorations] CAPPING events from decorations provider vscode.git 2452
[2021-05-02 12:34:32.437] [exthost] [warning] [Decorations] CAPPING events from decorations provider vscode.git 2452
[2021-05-02 12:39:43.929] [exthost] [warning] [Decorations] CAPPING events from decorations provider vscode.git 2455
[2021-05-02 12:39:49.065] [exthost] [warning] [Decorations] CAPPING events from decorations provider vscode.git 2455
[2021-05-02 12:42:21.857] [exthost] [warning] [Decorations] CAPPING events from decorations provider vscode.git 2457
[2021-05-02 12:42:26.984] [exthost] [warning] [Decorations] CAPPING events from decorations provider vscode.git 2457
[2021-05-02 12:43:43.551] [exthost] [warning] [Decorations] CAPPING events from decorations provider vscode.git 2459
[2021-05-02 12:43:48.681] [exthost] [warning] [Decorations] CAPPING events from decorations provider vscode.git 2459
[2021-05-02 12:44:58.135] [exthost] [warning] [Decorations] CAPPING events from decorations provider vscode.git 2463
[2021-05-02 12:45:03.272] [exthost] [warning] [Decorations] CAPPING events from decorations provider vscode.git 2463
[2021-05-02 12:55:13.010] [exthost] [warning] [Decorations] CAPPING events from decorations provider vscode.git 2463
[2021-05-02 12:57:00.938] [exthost] [warning] [Decorations] CAPPING events from decorations provider vscode.git 2469
[2021-05-02 12:57:06.065] [exthost] [warning] [Decorations] CAPPING events from decorations provider vscode.git 2469
[2021-05-02 12:58:22.615] [exthost] [warning] [Decorations] CAPPING events from decorations provider vscode.git 2471
[2021-05-02 12:58:27.733] [exthost] [warning] [Decorations] CAPPING events from decorations provider vscode.git 2471
[2021-05-02 13:03:48.833] [exthost] [warning] [Decorations] CAPPING events from decorations provider vscode.git 2475
[2021-05-02 13:03:53.940] [exthost] [warning] [Decorations] CAPPING events from decorations provider vscode.git 2475
[2021-05-02 13:05:54.241] [exthost] [warning] [Decorations] CAPPING events from decorations provider vscode.git 2475
[2021-05-02 13:06:07.654] [exthost] [warning] [Decorations] CAPPING events from decorations provider vscode.git 2475
[2021-05-02 13:31:50.843] [exthost] [warning] [Decorations] CAPPING events from decorations provider vscode.git 2475
[2021-05-02 13:31:55.975] [exthost] [warning] [Decorations] CAPPING events from decorations provider vscode.git 2475
[2021-05-02 13:32:47.769] [exthost] [warning] [Decorations] CAPPING events from decorations provider vscode.git 2475
[2021-05-02 13:32:52.871] [exthost] [warning] [Decorations] CAPPING events from decorations provider vscode.git 2475
[2021-05-02 13:33:04.613] [exthost] [warning] [Decorations] CAPPING events from decorations provider vscode.git 2475
[2021-05-02 13:38:26.035] [exthost] [warning] [Decorations] CAPPING events from decorations provider vscode.git 2477
[2021-05-02 13:38:31.165] [exthost] [warning] [Decorations] CAPPING events from decorations provider vscode.git 2477
[2021-05-02 13:39:04.970] [exthost] [warning] [Decorations] CAPPING events from decorations provider vscode.git 2477
[2021-05-02 13:41:04.044] [exthost] [warning] [Decorations] CAPPING events from decorations provider vscode.git 2477
[2021-05-02 13:41:09.144] [exthost] [warning] [Decorations] CAPPING events from decorations provider vscode.git 2477
[2021-05-02 13:41:16.781] [exthost] [warning] [Decorations] CAPPING events from decorations provider vscode.git 2477
[2021-05-02 13:41:32.092] [exthost] [warning] [Decorations] CAPPING events from decorations provider vscode.git 2476
[2021-05-02 13:43:16.051] [exthost] [warning] [Decorations] CAPPING events from decorations provider vscode.git 2477
[2021-05-02 13:43:27.994] [exthost] [warning] [Decorations] CAPPING events from decorations provider vscode.git 2477
[2021-05-02 13:43:35.416] [exthost] [warning] [Decorations] CAPPING events from decorations provider vscode.git 2477
[2021-05-02 13:43:58.031] [exthost] [warning] [Decorations] CAPPING events from decorations provider vscode.git 2477
[2021-05-02 13:59:59.677] [exthost] [warning] [Decorations] CAPPING events from decorations provider vscode.git 2477
[2021-05-02 14:00:04.830] [exthost] [warning] [Decorations] CAPPING events from decorations provider vscode.git 2477
[2021-05-02 14:06:10.722] [exthost] [warning] [Decorations] CAPPING events from decorations provider vscode.git 2477
[2021-05-02 14:06:15.897] [exthost] [warning] [Decorations] CAPPING events from decorations provider vscode.git 2477
[2021-05-02 14:06:20.751] [exthost] [info] extension host terminating: received terminate message from renderer
[2021-05-02 14:06:21.792] [exthost] [info] exiting with code 0
