[2021-05-07 09:10:32.329] [exthost] [info] extension host started
[2021-05-07 09:10:32.650] [exthost] [info] ExtensionService#_doActivateExtension vscode.microsoft-authentication {"startup":false,"extensionId":{"value":"vscode.microsoft-authentication","_lower":"vscode.microsoft-authentication"},"activationEvent":"onAuthenticationRequest:microsoft"}
[2021-05-07 09:10:32.650] [exthost] [info] ExtensionService#loadCommonJSModule file:///snap/code/63/usr/share/code/resources/app/extensions/microsoft-authentication/dist/extension.js
[2021-05-07 09:10:32.679] [exthost] [info] ExtensionService#_doActivateExtension vscode.php-language-features {"startup":false,"extensionId":{"value":"vscode.php-language-features","_lower":"vscode.php-language-features"},"activationEvent":"onLanguage:php"}
[2021-05-07 09:10:32.680] [exthost] [info] ExtensionService#loadCommonJSModule file:///snap/code/63/usr/share/code/resources/app/extensions/php-language-features/dist/phpMain
[2021-05-07 09:10:32.718] [exthost] [info] ExtensionService#_doActivateExtension vscode.debug-auto-launch {"startup":true,"extensionId":{"value":"vscode.debug-auto-launch","_lower":"vscode.debug-auto-launch"},"activationEvent":"*"}
[2021-05-07 09:10:32.718] [exthost] [info] ExtensionService#loadCommonJSModule file:///snap/code/63/usr/share/code/resources/app/extensions/debug-auto-launch/dist/extension
[2021-05-07 09:10:32.723] [exthost] [info] ExtensionService#_doActivateExtension vscode.git {"startup":true,"extensionId":{"value":"vscode.github","_lower":"vscode.github"},"activationEvent":"*"}
[2021-05-07 09:10:32.723] [exthost] [info] ExtensionService#loadCommonJSModule file:///snap/code/63/usr/share/code/resources/app/extensions/git/dist/main
[2021-05-07 09:10:32.755] [exthost] [info] ExtensionService#_doActivateExtension humy2833.ftp-simple {"startup":true,"extensionId":{"value":"humy2833.ftp-simple","_lower":"humy2833.ftp-simple"},"activationEvent":"*"}
[2021-05-07 09:10:32.756] [exthost] [info] ExtensionService#loadCommonJSModule file:///root/.vscode/extensions/humy2833.ftp-simple-0.7.6/extension
[2021-05-07 09:10:33.536] [exthost] [info] ExtensionService#_doActivateExtension vscode.github {"startup":true,"extensionId":{"value":"vscode.github","_lower":"vscode.github"},"activationEvent":"*"}
[2021-05-07 09:10:33.536] [exthost] [info] ExtensionService#loadCommonJSModule file:///snap/code/63/usr/share/code/resources/app/extensions/github/dist/extension.js
[2021-05-07 09:10:33.548] [exthost] [info] ExtensionService#_doActivateExtension ms-vscode.js-debug {"startup":false,"extensionId":{"value":"ms-vscode.js-debug","_lower":"ms-vscode.js-debug"},"activationEvent":"onCommand:extension.js-debug.clearAutoAttachVariables"}
[2021-05-07 09:10:33.548] [exthost] [info] ExtensionService#loadCommonJSModule file:///snap/code/63/usr/share/code/resources/app/extensions/ms-vscode.js-debug/src/extension.js
[2021-05-07 09:10:33.802] [exthost] [info] eager extensions activated
[2021-05-07 09:10:33.899] [exthost] [info] ExtensionService#_doActivateExtension vscode.emmet {"startup":false,"extensionId":{"value":"vscode.emmet","_lower":"vscode.emmet"},"activationEvent":"onStartupFinished"}
[2021-05-07 09:10:33.899] [exthost] [info] ExtensionService#loadCommonJSModule file:///snap/code/63/usr/share/code/resources/app/extensions/emmet/dist/node/emmetNodeMain
[2021-05-07 09:10:33.919] [exthost] [info] ExtensionService#_doActivateExtension vscode.merge-conflict {"startup":false,"extensionId":{"value":"vscode.merge-conflict","_lower":"vscode.merge-conflict"},"activationEvent":"onStartupFinished"}
[2021-05-07 09:10:33.919] [exthost] [info] ExtensionService#loadCommonJSModule file:///snap/code/63/usr/share/code/resources/app/extensions/merge-conflict/dist/mergeConflictMain
[2021-05-07 09:10:33.928] [exthost] [info] ExtensionService#_doActivateExtension vscode.testing-editor-contributions {"startup":false,"extensionId":{"value":"vscode.testing-editor-contributions","_lower":"vscode.testing-editor-contributions"},"activationEvent":"onStartupFinished"}
[2021-05-07 09:10:33.930] [exthost] [info] ExtensionService#loadCommonJSModule file:///snap/code/63/usr/share/code/resources/app/extensions/testing-editor-contributions/dist/extension.js
[2021-05-07 09:10:33.971] [exthost] [info] ExtensionService#_doActivateExtension vscode.github-authentication {"startup":false,"extensionId":{"value":"vscode.github-authentication","_lower":"vscode.github-authentication"},"activationEvent":"onAuthenticationRequest:github"}
[2021-05-07 09:10:33.971] [exthost] [info] ExtensionService#loadCommonJSModule file:///snap/code/63/usr/share/code/resources/app/extensions/github-authentication/dist/extension.js
[2021-05-07 09:10:34.048] [exthost] [warning] [Decorations] CAPPING events from decorations provider vscode.git 630
