[2021-06-11 07:29:32.798] [exthost] [info] extension host started
[2021-06-11 07:29:33.880] [exthost] [info] ExtensionService#_doActivateExtension vscode.microsoft-authentication {"startup":false,"extensionId":{"value":"vscode.microsoft-authentication","_lower":"vscode.microsoft-authentication"},"activationEvent":"onAuthenticationRequest:microsoft"}
[2021-06-11 07:29:33.880] [exthost] [info] ExtensionService#loadCommonJSModule file:///snap/code/65/usr/share/code/resources/app/extensions/microsoft-authentication/dist/extension.js
[2021-06-11 07:29:33.920] [exthost] [info] ExtensionService#_doActivateExtension onecentlin.laravel-blade {"startup":false,"extensionId":{"value":"onecentlin.laravel-blade","_lower":"onecentlin.laravel-blade"},"activationEvent":"onLanguage:blade"}
[2021-06-11 07:29:33.927] [exthost] [info] ExtensionService#loadCommonJSModule file:///root/.vscode/extensions/onecentlin.laravel-blade-1.25.0/out/extension
[2021-06-11 07:29:33.968] [exthost] [info] ExtensionService#_doActivateExtension vscode.debug-auto-launch {"startup":true,"extensionId":{"value":"vscode.debug-auto-launch","_lower":"vscode.debug-auto-launch"},"activationEvent":"*"}
[2021-06-11 07:29:33.968] [exthost] [info] ExtensionService#loadCommonJSModule file:///snap/code/65/usr/share/code/resources/app/extensions/debug-auto-launch/dist/extension
[2021-06-11 07:29:33.990] [exthost] [info] ExtensionService#_doActivateExtension vscode.git {"startup":true,"extensionId":{"value":"vscode.github","_lower":"vscode.github"},"activationEvent":"*"}
[2021-06-11 07:29:33.991] [exthost] [info] ExtensionService#loadCommonJSModule file:///snap/code/65/usr/share/code/resources/app/extensions/git/dist/main
[2021-06-11 07:29:34.036] [exthost] [info] ExtensionService#_doActivateExtension humy2833.ftp-simple {"startup":true,"extensionId":{"value":"humy2833.ftp-simple","_lower":"humy2833.ftp-simple"},"activationEvent":"*"}
[2021-06-11 07:29:34.036] [exthost] [info] ExtensionService#loadCommonJSModule file:///root/.vscode/extensions/humy2833.ftp-simple-0.7.6/extension
[2021-06-11 07:29:35.713] [exthost] [info] ExtensionService#_doActivateExtension vscode.github {"startup":true,"extensionId":{"value":"vscode.github","_lower":"vscode.github"},"activationEvent":"*"}
[2021-06-11 07:29:35.714] [exthost] [info] ExtensionService#loadCommonJSModule file:///snap/code/65/usr/share/code/resources/app/extensions/github/dist/extension.js
[2021-06-11 07:29:36.032] [exthost] [warning] [Decorations] CAPPING events from decorations provider vscode.git 3911
[2021-06-11 07:29:38.750] [exthost] [info] eager extensions activated
[2021-06-11 07:29:39.383] [exthost] [info] ExtensionService#_doActivateExtension ms-vscode.js-debug {"startup":false,"extensionId":{"value":"ms-vscode.js-debug","_lower":"ms-vscode.js-debug"},"activationEvent":"onCommand:extension.js-debug.clearAutoAttachVariables"}
[2021-06-11 07:29:39.383] [exthost] [info] ExtensionService#loadCommonJSModule file:///snap/code/65/usr/share/code/resources/app/extensions/ms-vscode.js-debug/src/extension.js
[2021-06-11 07:29:39.765] [exthost] [info] ExtensionService#_doActivateExtension vscode.emmet {"startup":false,"extensionId":{"value":"vscode.emmet","_lower":"vscode.emmet"},"activationEvent":"onStartupFinished"}
[2021-06-11 07:29:39.783] [exthost] [info] ExtensionService#loadCommonJSModule file:///snap/code/65/usr/share/code/resources/app/extensions/emmet/dist/node/emmetNodeMain
[2021-06-11 07:29:39.831] [exthost] [info] ExtensionService#_doActivateExtension vscode.merge-conflict {"startup":false,"extensionId":{"value":"vscode.merge-conflict","_lower":"vscode.merge-conflict"},"activationEvent":"onStartupFinished"}
[2021-06-11 07:29:39.837] [exthost] [info] ExtensionService#loadCommonJSModule file:///snap/code/65/usr/share/code/resources/app/extensions/merge-conflict/dist/mergeConflictMain
[2021-06-11 07:29:39.846] [exthost] [info] ExtensionService#_doActivateExtension vscode.testing-editor-contributions {"startup":false,"extensionId":{"value":"vscode.testing-editor-contributions","_lower":"vscode.testing-editor-contributions"},"activationEvent":"onStartupFinished"}
[2021-06-11 07:29:39.857] [exthost] [info] ExtensionService#loadCommonJSModule file:///snap/code/65/usr/share/code/resources/app/extensions/testing-editor-contributions/dist/extension.js
[2021-06-11 07:29:40.417] [exthost] [info] ExtensionService#_doActivateExtension vscode.github-authentication {"startup":false,"extensionId":{"value":"vscode.github-authentication","_lower":"vscode.github-authentication"},"activationEvent":"onAuthenticationRequest:github"}
[2021-06-11 07:29:40.417] [exthost] [info] ExtensionService#loadCommonJSModule file:///snap/code/65/usr/share/code/resources/app/extensions/github-authentication/dist/extension.js
[2021-06-11 07:37:47.366] [exthost] [warning] [Decorations] CAPPING events from decorations provider vscode.git 3913
[2021-06-11 07:37:52.509] [exthost] [warning] [Decorations] CAPPING events from decorations provider vscode.git 3900
[2021-06-11 07:38:03.855] [exthost] [warning] [Decorations] CAPPING events from decorations provider vscode.git 3900
[2021-06-11 07:43:07.005] [exthost] [warning] [Decorations] CAPPING events from decorations provider vscode.git 3900
[2021-06-11 07:43:08.867] [exthost] [info] ExtensionService#_doActivateExtension vscode.php-language-features {"startup":false,"extensionId":{"value":"vscode.php-language-features","_lower":"vscode.php-language-features"},"activationEvent":"onLanguage:php"}
[2021-06-11 07:43:08.867] [exthost] [info] ExtensionService#loadCommonJSModule file:///snap/code/65/usr/share/code/resources/app/extensions/php-language-features/dist/phpMain
[2021-06-11 07:43:13.666] [exthost] [warning] [Decorations] CAPPING events from decorations provider vscode.git 3900
[2021-06-11 07:49:14.730] [exthost] [warning] [Decorations] CAPPING events from decorations provider vscode.git 3900
