[2021-06-28 13:31:41.407] [exthost] [info] extension host started
[2021-06-28 13:31:41.588] [exthost] [info] ExtensionService#_doActivateExtension vscode.microsoft-authentication {"startup":false,"extensionId":{"value":"vscode.microsoft-authentication","_lower":"vscode.microsoft-authentication"},"activationEvent":"onAuthenticationRequest:microsoft"}
[2021-06-28 13:31:41.598] [exthost] [info] ExtensionService#loadCommonJSModule file:///snap/code/67/usr/share/code/resources/app/extensions/microsoft-authentication/dist/extension.js
[2021-06-28 13:31:41.660] [exthost] [info] ExtensionService#_doActivateExtension vscode.debug-auto-launch {"startup":true,"extensionId":{"value":"vscode.debug-auto-launch","_lower":"vscode.debug-auto-launch"},"activationEvent":"*"}
[2021-06-28 13:31:41.660] [exthost] [info] ExtensionService#loadCommonJSModule file:///snap/code/67/usr/share/code/resources/app/extensions/debug-auto-launch/dist/extension
[2021-06-28 13:31:41.666] [exthost] [info] ExtensionService#_doActivateExtension vscode.git {"startup":true,"extensionId":{"value":"vscode.github","_lower":"vscode.github"},"activationEvent":"*"}
[2021-06-28 13:31:41.666] [exthost] [info] ExtensionService#loadCommonJSModule file:///snap/code/67/usr/share/code/resources/app/extensions/git/dist/main
[2021-06-28 13:31:41.749] [exthost] [info] ExtensionService#_doActivateExtension vscode.npm {"startup":true,"extensionId":{"value":"vscode.npm","_lower":"vscode.npm"},"activationEvent":"workspaceContains:package.json"}
[2021-06-28 13:31:41.749] [exthost] [info] ExtensionService#loadCommonJSModule file:///snap/code/67/usr/share/code/resources/app/extensions/npm/dist/npmMain
[2021-06-28 13:31:41.867] [exthost] [info] ExtensionService#_doActivateExtension vscode.configuration-editing {"startup":false,"extensionId":{"value":"vscode.configuration-editing","_lower":"vscode.configuration-editing"},"activationEvent":"onLanguage:json"}
[2021-06-28 13:31:41.867] [exthost] [info] ExtensionService#loadCommonJSModule file:///snap/code/67/usr/share/code/resources/app/extensions/configuration-editing/dist/configurationEditingMain
[2021-06-28 13:31:41.874] [exthost] [info] ExtensionService#_doActivateExtension vscode.extension-editing {"startup":false,"extensionId":{"value":"vscode.extension-editing","_lower":"vscode.extension-editing"},"activationEvent":"onLanguage:json"}
[2021-06-28 13:31:41.875] [exthost] [info] ExtensionService#loadCommonJSModule file:///snap/code/67/usr/share/code/resources/app/extensions/extension-editing/dist/extensionEditingMain
[2021-06-28 13:31:41.906] [exthost] [info] ExtensionService#_doActivateExtension vscode.json-language-features {"startup":false,"extensionId":{"value":"vscode.json-language-features","_lower":"vscode.json-language-features"},"activationEvent":"onLanguage:json"}
[2021-06-28 13:31:41.907] [exthost] [info] ExtensionService#loadCommonJSModule file:///snap/code/67/usr/share/code/resources/app/extensions/json-language-features/client/dist/node/jsonClientMain
[2021-06-28 13:31:41.977] [exthost] [info] ExtensionService#_doActivateExtension vscode.typescript-language-features {"startup":false,"extensionId":{"value":"vscode.typescript-language-features","_lower":"vscode.typescript-language-features"},"activationEvent":"onLanguage:javascript"}
[2021-06-28 13:31:41.977] [exthost] [info] ExtensionService#loadCommonJSModule file:///snap/code/67/usr/share/code/resources/app/extensions/typescript-language-features/dist/extension
[2021-06-28 13:31:43.103] [exthost] [info] ExtensionService#_doActivateExtension vscode.github {"startup":true,"extensionId":{"value":"vscode.github","_lower":"vscode.github"},"activationEvent":"*"}
[2021-06-28 13:31:43.103] [exthost] [info] ExtensionService#loadCommonJSModule file:///snap/code/67/usr/share/code/resources/app/extensions/github/dist/extension.js
[2021-06-28 13:31:43.344] [exthost] [info] eager extensions activated
[2021-06-28 13:31:43.515] [exthost] [info] ExtensionService#_doActivateExtension ms-vscode.js-debug {"startup":false,"extensionId":{"value":"ms-vscode.js-debug","_lower":"ms-vscode.js-debug"},"activationEvent":"onCommand:extension.js-debug.clearAutoAttachVariables"}
[2021-06-28 13:31:43.515] [exthost] [info] ExtensionService#loadCommonJSModule file:///snap/code/67/usr/share/code/resources/app/extensions/ms-vscode.js-debug/src/extension.js
[2021-06-28 13:31:43.961] [exthost] [info] ExtensionService#_doActivateExtension vscode.emmet {"startup":false,"extensionId":{"value":"vscode.emmet","_lower":"vscode.emmet"},"activationEvent":"onStartupFinished"}
[2021-06-28 13:31:43.961] [exthost] [info] ExtensionService#loadCommonJSModule file:///snap/code/67/usr/share/code/resources/app/extensions/emmet/dist/node/emmetNodeMain
[2021-06-28 13:31:43.979] [exthost] [info] ExtensionService#_doActivateExtension vscode.merge-conflict {"startup":false,"extensionId":{"value":"vscode.merge-conflict","_lower":"vscode.merge-conflict"},"activationEvent":"onStartupFinished"}
[2021-06-28 13:31:43.979] [exthost] [info] ExtensionService#loadCommonJSModule file:///snap/code/67/usr/share/code/resources/app/extensions/merge-conflict/dist/mergeConflictMain
[2021-06-28 13:31:43.996] [exthost] [info] ExtensionService#_doActivateExtension vscode.testing-editor-contributions {"startup":false,"extensionId":{"value":"vscode.testing-editor-contributions","_lower":"vscode.testing-editor-contributions"},"activationEvent":"onStartupFinished"}
[2021-06-28 13:31:43.997] [exthost] [info] ExtensionService#loadCommonJSModule file:///snap/code/67/usr/share/code/resources/app/extensions/testing-editor-contributions/dist/extension.js
[2021-06-28 13:31:44.465] [exthost] [info] ExtensionService#_doActivateExtension vscode.github-authentication {"startup":false,"extensionId":{"value":"vscode.github-authentication","_lower":"vscode.github-authentication"},"activationEvent":"onAuthenticationRequest:github"}
[2021-06-28 13:31:44.465] [exthost] [info] ExtensionService#loadCommonJSModule file:///snap/code/67/usr/share/code/resources/app/extensions/github-authentication/dist/extension.js
[2021-06-28 13:31:44.493] [exthost] [info] ExtensionService#_doActivateExtension humy2833.ftp-simple {"startup":false,"extensionId":{"value":"humy2833.ftp-simple","_lower":"humy2833.ftp-simple"},"activationEvent":"*"}
[2021-06-28 13:31:44.493] [exthost] [info] ExtensionService#loadCommonJSModule file:///root/.vscode/extensions/humy2833.ftp-simple-0.7.6/extension
[2021-06-28 13:31:58.817] [exthost] [info] ExtensionService#_doActivateExtension onecentlin.laravel-blade {"startup":false,"extensionId":{"value":"onecentlin.laravel-blade","_lower":"onecentlin.laravel-blade"},"activationEvent":"onLanguage:blade"}
[2021-06-28 13:31:58.817] [exthost] [info] ExtensionService#loadCommonJSModule file:///root/.vscode/extensions/onecentlin.laravel-blade-1.25.0/out/extension
[2021-06-28 15:18:17.477] [exthost] [info] extension host terminating: renderer closed the socket
[2021-06-28 15:18:18.498] [exthost] [info] exiting with code 0
