Looking for git in: git
Using git 2.25.1 from git
> git rev-parse --git-dir
Open repository: /opt/lampp/htdocs/Fundme
> git status -z -u
> git symbolic-ref --short HEAD
> git check-ignore -v -z --stdin
> git for-each-ref --format=%(refname)%00%(upstream:short)%00%(objectname)%00%(upstream:track) refs/heads/master refs/remotes/master
> git for-each-ref --sort -committerdate --format %(refname) %(objectname) %(*objectname)
> git remote --verbose
> git config --get commit.template
> git show --textconv :composer.json
> git ls-files --stage -- /opt/lampp/htdocs/Fundme/composer.json
> git cat-file -s b9a740d784341d7ce7a15112ddba045b78b8db29
> git status -z -u
> git ls-files --stage -- /opt/lampp/htdocs/Fundme/composer.json
> git symbolic-ref --short HEAD
> git cat-file -s b9a740d784341d7ce7a15112ddba045b78b8db29
> git for-each-ref --format=%(refname)%00%(upstream:short)%00%(objectname)%00%(upstream:track) refs/heads/master refs/remotes/master
> git for-each-ref --sort -committerdate --format %(refname) %(objectname) %(*objectname)
> git remote --verbose
> git show --textconv :composer.json
> git config --get commit.template
