[2021-06-08 21:08:52.399] [exthost] [info] extension host started
[2021-06-08 21:08:53.400] [exthost] [info] ExtensionService#_doActivateExtension vscode.microsoft-authentication {"startup":false,"extensionId":{"value":"vscode.microsoft-authentication","_lower":"vscode.microsoft-authentication"},"activationEvent":"onAuthenticationRequest:microsoft"}
[2021-06-08 21:08:53.400] [exthost] [info] ExtensionService#loadCommonJSModule file:///snap/code/65/usr/share/code/resources/app/extensions/microsoft-authentication/dist/extension.js
[2021-06-08 21:08:53.458] [exthost] [info] ExtensionService#_doActivateExtension vscode.php-language-features {"startup":false,"extensionId":{"value":"vscode.php-language-features","_lower":"vscode.php-language-features"},"activationEvent":"onLanguage:php"}
[2021-06-08 21:08:53.458] [exthost] [info] ExtensionService#loadCommonJSModule file:///snap/code/65/usr/share/code/resources/app/extensions/php-language-features/dist/phpMain
[2021-06-08 21:08:53.503] [exthost] [info] ExtensionService#_doActivateExtension vscode.debug-auto-launch {"startup":true,"extensionId":{"value":"vscode.debug-auto-launch","_lower":"vscode.debug-auto-launch"},"activationEvent":"*"}
[2021-06-08 21:08:53.503] [exthost] [info] ExtensionService#loadCommonJSModule file:///snap/code/65/usr/share/code/resources/app/extensions/debug-auto-launch/dist/extension
[2021-06-08 21:08:53.512] [exthost] [info] ExtensionService#_doActivateExtension vscode.git {"startup":true,"extensionId":{"value":"vscode.github","_lower":"vscode.github"},"activationEvent":"*"}
[2021-06-08 21:08:53.512] [exthost] [info] ExtensionService#loadCommonJSModule file:///snap/code/65/usr/share/code/resources/app/extensions/git/dist/main
[2021-06-08 21:08:53.558] [exthost] [info] ExtensionService#_doActivateExtension humy2833.ftp-simple {"startup":true,"extensionId":{"value":"humy2833.ftp-simple","_lower":"humy2833.ftp-simple"},"activationEvent":"*"}
[2021-06-08 21:08:53.558] [exthost] [info] ExtensionService#loadCommonJSModule file:///root/.vscode/extensions/humy2833.ftp-simple-0.7.6/extension
[2021-06-08 21:08:54.982] [exthost] [info] ExtensionService#_doActivateExtension vscode.github {"startup":true,"extensionId":{"value":"vscode.github","_lower":"vscode.github"},"activationEvent":"*"}
[2021-06-08 21:08:54.982] [exthost] [info] ExtensionService#loadCommonJSModule file:///snap/code/65/usr/share/code/resources/app/extensions/github/dist/extension.js
[2021-06-08 21:08:55.103] [exthost] [info] eager extensions activated
[2021-06-08 21:08:55.323] [exthost] [warning] [Decorations] CAPPING events from decorations provider vscode.git 3912
[2021-06-08 21:08:57.468] [exthost] [info] ExtensionService#_doActivateExtension ms-vscode.js-debug {"startup":false,"extensionId":{"value":"ms-vscode.js-debug","_lower":"ms-vscode.js-debug"},"activationEvent":"onCommand:extension.js-debug.clearAutoAttachVariables"}
[2021-06-08 21:08:57.473] [exthost] [info] ExtensionService#loadCommonJSModule file:///snap/code/65/usr/share/code/resources/app/extensions/ms-vscode.js-debug/src/extension.js
[2021-06-08 21:08:57.871] [exthost] [info] ExtensionService#_doActivateExtension vscode.emmet {"startup":false,"extensionId":{"value":"vscode.emmet","_lower":"vscode.emmet"},"activationEvent":"onStartupFinished"}
[2021-06-08 21:08:57.871] [exthost] [info] ExtensionService#loadCommonJSModule file:///snap/code/65/usr/share/code/resources/app/extensions/emmet/dist/node/emmetNodeMain
[2021-06-08 21:08:57.884] [exthost] [info] ExtensionService#_doActivateExtension vscode.merge-conflict {"startup":false,"extensionId":{"value":"vscode.merge-conflict","_lower":"vscode.merge-conflict"},"activationEvent":"onStartupFinished"}
[2021-06-08 21:08:57.884] [exthost] [info] ExtensionService#loadCommonJSModule file:///snap/code/65/usr/share/code/resources/app/extensions/merge-conflict/dist/mergeConflictMain
[2021-06-08 21:08:57.887] [exthost] [info] ExtensionService#_doActivateExtension vscode.testing-editor-contributions {"startup":false,"extensionId":{"value":"vscode.testing-editor-contributions","_lower":"vscode.testing-editor-contributions"},"activationEvent":"onStartupFinished"}
[2021-06-08 21:08:57.887] [exthost] [info] ExtensionService#loadCommonJSModule file:///snap/code/65/usr/share/code/resources/app/extensions/testing-editor-contributions/dist/extension.js
[2021-06-08 21:08:58.399] [exthost] [info] ExtensionService#_doActivateExtension vscode.github-authentication {"startup":false,"extensionId":{"value":"vscode.github-authentication","_lower":"vscode.github-authentication"},"activationEvent":"onAuthenticationRequest:github"}
[2021-06-08 21:08:58.399] [exthost] [info] ExtensionService#loadCommonJSModule file:///snap/code/65/usr/share/code/resources/app/extensions/github-authentication/dist/extension.js
[2021-06-08 21:53:54.744] [exthost] [warning] [Decorations] CAPPING events from decorations provider vscode.git 3913
[2021-06-08 21:56:40.460] [exthost] [warning] [Decorations] CAPPING events from decorations provider vscode.git 3900
[2021-06-08 21:56:45.567] [exthost] [warning] [Decorations] CAPPING events from decorations provider vscode.git 3900
[2021-06-08 21:56:59.183] [exthost] [warning] [Decorations] CAPPING events from decorations provider vscode.git 3900
[2021-06-08 21:58:41.613] [exthost] [warning] [Decorations] CAPPING events from decorations provider vscode.git 3900
[2021-06-08 21:58:58.199] [exthost] [warning] [Decorations] CAPPING events from decorations provider vscode.git 3900
[2021-06-08 21:59:03.310] [exthost] [warning] [Decorations] CAPPING events from decorations provider vscode.git 3900
[2021-06-08 21:59:09.583] [exthost] [warning] [Decorations] CAPPING events from decorations provider vscode.git 3900
[2021-06-08 21:59:15.094] [exthost] [warning] [Decorations] CAPPING events from decorations provider vscode.git 3900
[2021-06-08 22:01:18.507] [exthost] [warning] [Decorations] CAPPING events from decorations provider vscode.git 3900
[2021-06-08 22:01:23.647] [exthost] [warning] [Decorations] CAPPING events from decorations provider vscode.git 3900
[2021-06-08 22:03:34.020] [exthost] [warning] [Decorations] CAPPING events from decorations provider vscode.git 3900
[2021-06-08 22:03:41.263] [exthost] [warning] [Decorations] CAPPING events from decorations provider vscode.git 3900
[2021-06-08 22:03:46.407] [exthost] [warning] [Decorations] CAPPING events from decorations provider vscode.git 3900
[2021-06-08 22:19:52.100] [exthost] [warning] [Decorations] CAPPING events from decorations provider vscode.git 3900
[2021-06-08 22:20:00.684] [exthost] [warning] [Decorations] CAPPING events from decorations provider vscode.git 3900
[2021-06-08 22:20:59.674] [exthost] [warning] [Decorations] CAPPING events from decorations provider vscode.git 3900
[2021-06-08 22:23:08.783] [exthost] [warning] [Decorations] CAPPING events from decorations provider vscode.git 3900
[2021-06-08 22:23:13.895] [exthost] [warning] [Decorations] CAPPING events from decorations provider vscode.git 3900
[2021-06-08 22:23:19.051] [exthost] [warning] [Decorations] CAPPING events from decorations provider vscode.git 3900
[2021-06-08 22:23:24.176] [exthost] [warning] [Decorations] CAPPING events from decorations provider vscode.git 3900
[2021-06-08 22:23:45.151] [exthost] [warning] [Decorations] CAPPING events from decorations provider vscode.git 3900
[2021-06-08 22:27:37.810] [exthost] [warning] [Decorations] CAPPING events from decorations provider vscode.git 3900
[2021-06-08 22:27:42.961] [exthost] [warning] [Decorations] CAPPING events from decorations provider vscode.git 3900
[2021-06-08 22:27:54.092] [exthost] [warning] [Decorations] CAPPING events from decorations provider vscode.git 3900
[2021-06-08 22:28:08.867] [exthost] [warning] [Decorations] CAPPING events from decorations provider vscode.git 3900
[2021-06-08 22:28:14.018] [exthost] [warning] [Decorations] CAPPING events from decorations provider vscode.git 3900
[2021-06-08 22:28:19.221] [exthost] [warning] [Decorations] CAPPING events from decorations provider vscode.git 3900
[2021-06-08 22:28:28.149] [exthost] [warning] [Decorations] CAPPING events from decorations provider vscode.git 3900
[2021-06-08 22:29:51.511] [exthost] [warning] [Decorations] CAPPING events from decorations provider vscode.git 3900
[2021-06-08 22:30:01.474] [exthost] [warning] [Decorations] CAPPING events from decorations provider vscode.git 3900
[2021-06-08 22:31:33.029] [exthost] [warning] [Decorations] CAPPING events from decorations provider vscode.git 3900
[2021-06-08 22:31:38.168] [exthost] [warning] [Decorations] CAPPING events from decorations provider vscode.git 3900
[2021-06-08 22:31:43.284] [exthost] [warning] [Decorations] CAPPING events from decorations provider vscode.git 3900
[2021-06-08 22:33:15.798] [exthost] [warning] [Decorations] CAPPING events from decorations provider vscode.git 3900
[2021-06-08 22:33:19.075] [exthost] [info] ExtensionService#_doActivateExtension onecentlin.laravel-blade {"startup":false,"extensionId":{"value":"onecentlin.laravel-blade","_lower":"onecentlin.laravel-blade"},"activationEvent":"onLanguage:blade"}
[2021-06-08 22:33:19.075] [exthost] [info] ExtensionService#loadCommonJSModule file:///root/.vscode/extensions/onecentlin.laravel-blade-1.25.0/out/extension
[2021-06-08 22:33:20.957] [exthost] [warning] [Decorations] CAPPING events from decorations provider vscode.git 3901
[2021-06-08 22:33:43.884] [exthost] [warning] [Decorations] CAPPING events from decorations provider vscode.git 3901
[2021-06-08 22:39:05.896] [exthost] [warning] [Decorations] CAPPING events from decorations provider vscode.git 3901
[2021-06-08 22:39:11.041] [exthost] [warning] [Decorations] CAPPING events from decorations provider vscode.git 3901
[2021-06-08 22:41:55.132] [exthost] [warning] [Decorations] CAPPING events from decorations provider vscode.git 3901
[2021-06-09 07:36:18.851] [exthost] [warning] [Decorations] CAPPING events from decorations provider vscode.git 3901
[2021-06-09 07:36:23.965] [exthost] [warning] [Decorations] CAPPING events from decorations provider vscode.git 3901
[2021-06-09 07:37:12.042] [exthost] [warning] [Decorations] CAPPING events from decorations provider vscode.git 3901
[2021-06-09 07:37:17.156] [exthost] [warning] [Decorations] CAPPING events from decorations provider vscode.git 3901
[2021-06-09 07:38:02.044] [exthost] [warning] [Decorations] CAPPING events from decorations provider vscode.git 3901
[2021-06-09 07:41:03.957] [exthost] [warning] [Decorations] CAPPING events from decorations provider vscode.git 3901
[2021-06-09 07:41:43.108] [exthost] [warning] [Decorations] CAPPING events from decorations provider vscode.git 3901
[2021-06-09 07:41:50.174] [exthost] [warning] [Decorations] CAPPING events from decorations provider vscode.git 3901
[2021-06-09 07:42:06.629] [exthost] [warning] [Decorations] CAPPING events from decorations provider vscode.git 3901
[2021-06-09 07:44:01.945] [exthost] [warning] [Decorations] CAPPING events from decorations provider vscode.git 3901
[2021-06-09 07:57:21.650] [exthost] [warning] [Decorations] CAPPING events from decorations provider vscode.git 3901
[2021-06-09 07:57:26.775] [exthost] [warning] [Decorations] CAPPING events from decorations provider vscode.git 3901
[2021-06-09 07:57:31.901] [exthost] [warning] [Decorations] CAPPING events from decorations provider vscode.git 3901
[2021-06-09 07:57:48.475] [exthost] [warning] [Decorations] CAPPING events from decorations provider vscode.git 3901
[2021-06-09 07:58:03.098] [exthost] [warning] [Decorations] CAPPING events from decorations provider vscode.git 3901
[2021-06-09 07:58:17.233] [exthost] [warning] [Decorations] CAPPING events from decorations provider vscode.git 3901
[2021-06-09 08:04:04.204] [exthost] [warning] [Decorations] CAPPING events from decorations provider vscode.git 3901
[2021-06-09 08:04:09.350] [exthost] [warning] [Decorations] CAPPING events from decorations provider vscode.git 3901
[2021-06-09 08:04:14.469] [exthost] [warning] [Decorations] CAPPING events from decorations provider vscode.git 3901
[2021-06-09 08:05:45.916] [exthost] [warning] [Decorations] CAPPING events from decorations provider vscode.git 3901
[2021-06-09 08:05:51.093] [exthost] [warning] [Decorations] CAPPING events from decorations provider vscode.git 3901
[2021-06-09 08:06:33.871] [exthost] [warning] [Decorations] CAPPING events from decorations provider vscode.git 3901
[2021-06-09 08:06:39.007] [exthost] [warning] [Decorations] CAPPING events from decorations provider vscode.git 3901
[2021-06-09 08:06:52.864] [exthost] [warning] [Decorations] CAPPING events from decorations provider vscode.git 3901
[2021-06-09 08:07:20.066] [exthost] [warning] [Decorations] CAPPING events from decorations provider vscode.git 3901
[2021-06-09 08:08:11.225] [exthost] [warning] [Decorations] CAPPING events from decorations provider vscode.git 3901
[2021-06-09 08:08:16.339] [exthost] [warning] [Decorations] CAPPING events from decorations provider vscode.git 3901
[2021-06-09 08:08:21.450] [exthost] [warning] [Decorations] CAPPING events from decorations provider vscode.git 3901
[2021-06-09 11:54:31.596] [exthost] [warning] [Decorations] CAPPING events from decorations provider vscode.git 3901
[2021-06-09 11:54:36.724] [exthost] [warning] [Decorations] CAPPING events from decorations provider vscode.git 3901
[2021-06-09 12:53:37.178] [exthost] [info] extension host terminating: received terminate message from renderer
[2021-06-09 12:53:38.255] [exthost] [info] exiting with code 0
