Looking for git in: git
Using git 2.25.1 from git
> git rev-parse --git-dir
Open repository: /opt/lampp/htdocs/Fundme
> git status -z -u
> git symbolic-ref --short HEAD
> git for-each-ref --format=%(refname)%00%(upstream:short)%00%(objectname)%00%(upstream:track) refs/heads/master refs/remotes/master
> git for-each-ref --sort -committerdate --format %(refname) %(objectname) %(*objectname)
> git remote --verbose
> git config --get commit.template
> git show --textconv :Script/app/Http/Controllers/PayPalController.php
> git ls-files --stage -- /opt/lampp/htdocs/Fundme/Script/app/Http/Controllers/PayPalController.php
> git cat-file -s 9cbade63a6f52d67309d0bbd9b590fb184f62954
> git check-ignore -v -z --stdin
> git check-ignore -v -z --stdin
> git check-ignore -v -z --stdin
> git check-ignore -v -z --stdin
> git check-ignore -v -z --stdin
> git show --textconv :Script/resources/views/users/withdrawals.blade.php
> git ls-files --stage -- /opt/lampp/htdocs/Fundme/Script/resources/views/users/withdrawals.blade.php
> git cat-file -s 034dbc7a15e737cf7fdfda38e24234b52e8ad7ee
> git show --textconv :Script/resources/views/users/withdrawals-configure.blade.php
> git ls-files --stage -- /opt/lampp/htdocs/Fundme/Script/resources/views/users/withdrawals-configure.blade.php
> git cat-file -s d8fe76c964ca027d4c9fe8653332eb3ba824f163
