[2021-04-29 10:24:33.736] [exthost] [info] extension host started
[2021-04-29 10:24:34.597] [exthost] [info] ExtensionService#_doActivateExtension vscode.microsoft-authentication {"startup":false,"extensionId":{"value":"vscode.microsoft-authentication","_lower":"vscode.microsoft-authentication"},"activationEvent":"onAuthenticationRequest:microsoft"}
[2021-04-29 10:24:34.598] [exthost] [info] ExtensionService#loadCommonJSModule file:///snap/code/62/usr/share/code/resources/app/extensions/microsoft-authentication/dist/extension.js
[2021-04-29 10:24:34.620] [exthost] [info] ExtensionService#_doActivateExtension vscode.debug-auto-launch {"startup":true,"extensionId":{"value":"vscode.debug-auto-launch","_lower":"vscode.debug-auto-launch"},"activationEvent":"*"}
[2021-04-29 10:24:34.620] [exthost] [info] ExtensionService#loadCommonJSModule file:///snap/code/62/usr/share/code/resources/app/extensions/debug-auto-launch/dist/extension
[2021-04-29 10:24:34.624] [exthost] [info] ExtensionService#_doActivateExtension vscode.git {"startup":true,"extensionId":{"value":"vscode.github","_lower":"vscode.github"},"activationEvent":"*"}
[2021-04-29 10:24:34.624] [exthost] [info] ExtensionService#loadCommonJSModule file:///snap/code/62/usr/share/code/resources/app/extensions/git/dist/main
[2021-04-29 10:24:34.661] [exthost] [info] ExtensionService#_doActivateExtension humy2833.ftp-simple {"startup":true,"extensionId":{"value":"humy2833.ftp-simple","_lower":"humy2833.ftp-simple"},"activationEvent":"*"}
[2021-04-29 10:24:34.661] [exthost] [info] ExtensionService#loadCommonJSModule file:///root/.vscode/extensions/humy2833.ftp-simple-0.7.6/extension
[2021-04-29 10:24:35.518] [exthost] [info] ExtensionService#_doActivateExtension vscode.github {"startup":true,"extensionId":{"value":"vscode.github","_lower":"vscode.github"},"activationEvent":"*"}
[2021-04-29 10:24:35.518] [exthost] [info] ExtensionService#loadCommonJSModule file:///snap/code/62/usr/share/code/resources/app/extensions/github/dist/extension.js
[2021-04-29 10:24:35.546] [exthost] [info] eager extensions activated
[2021-04-29 10:24:35.663] [exthost] [info] ExtensionService#_doActivateExtension ms-vscode.js-debug {"startup":false,"extensionId":{"value":"ms-vscode.js-debug","_lower":"ms-vscode.js-debug"},"activationEvent":"onCommand:extension.js-debug.clearAutoAttachVariables"}
[2021-04-29 10:24:35.664] [exthost] [info] ExtensionService#loadCommonJSModule file:///snap/code/62/usr/share/code/resources/app/extensions/ms-vscode.js-debug/src/extension.js
[2021-04-29 10:24:36.002] [exthost] [info] ExtensionService#_doActivateExtension vscode.emmet {"startup":false,"extensionId":{"value":"vscode.emmet","_lower":"vscode.emmet"},"activationEvent":"onStartupFinished"}
[2021-04-29 10:24:36.002] [exthost] [info] ExtensionService#loadCommonJSModule file:///snap/code/62/usr/share/code/resources/app/extensions/emmet/dist/node/emmetNodeMain
[2021-04-29 10:24:36.014] [exthost] [info] ExtensionService#_doActivateExtension vscode.merge-conflict {"startup":false,"extensionId":{"value":"vscode.merge-conflict","_lower":"vscode.merge-conflict"},"activationEvent":"onStartupFinished"}
[2021-04-29 10:24:36.014] [exthost] [info] ExtensionService#loadCommonJSModule file:///snap/code/62/usr/share/code/resources/app/extensions/merge-conflict/dist/mergeConflictMain
[2021-04-29 10:24:36.030] [exthost] [info] ExtensionService#_doActivateExtension vscode.testing-editor-contributions {"startup":false,"extensionId":{"value":"vscode.testing-editor-contributions","_lower":"vscode.testing-editor-contributions"},"activationEvent":"onStartupFinished"}
[2021-04-29 10:24:36.030] [exthost] [info] ExtensionService#loadCommonJSModule file:///snap/code/62/usr/share/code/resources/app/extensions/testing-editor-contributions/dist/extension.js
[2021-04-29 10:24:36.119] [exthost] [info] ExtensionService#_doActivateExtension vscode.github-authentication {"startup":false,"extensionId":{"value":"vscode.github-authentication","_lower":"vscode.github-authentication"},"activationEvent":"onAuthenticationRequest:github"}
[2021-04-29 10:24:36.119] [exthost] [info] ExtensionService#loadCommonJSModule file:///snap/code/62/usr/share/code/resources/app/extensions/github-authentication/dist/extension.js
[2021-04-29 10:24:36.613] [exthost] [warning] [Decorations] CAPPING events from decorations provider vscode.git 4189
[2021-04-29 10:25:50.908] [exthost] [warning] [Decorations] CAPPING events from decorations provider vscode.git 4190
[2021-04-29 11:45:10.598] [exthost] [warning] [Decorations] CAPPING events from decorations provider vscode.git 4192
[2021-04-29 12:05:05.730] [exthost] [warning] [Decorations] CAPPING events from decorations provider vscode.git 4195
[2021-04-29 12:06:25.261] [exthost] [warning] [Decorations] CAPPING events from decorations provider vscode.git 4196
[2021-04-29 12:14:55.354] [exthost] [warning] [Decorations] CAPPING events from decorations provider vscode.git 4195
[2021-04-29 12:23:21.898] [exthost] [warning] [Decorations] CAPPING events from decorations provider vscode.git 4196
[2021-04-29 14:01:05.819] [exthost] [warning] [Decorations] CAPPING events from decorations provider vscode.git 4208
[2021-04-29 14:01:11.045] [exthost] [warning] [Decorations] CAPPING events from decorations provider vscode.git 4206
[2021-04-29 14:02:26.167] [exthost] [info] ExtensionService#_doActivateExtension onecentlin.laravel-blade {"startup":false,"extensionId":{"value":"onecentlin.laravel-blade","_lower":"onecentlin.laravel-blade"},"activationEvent":"onLanguage:blade"}
[2021-04-29 14:02:26.167] [exthost] [info] ExtensionService#loadCommonJSModule file:///root/.vscode/extensions/onecentlin.laravel-blade-1.25.0/out/extension
[2021-04-29 14:05:01.092] [exthost] [warning] [Decorations] CAPPING events from decorations provider vscode.git 4207
[2021-04-29 14:05:06.324] [exthost] [warning] [Decorations] CAPPING events from decorations provider vscode.git 4207
[2021-04-29 14:06:27.324] [exthost] [info] ExtensionService#_doActivateExtension vscode.html-language-features {"startup":false,"extensionId":{"value":"vscode.html-language-features","_lower":"vscode.html-language-features"},"activationEvent":"onLanguage:html"}
[2021-04-29 14:06:27.324] [exthost] [info] ExtensionService#loadCommonJSModule file:///snap/code/62/usr/share/code/resources/app/extensions/html-language-features/client/dist/node/htmlClientMain
[2021-04-29 14:06:30.959] [exthost] [warning] [Decorations] CAPPING events from decorations provider vscode.git 4207
[2021-04-29 14:06:36.245] [exthost] [warning] [Decorations] CAPPING events from decorations provider vscode.git 4207
[2021-04-29 14:06:41.500] [exthost] [warning] [Decorations] CAPPING events from decorations provider vscode.git 4207
[2021-04-29 14:06:56.845] [exthost] [warning] [Decorations] CAPPING events from decorations provider vscode.git 4207
[2021-04-29 14:07:02.084] [exthost] [warning] [Decorations] CAPPING events from decorations provider vscode.git 4207
[2021-04-29 14:07:07.324] [exthost] [warning] [Decorations] CAPPING events from decorations provider vscode.git 4207
[2021-04-29 14:10:56.531] [exthost] [info] ExtensionService#_doActivateExtension vscode.php-language-features {"startup":false,"extensionId":{"value":"vscode.php-language-features","_lower":"vscode.php-language-features"},"activationEvent":"onLanguage:php"}
[2021-04-29 14:10:56.531] [exthost] [info] ExtensionService#loadCommonJSModule file:///snap/code/62/usr/share/code/resources/app/extensions/php-language-features/dist/phpMain
[2021-04-29 14:25:00.971] [exthost] [warning] [Decorations] CAPPING events from decorations provider vscode.git 4207
[2021-04-29 14:25:06.170] [exthost] [warning] [Decorations] CAPPING events from decorations provider vscode.git 4207
[2021-04-29 14:25:12.938] [exthost] [warning] [Decorations] CAPPING events from decorations provider vscode.git 4207
[2021-04-29 14:25:18.942] [exthost] [warning] [Decorations] CAPPING events from decorations provider vscode.git 4207
[2021-04-29 14:25:48.800] [exthost] [warning] [Decorations] CAPPING events from decorations provider vscode.git 4207
[2021-04-29 14:25:53.961] [exthost] [warning] [Decorations] CAPPING events from decorations provider vscode.git 4207
[2021-04-29 14:37:11.805] [exthost] [warning] [Decorations] CAPPING events from decorations provider vscode.git 4207
[2021-04-29 14:37:17.020] [exthost] [warning] [Decorations] CAPPING events from decorations provider vscode.git 4207
[2021-04-29 14:42:57.330] [exthost] [warning] [Decorations] CAPPING events from decorations provider vscode.git 4207
[2021-04-29 14:49:41.120] [exthost] [warning] [Decorations] CAPPING events from decorations provider vscode.git 4209
[2021-04-29 15:00:32.109] [exthost] [warning] [Decorations] CAPPING events from decorations provider vscode.git 4225
[2021-04-29 15:00:37.231] [exthost] [warning] [Decorations] CAPPING events from decorations provider vscode.git 4225
[2021-04-29 15:01:34.783] [exthost] [warning] [Decorations] CAPPING events from decorations provider vscode.git 4225
[2021-04-29 15:01:39.975] [exthost] [warning] [Decorations] CAPPING events from decorations provider vscode.git 4225
[2021-04-29 15:02:05.592] [exthost] [warning] [Decorations] CAPPING events from decorations provider vscode.git 4225
[2021-04-29 15:02:10.748] [exthost] [warning] [Decorations] CAPPING events from decorations provider vscode.git 4225
[2021-04-29 15:03:58.926] [exthost] [warning] [Decorations] CAPPING events from decorations provider vscode.git 4226
[2021-04-29 15:04:04.043] [exthost] [warning] [Decorations] CAPPING events from decorations provider vscode.git 4226
[2021-04-29 15:04:41.666] [exthost] [warning] [Decorations] CAPPING events from decorations provider vscode.git 4226
[2021-04-29 15:05:24.522] [exthost] [warning] [Decorations] CAPPING events from decorations provider vscode.git 4226
[2021-04-29 15:05:29.684] [exthost] [warning] [Decorations] CAPPING events from decorations provider vscode.git 4226
[2021-04-29 15:05:34.809] [exthost] [warning] [Decorations] CAPPING events from decorations provider vscode.git 4226
[2021-04-29 15:05:40.876] [exthost] [warning] [Decorations] CAPPING events from decorations provider vscode.git 4226
[2021-04-29 15:05:46.030] [exthost] [warning] [Decorations] CAPPING events from decorations provider vscode.git 4226
[2021-04-29 15:05:51.186] [exthost] [warning] [Decorations] CAPPING events from decorations provider vscode.git 4226
[2021-04-29 15:05:56.347] [exthost] [warning] [Decorations] CAPPING events from decorations provider vscode.git 4226
[2021-04-29 15:06:01.512] [exthost] [warning] [Decorations] CAPPING events from decorations provider vscode.git 4226
[2021-04-29 15:06:06.666] [exthost] [warning] [Decorations] CAPPING events from decorations provider vscode.git 4226
[2021-04-29 15:07:09.981] [exthost] [warning] [Decorations] CAPPING events from decorations provider vscode.git 4227
[2021-04-29 15:07:15.131] [exthost] [warning] [Decorations] CAPPING events from decorations provider vscode.git 4226
[2021-04-29 15:09:01.480] [exthost] [warning] [Decorations] CAPPING events from decorations provider vscode.git 4226
[2021-04-29 15:09:06.619] [exthost] [warning] [Decorations] CAPPING events from decorations provider vscode.git 4226
[2021-04-29 15:09:12.168] [exthost] [warning] [Decorations] CAPPING events from decorations provider vscode.git 4226
[2021-04-29 15:09:28.614] [exthost] [warning] [Decorations] CAPPING events from decorations provider vscode.git 4226
[2021-04-29 15:09:34.602] [exthost] [warning] [Decorations] CAPPING events from decorations provider vscode.git 4226
[2021-04-29 15:10:37.540] [exthost] [warning] [Decorations] CAPPING events from decorations provider vscode.git 4227
[2021-04-29 15:10:42.688] [exthost] [warning] [Decorations] CAPPING events from decorations provider vscode.git 4226
[2021-04-29 15:10:53.157] [exthost] [warning] [Decorations] CAPPING events from decorations provider vscode.git 4226
[2021-04-29 15:11:14.591] [exthost] [warning] [Decorations] CAPPING events from decorations provider vscode.git 4226
[2021-04-29 15:11:19.730] [exthost] [warning] [Decorations] CAPPING events from decorations provider vscode.git 4226
[2021-04-29 16:00:04.402] [exthost] [warning] [Decorations] CAPPING events from decorations provider vscode.git 4228
[2021-04-29 16:06:34.474] [exthost] [warning] [Decorations] CAPPING events from decorations provider vscode.git 4801
[2021-04-29 16:07:48.052] [exthost] [warning] [Decorations] CAPPING events from decorations provider vscode.git 3514
[2021-04-29 16:07:56.518] [exthost] [warning] [Decorations] CAPPING events from decorations provider vscode.git 3504
[2021-04-29 16:08:29.873] [exthost] [warning] [Decorations] CAPPING events from decorations provider vscode.git 3504
[2021-04-29 16:08:53.595] [exthost] [warning] [Decorations] CAPPING events from decorations provider vscode.git 3504
[2021-04-29 16:10:09.785] [exthost] [warning] [Decorations] CAPPING events from decorations provider vscode.git 3504
[2021-04-29 16:10:14.968] [exthost] [warning] [Decorations] CAPPING events from decorations provider vscode.git 3504
[2021-04-29 16:12:30.175] [exthost] [warning] [Decorations] CAPPING events from decorations provider vscode.git 3504
[2021-04-29 16:12:35.374] [exthost] [warning] [Decorations] CAPPING events from decorations provider vscode.git 3504
[2021-04-29 16:23:29.692] [exthost] [warning] [Decorations] CAPPING events from decorations provider vscode.git 3504
[2021-04-29 16:26:37.589] [exthost] [warning] [Decorations] CAPPING events from decorations provider vscode.git 3504
[2021-04-29 17:22:19.672] [exthost] [warning] [Decorations] CAPPING events from decorations provider vscode.git 3504
[2021-04-29 17:22:24.831] [exthost] [warning] [Decorations] CAPPING events from decorations provider vscode.git 3504
[2021-04-29 17:28:12.920] [exthost] [warning] [Decorations] CAPPING events from decorations provider vscode.git 3504
[2021-04-29 17:28:26.116] [exthost] [warning] [Decorations] CAPPING events from decorations provider vscode.git 3504
[2021-04-29 17:28:35.299] [exthost] [warning] [Decorations] CAPPING events from decorations provider vscode.git 3504
[2021-04-29 17:29:03.273] [exthost] [warning] [Decorations] CAPPING events from decorations provider vscode.git 3504
[2021-04-29 17:29:24.148] [exthost] [warning] [Decorations] CAPPING events from decorations provider vscode.git 3504
[2021-04-29 18:03:01.014] [exthost] [info] extension host terminating: received terminate message from renderer
[2021-04-29 18:03:02.046] [exthost] [info] exiting with code 0
