Looking for git in: git
Using git 2.25.1 from git
> git rev-parse --git-dir
Open repository: /opt/lampp/htdocs/Fundme
> git status -z -u
> git symbolic-ref --short HEAD
> git for-each-ref --format=%(refname)%00%(upstream:short)%00%(objectname)%00%(upstream:track) refs/heads/master refs/remotes/master
> git for-each-ref --sort -committerdate --format %(refname) %(objectname) %(*objectname)
> git remote --verbose
> git config --get commit.template
> git check-ignore -v -z --stdin
> git show --textconv :routes/web.php
> git ls-files --stage -- /opt/lampp/htdocs/Fundme/routes/web.php
> git cat-file -s 231142fee359784bf85f6fd586abbf87b8036fb1
> git show --textconv :core/server.php
> git ls-files --stage -- /opt/lampp/htdocs/Fundme/core/server.php
> git cat-file -s 4584cbcd6ad53d355c4448fc0823febd90fb5340
> git show --textconv :index.php
> git ls-files --stage -- /opt/lampp/htdocs/Fundme/index.php
> git cat-file -s 00e0f5c5b60c09066a8f71b7adce0877f8de61d8
> git show --textconv :app/Providers/AppServiceProvider.php
> git ls-files --stage -- /opt/lampp/htdocs/Fundme/app/Providers/AppServiceProvider.php
> git cat-file -s 8d67a715058cc10d36ade1765c821f20f9559bb2
> git check-ignore -v -z --stdin
> git status -z -u
> git symbolic-ref --short HEAD
> git for-each-ref --format=%(refname)%00%(upstream:short)%00%(objectname)%00%(upstream:track) refs/heads/master refs/remotes/master
> git for-each-ref --sort -committerdate --format %(refname) %(objectname) %(*objectname)
> git remote --verbose
> git config --get commit.template
