[2021-06-08 08:22:18.470] [exthost] [info] extension host started
[2021-06-08 08:22:18.679] [exthost] [info] ExtensionService#_doActivateExtension vscode.microsoft-authentication {"startup":false,"extensionId":{"value":"vscode.microsoft-authentication","_lower":"vscode.microsoft-authentication"},"activationEvent":"onAuthenticationRequest:microsoft"}
[2021-06-08 08:22:18.679] [exthost] [info] ExtensionService#loadCommonJSModule file:///snap/code/65/usr/share/code/resources/app/extensions/microsoft-authentication/dist/extension.js
[2021-06-08 08:22:18.695] [exthost] [info] ExtensionService#_doActivateExtension vscode.debug-auto-launch {"startup":true,"extensionId":{"value":"vscode.debug-auto-launch","_lower":"vscode.debug-auto-launch"},"activationEvent":"*"}
[2021-06-08 08:22:18.695] [exthost] [info] ExtensionService#loadCommonJSModule file:///snap/code/65/usr/share/code/resources/app/extensions/debug-auto-launch/dist/extension
[2021-06-08 08:22:18.701] [exthost] [info] ExtensionService#_doActivateExtension vscode.git {"startup":true,"extensionId":{"value":"vscode.github","_lower":"vscode.github"},"activationEvent":"*"}
[2021-06-08 08:22:18.708] [exthost] [info] ExtensionService#loadCommonJSModule file:///snap/code/65/usr/share/code/resources/app/extensions/git/dist/main
[2021-06-08 08:22:18.746] [exthost] [info] ExtensionService#_doActivateExtension humy2833.ftp-simple {"startup":true,"extensionId":{"value":"humy2833.ftp-simple","_lower":"humy2833.ftp-simple"},"activationEvent":"*"}
[2021-06-08 08:22:18.746] [exthost] [info] ExtensionService#loadCommonJSModule file:///root/.vscode/extensions/humy2833.ftp-simple-0.7.6/extension
[2021-06-08 08:22:19.355] [exthost] [info] ExtensionService#_doActivateExtension vscode.github {"startup":true,"extensionId":{"value":"vscode.github","_lower":"vscode.github"},"activationEvent":"*"}
[2021-06-08 08:22:19.355] [exthost] [info] ExtensionService#loadCommonJSModule file:///snap/code/65/usr/share/code/resources/app/extensions/github/dist/extension.js
[2021-06-08 08:22:19.481] [exthost] [info] ExtensionService#_doActivateExtension ms-vscode.js-debug {"startup":false,"extensionId":{"value":"ms-vscode.js-debug","_lower":"ms-vscode.js-debug"},"activationEvent":"onCommand:extension.js-debug.clearAutoAttachVariables"}
[2021-06-08 08:22:19.481] [exthost] [info] ExtensionService#loadCommonJSModule file:///snap/code/65/usr/share/code/resources/app/extensions/ms-vscode.js-debug/src/extension.js
[2021-06-08 08:22:19.634] [exthost] [info] eager extensions activated
[2021-06-08 08:22:19.751] [exthost] [warning] [Decorations] CAPPING events from decorations provider vscode.git 3908
[2021-06-08 08:22:19.795] [exthost] [info] ExtensionService#_doActivateExtension vscode.github-authentication {"startup":false,"extensionId":{"value":"vscode.github-authentication","_lower":"vscode.github-authentication"},"activationEvent":"onAuthenticationRequest:github"}
[2021-06-08 08:22:19.795] [exthost] [info] ExtensionService#loadCommonJSModule file:///snap/code/65/usr/share/code/resources/app/extensions/github-authentication/dist/extension.js
[2021-06-08 08:22:19.807] [exthost] [info] ExtensionService#_doActivateExtension vscode.emmet {"startup":false,"extensionId":{"value":"vscode.emmet","_lower":"vscode.emmet"},"activationEvent":"onStartupFinished"}
[2021-06-08 08:22:19.807] [exthost] [info] ExtensionService#loadCommonJSModule file:///snap/code/65/usr/share/code/resources/app/extensions/emmet/dist/node/emmetNodeMain
[2021-06-08 08:22:19.816] [exthost] [info] ExtensionService#_doActivateExtension vscode.merge-conflict {"startup":false,"extensionId":{"value":"vscode.merge-conflict","_lower":"vscode.merge-conflict"},"activationEvent":"onStartupFinished"}
[2021-06-08 08:22:19.817] [exthost] [info] ExtensionService#loadCommonJSModule file:///snap/code/65/usr/share/code/resources/app/extensions/merge-conflict/dist/mergeConflictMain
[2021-06-08 08:22:19.821] [exthost] [info] ExtensionService#_doActivateExtension vscode.testing-editor-contributions {"startup":false,"extensionId":{"value":"vscode.testing-editor-contributions","_lower":"vscode.testing-editor-contributions"},"activationEvent":"onStartupFinished"}
[2021-06-08 08:22:19.821] [exthost] [info] ExtensionService#loadCommonJSModule file:///snap/code/65/usr/share/code/resources/app/extensions/testing-editor-contributions/dist/extension.js
[2021-06-08 08:25:17.737] [exthost] [info] ExtensionService#_doActivateExtension vscode.php-language-features {"startup":false,"extensionId":{"value":"vscode.php-language-features","_lower":"vscode.php-language-features"},"activationEvent":"onLanguage:php"}
[2021-06-08 08:25:17.738] [exthost] [info] ExtensionService#loadCommonJSModule file:///snap/code/65/usr/share/code/resources/app/extensions/php-language-features/dist/phpMain
[2021-06-08 08:25:38.109] [exthost] [warning] [Decorations] CAPPING events from decorations provider vscode.git 3909
[2021-06-08 08:25:48.674] [exthost] [warning] [Decorations] CAPPING events from decorations provider vscode.git 3897
[2021-06-08 08:25:53.815] [exthost] [warning] [Decorations] CAPPING events from decorations provider vscode.git 3897
[2021-06-08 08:26:20.067] [exthost] [warning] [Decorations] CAPPING events from decorations provider vscode.git 3897
[2021-06-08 08:27:13.214] [exthost] [warning] [Decorations] CAPPING events from decorations provider vscode.git 3897
[2021-06-08 08:27:18.334] [exthost] [warning] [Decorations] CAPPING events from decorations provider vscode.git 3897
[2021-06-08 08:27:23.464] [exthost] [warning] [Decorations] CAPPING events from decorations provider vscode.git 3897
[2021-06-08 08:27:28.600] [exthost] [warning] [Decorations] CAPPING events from decorations provider vscode.git 3897
[2021-06-08 08:27:33.791] [exthost] [warning] [Decorations] CAPPING events from decorations provider vscode.git 3897
[2021-06-08 08:27:38.935] [exthost] [warning] [Decorations] CAPPING events from decorations provider vscode.git 3897
[2021-06-08 08:27:44.101] [exthost] [warning] [Decorations] CAPPING events from decorations provider vscode.git 3897
[2021-06-08 08:27:50.073] [exthost] [warning] [Decorations] CAPPING events from decorations provider vscode.git 3897
[2021-06-08 08:27:55.310] [exthost] [warning] [Decorations] CAPPING events from decorations provider vscode.git 3897
[2021-06-08 08:28:00.483] [exthost] [warning] [Decorations] CAPPING events from decorations provider vscode.git 3897
[2021-06-08 08:28:05.658] [exthost] [warning] [Decorations] CAPPING events from decorations provider vscode.git 3897
[2021-06-08 08:30:49.720] [exthost] [warning] [Decorations] CAPPING events from decorations provider vscode.git 3897
[2021-06-08 08:31:01.407] [exthost] [warning] [Decorations] CAPPING events from decorations provider vscode.git 3897
[2021-06-08 08:31:14.491] [exthost] [warning] [Decorations] CAPPING events from decorations provider vscode.git 3897
[2021-06-08 08:31:19.626] [exthost] [warning] [Decorations] CAPPING events from decorations provider vscode.git 3897
[2021-06-08 08:31:24.756] [exthost] [warning] [Decorations] CAPPING events from decorations provider vscode.git 3897
[2021-06-08 08:31:42.224] [exthost] [warning] [Decorations] CAPPING events from decorations provider vscode.git 3897
[2021-06-08 08:33:49.207] [exthost] [warning] [Decorations] CAPPING events from decorations provider vscode.git 3897
[2021-06-08 08:34:46.953] [exthost] [warning] [Decorations] CAPPING events from decorations provider vscode.git 3897
[2021-06-08 08:36:34.209] [exthost] [warning] [Decorations] CAPPING events from decorations provider vscode.git 3897
[2021-06-08 08:36:39.337] [exthost] [warning] [Decorations] CAPPING events from decorations provider vscode.git 3897
[2021-06-08 08:36:44.475] [exthost] [warning] [Decorations] CAPPING events from decorations provider vscode.git 3897
[2021-06-08 08:37:06.012] [exthost] [warning] [Decorations] CAPPING events from decorations provider vscode.git 3897
[2021-06-08 08:37:13.891] [exthost] [warning] [Decorations] CAPPING events from decorations provider vscode.git 3897
[2021-06-08 08:38:40.640] [exthost] [warning] [Decorations] CAPPING events from decorations provider vscode.git 3897
[2021-06-08 08:38:49.672] [exthost] [warning] [Decorations] CAPPING events from decorations provider vscode.git 3897
[2021-06-08 08:38:54.810] [exthost] [warning] [Decorations] CAPPING events from decorations provider vscode.git 3897
[2021-06-08 08:38:59.926] [exthost] [warning] [Decorations] CAPPING events from decorations provider vscode.git 3897
[2021-06-08 08:39:05.064] [exthost] [warning] [Decorations] CAPPING events from decorations provider vscode.git 3897
[2021-06-08 08:39:10.210] [exthost] [warning] [Decorations] CAPPING events from decorations provider vscode.git 3897
[2021-06-08 08:39:15.345] [exthost] [warning] [Decorations] CAPPING events from decorations provider vscode.git 3897
[2021-06-08 08:39:20.459] [exthost] [warning] [Decorations] CAPPING events from decorations provider vscode.git 3897
[2021-06-08 08:39:25.607] [exthost] [warning] [Decorations] CAPPING events from decorations provider vscode.git 3897
[2021-06-08 08:39:30.745] [exthost] [warning] [Decorations] CAPPING events from decorations provider vscode.git 3897
[2021-06-08 08:40:16.736] [exthost] [info] ExtensionService#_doActivateExtension onecentlin.laravel-blade {"startup":false,"extensionId":{"value":"onecentlin.laravel-blade","_lower":"onecentlin.laravel-blade"},"activationEvent":"onLanguage:blade"}
[2021-06-08 08:40:16.737] [exthost] [info] ExtensionService#loadCommonJSModule file:///root/.vscode/extensions/onecentlin.laravel-blade-1.25.0/out/extension
[2021-06-08 08:40:56.692] [exthost] [info] ExtensionService#_doActivateExtension vscode.html-language-features {"startup":false,"extensionId":{"value":"vscode.html-language-features","_lower":"vscode.html-language-features"},"activationEvent":"onLanguage:html"}
[2021-06-08 08:40:56.692] [exthost] [info] ExtensionService#loadCommonJSModule file:///snap/code/65/usr/share/code/resources/app/extensions/html-language-features/client/dist/node/htmlClientMain
[2021-06-08 08:41:57.659] [exthost] [warning] [Decorations] CAPPING events from decorations provider vscode.git 3899
[2021-06-08 08:42:15.352] [exthost] [warning] [Decorations] CAPPING events from decorations provider vscode.git 3899
[2021-06-08 08:42:20.511] [exthost] [warning] [Decorations] CAPPING events from decorations provider vscode.git 3899
[2021-06-08 08:42:25.704] [exthost] [warning] [Decorations] CAPPING events from decorations provider vscode.git 3899
[2021-06-08 08:42:30.889] [exthost] [warning] [Decorations] CAPPING events from decorations provider vscode.git 3899
[2021-06-08 08:42:36.093] [exthost] [warning] [Decorations] CAPPING events from decorations provider vscode.git 3899
[2021-06-08 08:42:41.257] [exthost] [warning] [Decorations] CAPPING events from decorations provider vscode.git 3899
[2021-06-08 08:42:46.393] [exthost] [warning] [Decorations] CAPPING events from decorations provider vscode.git 3899
[2021-06-08 08:43:07.680] [exthost] [warning] [Decorations] CAPPING events from decorations provider vscode.git 3899
[2021-06-08 08:43:21.758] [exthost] [warning] [Decorations] CAPPING events from decorations provider vscode.git 3899
[2021-06-08 08:43:29.208] [exthost] [warning] [Decorations] CAPPING events from decorations provider vscode.git 3899
[2021-06-08 08:43:56.823] [exthost] [warning] [Decorations] CAPPING events from decorations provider vscode.git 3899
[2021-06-08 08:44:07.046] [exthost] [warning] [Decorations] CAPPING events from decorations provider vscode.git 3899
[2021-06-08 08:44:13.472] [exthost] [warning] [Decorations] CAPPING events from decorations provider vscode.git 3899
[2021-06-08 08:44:21.719] [exthost] [warning] [Decorations] CAPPING events from decorations provider vscode.git 3899
[2021-06-08 08:44:26.868] [exthost] [warning] [Decorations] CAPPING events from decorations provider vscode.git 3899
[2021-06-08 08:44:59.091] [exthost] [warning] [Decorations] CAPPING events from decorations provider vscode.git 3899
[2021-06-08 08:45:08.644] [exthost] [warning] [Decorations] CAPPING events from decorations provider vscode.git 3899
[2021-06-08 08:45:14.657] [exthost] [warning] [Decorations] CAPPING events from decorations provider vscode.git 3899
[2021-06-08 08:45:20.234] [exthost] [warning] [Decorations] CAPPING events from decorations provider vscode.git 3899
[2021-06-08 08:45:26.357] [exthost] [warning] [Decorations] CAPPING events from decorations provider vscode.git 3899
[2021-06-08 08:45:32.046] [exthost] [warning] [Decorations] CAPPING events from decorations provider vscode.git 3899
[2021-06-08 08:45:38.337] [exthost] [warning] [Decorations] CAPPING events from decorations provider vscode.git 3899
[2021-06-08 08:45:57.864] [exthost] [warning] [Decorations] CAPPING events from decorations provider vscode.git 3899
[2021-06-08 08:46:58.753] [exthost] [warning] [Decorations] CAPPING events from decorations provider vscode.git 3900
[2021-06-08 08:47:03.883] [exthost] [warning] [Decorations] CAPPING events from decorations provider vscode.git 3900
[2021-06-08 08:47:09.676] [exthost] [warning] [Decorations] CAPPING events from decorations provider vscode.git 3900
[2021-06-08 08:47:14.817] [exthost] [warning] [Decorations] CAPPING events from decorations provider vscode.git 3900
[2021-06-08 08:47:41.811] [exthost] [warning] [Decorations] CAPPING events from decorations provider vscode.git 3900
[2021-06-08 08:47:52.512] [exthost] [warning] [Decorations] CAPPING events from decorations provider vscode.git 3900
[2021-06-08 08:47:57.652] [exthost] [warning] [Decorations] CAPPING events from decorations provider vscode.git 3900
[2021-06-08 08:48:02.791] [exthost] [warning] [Decorations] CAPPING events from decorations provider vscode.git 3900
[2021-06-08 08:48:07.929] [exthost] [warning] [Decorations] CAPPING events from decorations provider vscode.git 3900
[2021-06-08 08:48:13.053] [exthost] [warning] [Decorations] CAPPING events from decorations provider vscode.git 3900
[2021-06-08 08:48:19.196] [exthost] [warning] [Decorations] CAPPING events from decorations provider vscode.git 3900
[2021-06-08 08:48:24.336] [exthost] [warning] [Decorations] CAPPING events from decorations provider vscode.git 3900
[2021-06-08 08:48:29.526] [exthost] [warning] [Decorations] CAPPING events from decorations provider vscode.git 3900
[2021-06-08 08:48:34.665] [exthost] [warning] [Decorations] CAPPING events from decorations provider vscode.git 3900
[2021-06-08 08:48:39.779] [exthost] [warning] [Decorations] CAPPING events from decorations provider vscode.git 3900
[2021-06-08 08:48:44.925] [exthost] [warning] [Decorations] CAPPING events from decorations provider vscode.git 3900
[2021-06-08 08:49:06.478] [exthost] [warning] [Decorations] CAPPING events from decorations provider vscode.git 3900
[2021-06-08 08:49:11.589] [exthost] [warning] [Decorations] CAPPING events from decorations provider vscode.git 3900
[2021-06-08 08:49:16.721] [exthost] [warning] [Decorations] CAPPING events from decorations provider vscode.git 3900
[2021-06-08 08:49:22.937] [exthost] [warning] [Decorations] CAPPING events from decorations provider vscode.git 3900
[2021-06-08 08:49:28.075] [exthost] [warning] [Decorations] CAPPING events from decorations provider vscode.git 3900
[2021-06-08 08:49:33.206] [exthost] [warning] [Decorations] CAPPING events from decorations provider vscode.git 3900
[2021-06-08 08:49:38.354] [exthost] [warning] [Decorations] CAPPING events from decorations provider vscode.git 3900
[2021-06-08 08:49:43.497] [exthost] [warning] [Decorations] CAPPING events from decorations provider vscode.git 3900
[2021-06-08 08:49:48.615] [exthost] [warning] [Decorations] CAPPING events from decorations provider vscode.git 3900
[2021-06-08 08:49:53.813] [exthost] [warning] [Decorations] CAPPING events from decorations provider vscode.git 3900
[2021-06-08 08:49:58.973] [exthost] [warning] [Decorations] CAPPING events from decorations provider vscode.git 3900
[2021-06-08 08:50:05.369] [exthost] [warning] [Decorations] CAPPING events from decorations provider vscode.git 3900
[2021-06-08 08:50:50.000] [exthost] [warning] [Decorations] CAPPING events from decorations provider vscode.git 3900
[2021-06-08 08:50:55.102] [exthost] [warning] [Decorations] CAPPING events from decorations provider vscode.git 3901
[2021-06-08 08:51:00.248] [exthost] [warning] [Decorations] CAPPING events from decorations provider vscode.git 3901
[2021-06-08 08:51:05.368] [exthost] [warning] [Decorations] CAPPING events from decorations provider vscode.git 3901
[2021-06-08 08:51:10.514] [exthost] [warning] [Decorations] CAPPING events from decorations provider vscode.git 3901
[2021-06-08 08:51:15.642] [exthost] [warning] [Decorations] CAPPING events from decorations provider vscode.git 3901
[2021-06-08 08:51:20.798] [exthost] [warning] [Decorations] CAPPING events from decorations provider vscode.git 3901
[2021-06-08 08:51:25.976] [exthost] [warning] [Decorations] CAPPING events from decorations provider vscode.git 3901
[2021-06-08 08:51:31.116] [exthost] [warning] [Decorations] CAPPING events from decorations provider vscode.git 3901
[2021-06-08 08:52:15.523] [exthost] [warning] [Decorations] CAPPING events from decorations provider vscode.git 3901
[2021-06-08 08:52:20.658] [exthost] [warning] [Decorations] CAPPING events from decorations provider vscode.git 3901
[2021-06-08 08:52:27.737] [exthost] [warning] [Decorations] CAPPING events from decorations provider vscode.git 3901
[2021-06-08 08:54:25.104] [exthost] [warning] [Decorations] CAPPING events from decorations provider vscode.git 3901
[2021-06-08 08:54:39.415] [exthost] [warning] [Decorations] CAPPING events from decorations provider vscode.git 3901
[2021-06-08 08:55:01.276] [exthost] [warning] [Decorations] CAPPING events from decorations provider vscode.git 3901
[2021-06-08 08:55:07.669] [exthost] [warning] [Decorations] CAPPING events from decorations provider vscode.git 3901
[2021-06-08 08:55:14.850] [exthost] [warning] [Decorations] CAPPING events from decorations provider vscode.git 3901
[2021-06-08 08:55:21.371] [exthost] [warning] [Decorations] CAPPING events from decorations provider vscode.git 3901
[2021-06-08 08:55:26.551] [exthost] [warning] [Decorations] CAPPING events from decorations provider vscode.git 3901
[2021-06-08 08:55:56.756] [exthost] [warning] [Decorations] CAPPING events from decorations provider vscode.git 3901
[2021-06-08 08:57:09.965] [exthost] [warning] [Decorations] CAPPING events from decorations provider vscode.git 3901
[2021-06-08 08:57:15.101] [exthost] [warning] [Decorations] CAPPING events from decorations provider vscode.git 3901
[2021-06-08 08:57:20.268] [exthost] [warning] [Decorations] CAPPING events from decorations provider vscode.git 3901
[2021-06-08 08:57:25.413] [exthost] [warning] [Decorations] CAPPING events from decorations provider vscode.git 3901
[2021-06-08 08:59:27.884] [exthost] [warning] [Decorations] CAPPING events from decorations provider vscode.git 3901
[2021-06-08 08:59:33.040] [exthost] [warning] [Decorations] CAPPING events from decorations provider vscode.git 3901
[2021-06-08 08:59:50.596] [exthost] [warning] [Decorations] CAPPING events from decorations provider vscode.git 3901
[2021-06-08 09:00:21.703] [exthost] [warning] [Decorations] CAPPING events from decorations provider vscode.git 3901
[2021-06-08 09:01:29.302] [exthost] [warning] [Decorations] CAPPING events from decorations provider vscode.git 3901
[2021-06-08 09:02:04.759] [exthost] [warning] [Decorations] CAPPING events from decorations provider vscode.git 3901
[2021-06-08 09:02:29.325] [exthost] [warning] [Decorations] CAPPING events from decorations provider vscode.git 3901
[2021-06-08 09:03:20.698] [exthost] [warning] [Decorations] CAPPING events from decorations provider vscode.git 3901
[2021-06-08 09:03:25.806] [exthost] [warning] [Decorations] CAPPING events from decorations provider vscode.git 3901
[2021-06-08 09:03:30.943] [exthost] [warning] [Decorations] CAPPING events from decorations provider vscode.git 3901
[2021-06-08 09:04:02.503] [exthost] [warning] [Decorations] CAPPING events from decorations provider vscode.git 3901
[2021-06-08 09:04:07.641] [exthost] [warning] [Decorations] CAPPING events from decorations provider vscode.git 3901
[2021-06-08 09:04:12.790] [exthost] [warning] [Decorations] CAPPING events from decorations provider vscode.git 3901
[2021-06-08 10:28:38.942] [exthost] [warning] [Decorations] CAPPING events from decorations provider vscode.git 3901
