Validating found git in: git
Using git 2.25.1 from git
> git rev-parse --git-dir
Open repository: /opt/lampp/htdocs/Fundme
> git status -z -u
> git symbolic-ref --short HEAD
> git for-each-ref --format=%(refname)%00%(upstream:short)%00%(objectname)%00%(upstream:track) refs/heads/master refs/remotes/master
> git for-each-ref --sort -committerdate --format %(refname) %(objectname) %(*objectname)
> git remote --verbose
> git config --get commit.template
> git show --textconv :app/Http/Controllers/Auth/LoginController.php
> git ls-files --stage -- /opt/lampp/htdocs/Fundme/app/Http/Controllers/Auth/LoginController.php
> git cat-file -s a0c0874c770978d4176d5bc4d27eb6ae9caada27
> git check-ignore -v -z --stdin
> git check-ignore -v -z --stdin
> git check-ignore -v -z --stdin
> git check-ignore -v -z --stdin
> git check-ignore -v -z --stdin
> git check-ignore -v -z --stdin
> git check-ignore -v -z --stdin
> git check-ignore -v -z --stdin
> git show --textconv :resources/views/includes/navbar.blade.php
> git ls-files --stage -- /opt/lampp/htdocs/Fundme/resources/views/includes/navbar.blade.php
> git cat-file -s 0950997e758f18c394294c84ae8026567f03f044
> git check-ignore -v -z --stdin
> git check-ignore -v -z --stdin
> git show --textconv :database/migrations/2014_10_12_000000_create_users_table.php
> git ls-files --stage -- /opt/lampp/htdocs/Fundme/database/migrations/2014_10_12_000000_create_users_table.php
> git cat-file -s f4fb8f4cd9ac889ac2fdc1b4e36744b7430e38a5
> git check-ignore -v -z --stdin
> git show --textconv :app/Http/Controllers/UserController.php
> git ls-files --stage -- /opt/lampp/htdocs/Fundme/app/Http/Controllers/UserController.php
> git cat-file -s f2ebd67a900896ac70faf5300a972eccaa589b0d
> git show --textconv :database/migrations/2014_10_12_000000_create_users_table.php
> git ls-files --stage -- /opt/lampp/htdocs/Fundme/database/migrations/2014_10_12_000000_create_users_table.php
> git cat-file -s f4fb8f4cd9ac889ac2fdc1b4e36744b7430e38a5
> git show --textconv :app/Http/Controllers/Auth/RegisterController.php
> git ls-files --stage -- /opt/lampp/htdocs/Fundme/app/Http/Controllers/Auth/RegisterController.php
> git cat-file -s df6bf784c759bb8519209f7a37180358bd9b1ad1
> git check-ignore -v -z --stdin
> git show --textconv :app/Models/User.php
> git ls-files --stage -- /opt/lampp/htdocs/Fundme/app/Models/User.php
> git cat-file -s 4869dda24b6cf88dbdc6dc5e29aff620e2fe2ebf
> git show --textconv :database/migrations/2014_10_12_000000_create_users_table.php
> git ls-files --stage -- /opt/lampp/htdocs/Fundme/database/migrations/2014_10_12_000000_create_users_table.php
> git cat-file -s f4fb8f4cd9ac889ac2fdc1b4e36744b7430e38a5
> git show --textconv :routes/web.php
> git ls-files --stage -- /opt/lampp/htdocs/Fundme/routes/web.php
> git cat-file -s c67a2083223c67c4beac98c3043056d668ae41fe
> git show --textconv :database/migrations/2014_10_12_000000_create_users_table.php
> git ls-files --stage -- /opt/lampp/htdocs/Fundme/database/migrations/2014_10_12_000000_create_users_table.php
> git cat-file -s f4fb8f4cd9ac889ac2fdc1b4e36744b7430e38a5
> git show --textconv :app/Http/Controllers/Auth/RegisterController.php
> git ls-files --stage -- /opt/lampp/htdocs/Fundme/app/Http/Controllers/Auth/RegisterController.php
> git cat-file -s df6bf784c759bb8519209f7a37180358bd9b1ad1
> git show --textconv :app/Http/Controllers/Auth/LoginController.php
> git ls-files --stage -- /opt/lampp/htdocs/Fundme/app/Http/Controllers/Auth/LoginController.php
> git cat-file -s a0c0874c770978d4176d5bc4d27eb6ae9caada27
> git show --textconv :.env
> git ls-files --stage -- /opt/lampp/htdocs/Fundme/.env
> git cat-file -s 795fcd9acf1de21f6e131ed80e41112aa4129d50
> git status -z -u
> git symbolic-ref --short HEAD
> git for-each-ref --format=%(refname)%00%(upstream:short)%00%(objectname)%00%(upstream:track) refs/heads/master refs/remotes/master
> git for-each-ref --sort -committerdate --format %(refname) %(objectname) %(*objectname)
> git remote --verbose
> git config --get commit.template
> git status -z -u
> git symbolic-ref --short HEAD
> git for-each-ref --format=%(refname)%00%(upstream:short)%00%(objectname)%00%(upstream:track) refs/heads/master refs/remotes/master
> git for-each-ref --sort -committerdate --format %(refname) %(objectname) %(*objectname)
> git remote --verbose
> git config --get commit.template
> git status -z -u
> git symbolic-ref --short HEAD
> git for-each-ref --format=%(refname)%00%(upstream:short)%00%(objectname)%00%(upstream:track) refs/heads/master refs/remotes/master
> git for-each-ref --sort -committerdate --format %(refname) %(objectname) %(*objectname)
> git remote --verbose
> git config --get commit.template
> git status -z -u
> git symbolic-ref --short HEAD
> git for-each-ref --format=%(refname)%00%(upstream:short)%00%(objectname)%00%(upstream:track) refs/heads/master refs/remotes/master
> git for-each-ref --sort -committerdate --format %(refname) %(objectname) %(*objectname)
> git remote --verbose
> git config --get commit.template
> git status -z -u
> git symbolic-ref --short HEAD
> git for-each-ref --format=%(refname)%00%(upstream:short)%00%(objectname)%00%(upstream:track) refs/heads/master refs/remotes/master
> git for-each-ref --sort -committerdate --format %(refname) %(objectname) %(*objectname)
> git remote --verbose
> git config --get commit.template
> git status -z -u
> git symbolic-ref --short HEAD
> git for-each-ref --format=%(refname)%00%(upstream:short)%00%(objectname)%00%(upstream:track) refs/heads/master refs/remotes/master
> git for-each-ref --sort -committerdate --format %(refname) %(objectname) %(*objectname)
> git remote --verbose
> git config --get commit.template
> git check-ignore -v -z --stdin
> git show --textconv :app/Providers/RouteServiceProvider.php
> git ls-files --stage -- /opt/lampp/htdocs/Fundme/app/Providers/RouteServiceProvider.php
> git cat-file -s 548e4be7b37e8583725a80d934fe3dacc3eab9dd
> git show --textconv :app/Providers/AppServiceProvider.php
> git ls-files --stage -- /opt/lampp/htdocs/Fundme/app/Providers/AppServiceProvider.php
> git cat-file -s 74e55e541edcc99ff4a729d1c2f49e059e575fb0
> git status -z -u
> git symbolic-ref --short HEAD
> git for-each-ref --format=%(refname)%00%(upstream:short)%00%(objectname)%00%(upstream:track) refs/heads/master refs/remotes/master
> git for-each-ref --sort -committerdate --format %(refname) %(objectname) %(*objectname)
> git remote --verbose
> git config --get commit.template
> git status -z -u
> git symbolic-ref --short HEAD
> git for-each-ref --format=%(refname)%00%(upstream:short)%00%(objectname)%00%(upstream:track) refs/heads/master refs/remotes/master
> git for-each-ref --sort -committerdate --format %(refname) %(objectname) %(*objectname)
> git remote --verbose
> git config --get commit.template
> git show --textconv :app/Http/Controllers/Auth/LoginController.php
> git ls-files --stage -- /opt/lampp/htdocs/Fundme/app/Http/Controllers/Auth/LoginController.php
> git cat-file -s a0c0874c770978d4176d5bc4d27eb6ae9caada27
> git status -z -u
> git symbolic-ref --short HEAD
> git for-each-ref --format=%(refname)%00%(upstream:short)%00%(objectname)%00%(upstream:track) refs/heads/master refs/remotes/master
> git for-each-ref --sort -committerdate --format %(refname) %(objectname) %(*objectname)
> git remote --verbose
> git config --get commit.template
> git show --textconv :resources/views/auth/login.blade.php
> git ls-files --stage -- /opt/lampp/htdocs/Fundme/resources/views/auth/login.blade.php
> git cat-file -s bbd49def28791e9b5ee6f36d84fd7d62ccea6929
> git check-ignore -v -z --stdin
> git show --textconv :app/Http/Controllers/Auth/LoginController.php
> git ls-files --stage -- /opt/lampp/htdocs/Fundme/app/Http/Controllers/Auth/LoginController.php
> git cat-file -s a0c0874c770978d4176d5bc4d27eb6ae9caada27
> git show --textconv :app/Http/Controllers/Auth/RegisterController.php
> git ls-files --stage -- /opt/lampp/htdocs/Fundme/app/Http/Controllers/Auth/RegisterController.php
> git cat-file -s df6bf784c759bb8519209f7a37180358bd9b1ad1
> git show --textconv :app/Models/User.php
> git ls-files --stage -- /opt/lampp/htdocs/Fundme/app/Models/User.php
> git cat-file -s 4869dda24b6cf88dbdc6dc5e29aff620e2fe2ebf
> git show --textconv :app/Http/Controllers/UserController.php
> git ls-files --stage -- /opt/lampp/htdocs/Fundme/app/Http/Controllers/UserController.php
> git cat-file -s f2ebd67a900896ac70faf5300a972eccaa589b0d
> git show --textconv :config/services.php
> git ls-files --stage -- /opt/lampp/htdocs/Fundme/config/services.php
> git cat-file -s 4c75162b09a57c47bdb922f45a6f0028125765d4
> git show --textconv :resources/views/includes/navbar.blade.php
> git ls-files --stage -- /opt/lampp/htdocs/Fundme/resources/views/includes/navbar.blade.php
> git cat-file -s 0950997e758f18c394294c84ae8026567f03f044
> git status -z -u
> git symbolic-ref --short HEAD
> git for-each-ref --format=%(refname)%00%(upstream:short)%00%(objectname)%00%(upstream:track) refs/heads/master refs/remotes/master
> git for-each-ref --sort -committerdate --format %(refname) %(objectname) %(*objectname)
> git remote --verbose
> git config --get commit.template
> git status -z -u
> git symbolic-ref --short HEAD
> git for-each-ref --format=%(refname)%00%(upstream:short)%00%(objectname)%00%(upstream:track) refs/heads/master refs/remotes/master
> git for-each-ref --sort -committerdate --format %(refname) %(objectname) %(*objectname)
> git remote --verbose
> git config --get commit.template
> git status -z -u
> git symbolic-ref --short HEAD
> git for-each-ref --format=%(refname)%00%(upstream:short)%00%(objectname)%00%(upstream:track) refs/heads/master refs/remotes/master
> git for-each-ref --sort -committerdate --format %(refname) %(objectname) %(*objectname)
> git remote --verbose
> git config --get commit.template
> git status -z -u
> git symbolic-ref --short HEAD
> git for-each-ref --format=%(refname)%00%(upstream:short)%00%(objectname)%00%(upstream:track) refs/heads/master refs/remotes/master
> git for-each-ref --sort -committerdate --format %(refname) %(objectname) %(*objectname)
> git remote --verbose
> git config --get commit.template
