[2021-05-02 14:18:46.240] [exthost] [info] extension host started
[2021-05-02 14:18:46.490] [exthost] [info] ExtensionService#_doActivateExtension vscode.microsoft-authentication {"startup":false,"extensionId":{"value":"vscode.microsoft-authentication","_lower":"vscode.microsoft-authentication"},"activationEvent":"onAuthenticationRequest:microsoft"}
[2021-05-02 14:18:46.490] [exthost] [info] ExtensionService#loadCommonJSModule file:///snap/code/62/usr/share/code/resources/app/extensions/microsoft-authentication/dist/extension.js
[2021-05-02 14:18:46.509] [exthost] [info] ExtensionService#_doActivateExtension onecentlin.laravel-blade {"startup":false,"extensionId":{"value":"onecentlin.laravel-blade","_lower":"onecentlin.laravel-blade"},"activationEvent":"onLanguage:blade"}
[2021-05-02 14:18:46.511] [exthost] [info] ExtensionService#loadCommonJSModule file:///root/.vscode/extensions/onecentlin.laravel-blade-1.25.0/out/extension
[2021-05-02 14:18:46.568] [exthost] [info] ExtensionService#_doActivateExtension vscode.php-language-features {"startup":false,"extensionId":{"value":"vscode.php-language-features","_lower":"vscode.php-language-features"},"activationEvent":"onLanguage:php"}
[2021-05-02 14:18:46.569] [exthost] [info] ExtensionService#loadCommonJSModule file:///snap/code/62/usr/share/code/resources/app/extensions/php-language-features/dist/phpMain
[2021-05-02 14:18:46.593] [exthost] [info] ExtensionService#_doActivateExtension vscode.typescript-language-features {"startup":false,"extensionId":{"value":"vscode.typescript-language-features","_lower":"vscode.typescript-language-features"},"activationEvent":"onLanguage:javascript"}
[2021-05-02 14:18:46.593] [exthost] [info] ExtensionService#loadCommonJSModule file:///snap/code/62/usr/share/code/resources/app/extensions/typescript-language-features/dist/extension
[2021-05-02 14:18:46.625] [exthost] [info] ExtensionService#_doActivateExtension vscode.debug-auto-launch {"startup":true,"extensionId":{"value":"vscode.debug-auto-launch","_lower":"vscode.debug-auto-launch"},"activationEvent":"*"}
[2021-05-02 14:18:46.625] [exthost] [info] ExtensionService#loadCommonJSModule file:///snap/code/62/usr/share/code/resources/app/extensions/debug-auto-launch/dist/extension
[2021-05-02 14:18:46.628] [exthost] [info] ExtensionService#_doActivateExtension vscode.git {"startup":true,"extensionId":{"value":"vscode.github","_lower":"vscode.github"},"activationEvent":"*"}
[2021-05-02 14:18:46.628] [exthost] [info] ExtensionService#loadCommonJSModule file:///snap/code/62/usr/share/code/resources/app/extensions/git/dist/main
[2021-05-02 14:18:46.665] [exthost] [info] ExtensionService#_doActivateExtension humy2833.ftp-simple {"startup":true,"extensionId":{"value":"humy2833.ftp-simple","_lower":"humy2833.ftp-simple"},"activationEvent":"*"}
[2021-05-02 14:18:46.665] [exthost] [info] ExtensionService#loadCommonJSModule file:///root/.vscode/extensions/humy2833.ftp-simple-0.7.6/extension
[2021-05-02 14:18:47.592] [exthost] [info] ExtensionService#_doActivateExtension vscode.npm {"startup":true,"extensionId":{"value":"vscode.npm","_lower":"vscode.npm"},"activationEvent":"workspaceContains:package.json"}
[2021-05-02 14:18:47.592] [exthost] [info] ExtensionService#loadCommonJSModule file:///snap/code/62/usr/share/code/resources/app/extensions/npm/dist/npmMain
[2021-05-02 14:18:48.510] [exthost] [warning] [Decorations] CAPPING events from decorations provider vscode.git 2497
[2021-05-02 14:18:50.857] [exthost] [info] ExtensionService#_doActivateExtension vscode.github {"startup":true,"extensionId":{"value":"vscode.github","_lower":"vscode.github"},"activationEvent":"*"}
[2021-05-02 14:18:50.857] [exthost] [info] ExtensionService#loadCommonJSModule file:///snap/code/62/usr/share/code/resources/app/extensions/github/dist/extension.js
[2021-05-02 14:18:51.598] [exthost] [info] eager extensions activated
[2021-05-02 14:18:51.718] [exthost] [info] ExtensionService#_doActivateExtension ms-vscode.js-debug {"startup":false,"extensionId":{"value":"ms-vscode.js-debug","_lower":"ms-vscode.js-debug"},"activationEvent":"onCommand:extension.js-debug.clearAutoAttachVariables"}
[2021-05-02 14:18:51.718] [exthost] [info] ExtensionService#loadCommonJSModule file:///snap/code/62/usr/share/code/resources/app/extensions/ms-vscode.js-debug/src/extension.js
[2021-05-02 14:18:52.059] [exthost] [info] ExtensionService#_doActivateExtension vscode.emmet {"startup":false,"extensionId":{"value":"vscode.emmet","_lower":"vscode.emmet"},"activationEvent":"onStartupFinished"}
[2021-05-02 14:18:52.059] [exthost] [info] ExtensionService#loadCommonJSModule file:///snap/code/62/usr/share/code/resources/app/extensions/emmet/dist/node/emmetNodeMain
[2021-05-02 14:18:52.073] [exthost] [info] ExtensionService#_doActivateExtension vscode.merge-conflict {"startup":false,"extensionId":{"value":"vscode.merge-conflict","_lower":"vscode.merge-conflict"},"activationEvent":"onStartupFinished"}
[2021-05-02 14:18:52.073] [exthost] [info] ExtensionService#loadCommonJSModule file:///snap/code/62/usr/share/code/resources/app/extensions/merge-conflict/dist/mergeConflictMain
[2021-05-02 14:18:52.076] [exthost] [info] ExtensionService#_doActivateExtension vscode.testing-editor-contributions {"startup":false,"extensionId":{"value":"vscode.testing-editor-contributions","_lower":"vscode.testing-editor-contributions"},"activationEvent":"onStartupFinished"}
[2021-05-02 14:18:52.076] [exthost] [info] ExtensionService#loadCommonJSModule file:///snap/code/62/usr/share/code/resources/app/extensions/testing-editor-contributions/dist/extension.js
[2021-05-02 14:18:52.178] [exthost] [info] ExtensionService#_doActivateExtension vscode.github-authentication {"startup":false,"extensionId":{"value":"vscode.github-authentication","_lower":"vscode.github-authentication"},"activationEvent":"onAuthenticationRequest:github"}
[2021-05-02 14:18:52.178] [exthost] [info] ExtensionService#loadCommonJSModule file:///snap/code/62/usr/share/code/resources/app/extensions/github-authentication/dist/extension.js
[2021-05-02 14:19:08.860] [exthost] [warning] [Decorations] CAPPING events from decorations provider vscode.git 2499
[2021-05-02 14:19:48.581] [exthost] [warning] [Decorations] CAPPING events from decorations provider vscode.git 2499
[2021-05-02 14:20:00.665] [exthost] [warning] [Decorations] CAPPING events from decorations provider vscode.git 2499
[2021-05-02 14:45:33.002] [exthost] [warning] [Decorations] CAPPING events from decorations provider vscode.git 2500
[2021-05-02 14:53:31.114] [exthost] [warning] [Decorations] CAPPING events from decorations provider vscode.git 2499
[2021-05-02 14:53:36.210] [exthost] [warning] [Decorations] CAPPING events from decorations provider vscode.git 2499
[2021-05-02 14:56:00.870] [exthost] [warning] [Decorations] CAPPING events from decorations provider vscode.git 2499
[2021-05-02 14:56:06.002] [exthost] [warning] [Decorations] CAPPING events from decorations provider vscode.git 2499
[2021-05-02 14:56:42.797] [exthost] [warning] [Decorations] CAPPING events from decorations provider vscode.git 2500
[2021-05-02 14:56:44.709] [exthost] [info] ExtensionService#_doActivateExtension vscode.html-language-features {"startup":false,"extensionId":{"value":"vscode.html-language-features","_lower":"vscode.html-language-features"},"activationEvent":"onLanguage:html"}
[2021-05-02 14:56:44.709] [exthost] [info] ExtensionService#loadCommonJSModule file:///snap/code/62/usr/share/code/resources/app/extensions/html-language-features/client/dist/node/htmlClientMain
[2021-05-02 14:56:47.895] [exthost] [warning] [Decorations] CAPPING events from decorations provider vscode.git 2500
[2021-05-02 15:30:25.195] [exthost] [warning] [Decorations] CAPPING events from decorations provider vscode.git 2501
[2021-05-02 15:55:45.194] [exthost] [warning] [Decorations] CAPPING events from decorations provider vscode.git 2502
[2021-05-02 15:55:50.293] [exthost] [warning] [Decorations] CAPPING events from decorations provider vscode.git 2501
[2021-05-02 15:55:55.434] [exthost] [warning] [Decorations] CAPPING events from decorations provider vscode.git 2501
[2021-05-02 15:56:06.378] [exthost] [warning] [Decorations] CAPPING events from decorations provider vscode.git 2501
[2021-05-02 15:58:25.922] [exthost] [warning] [Decorations] CAPPING events from decorations provider vscode.git 2501
[2021-05-02 16:00:49.337] [exthost] [warning] [Decorations] CAPPING events from decorations provider vscode.git 2501
[2021-05-02 16:00:54.457] [exthost] [warning] [Decorations] CAPPING events from decorations provider vscode.git 2501
[2021-05-02 16:01:49.792] [exthost] [warning] [Decorations] CAPPING events from decorations provider vscode.git 2501
[2021-05-02 16:02:25.430] [exthost] [warning] [Decorations] CAPPING events from decorations provider vscode.git 2501
[2021-05-02 16:02:40.228] [exthost] [warning] [Decorations] CAPPING events from decorations provider vscode.git 2502
[2021-05-02 16:02:49.680] [exthost] [warning] [Decorations] CAPPING events from decorations provider vscode.git 2502
[2021-05-02 16:02:54.807] [exthost] [warning] [Decorations] CAPPING events from decorations provider vscode.git 2502
[2021-05-02 16:03:15.184] [exthost] [warning] [Decorations] CAPPING events from decorations provider vscode.git 2502
[2021-05-02 16:03:20.319] [exthost] [warning] [Decorations] CAPPING events from decorations provider vscode.git 2528
[2021-05-02 16:05:10.773] [exthost] [warning] [Decorations] CAPPING events from decorations provider vscode.git 2532
[2021-05-02 16:05:15.915] [exthost] [warning] [Decorations] CAPPING events from decorations provider vscode.git 2532
[2021-05-02 16:05:29.633] [exthost] [warning] [Decorations] CAPPING events from decorations provider vscode.git 2532
[2021-05-02 16:05:46.901] [exthost] [warning] [Decorations] CAPPING events from decorations provider vscode.git 2532
[2021-05-02 16:05:52.013] [exthost] [warning] [Decorations] CAPPING events from decorations provider vscode.git 2532
[2021-05-02 16:06:02.534] [exthost] [warning] [Decorations] CAPPING events from decorations provider vscode.git 2532
[2021-05-02 16:06:18.026] [exthost] [warning] [Decorations] CAPPING events from decorations provider vscode.git 2532
[2021-05-02 17:49:44.120] [exthost] [warning] [Decorations] CAPPING events from decorations provider vscode.git 2508
[2021-05-02 17:50:11.391] [exthost] [warning] [Decorations] CAPPING events from decorations provider vscode.git 2508
[2021-05-02 17:51:20.182] [exthost] [warning] [Decorations] CAPPING events from decorations provider vscode.git 2508
[2021-05-02 17:51:25.318] [exthost] [warning] [Decorations] CAPPING events from decorations provider vscode.git 2508
[2021-05-02 17:54:14.394] [exthost] [warning] [Decorations] CAPPING events from decorations provider vscode.git 2508
[2021-05-02 17:54:18.590] [exthost] [info] ExtensionService#_doActivateExtension vscode.configuration-editing {"startup":false,"extensionId":{"value":"vscode.configuration-editing","_lower":"vscode.configuration-editing"},"activationEvent":"onLanguage:jsonc"}
[2021-05-02 17:54:18.591] [exthost] [info] ExtensionService#loadCommonJSModule file:///snap/code/62/usr/share/code/resources/app/extensions/configuration-editing/dist/configurationEditingMain
[2021-05-02 17:54:18.608] [exthost] [info] ExtensionService#_doActivateExtension vscode.json-language-features {"startup":false,"extensionId":{"value":"vscode.json-language-features","_lower":"vscode.json-language-features"},"activationEvent":"onLanguage:jsonc"}
[2021-05-02 17:54:18.608] [exthost] [info] ExtensionService#loadCommonJSModule file:///snap/code/62/usr/share/code/resources/app/extensions/json-language-features/client/dist/node/jsonClientMain
[2021-05-02 17:54:19.956] [exthost] [warning] [Decorations] CAPPING events from decorations provider vscode.git 2509
[2021-05-03 09:26:59.754] [exthost] [warning] [Decorations] CAPPING events from decorations provider vscode.git 2505
[2021-05-03 09:54:45.640] [exthost] [warning] [Decorations] CAPPING events from decorations provider vscode.git 2507
[2021-05-03 09:54:50.783] [exthost] [warning] [Decorations] CAPPING events from decorations provider vscode.git 2507
[2021-05-03 09:56:19.177] [exthost] [warning] [Decorations] CAPPING events from decorations provider vscode.git 2507
[2021-05-03 09:56:24.339] [exthost] [warning] [Decorations] CAPPING events from decorations provider vscode.git 2507
[2021-05-03 09:57:20.067] [exthost] [info] ExtensionService#_doActivateExtension vscode.extension-editing {"startup":false,"extensionId":{"value":"vscode.extension-editing","_lower":"vscode.extension-editing"},"activationEvent":"onLanguage:typescript"}
[2021-05-03 09:57:20.068] [exthost] [info] ExtensionService#loadCommonJSModule file:///snap/code/62/usr/share/code/resources/app/extensions/extension-editing/dist/extensionEditingMain
[2021-05-03 09:59:08.851] [exthost] [warning] [Decorations] CAPPING events from decorations provider vscode.git 2511
[2021-05-03 09:59:14.052] [exthost] [warning] [Decorations] CAPPING events from decorations provider vscode.git 2511
[2021-05-03 09:59:19.731] [exthost] [warning] [Decorations] CAPPING events from decorations provider vscode.git 2511
[2021-05-03 10:00:44.759] [exthost] [warning] [Decorations] CAPPING events from decorations provider vscode.git 2511
[2021-05-03 10:00:49.938] [exthost] [warning] [Decorations] CAPPING events from decorations provider vscode.git 2511
[2021-05-03 10:01:51.003] [exthost] [warning] [Decorations] CAPPING events from decorations provider vscode.git 2513
[2021-05-03 10:01:56.173] [exthost] [warning] [Decorations] CAPPING events from decorations provider vscode.git 2513
[2021-05-03 10:02:07.532] [exthost] [warning] [Decorations] CAPPING events from decorations provider vscode.git 2513
[2021-05-03 10:02:12.722] [exthost] [warning] [Decorations] CAPPING events from decorations provider vscode.git 2513
[2021-05-03 10:02:17.901] [exthost] [warning] [Decorations] CAPPING events from decorations provider vscode.git 2513
[2021-05-03 10:02:23.099] [exthost] [warning] [Decorations] CAPPING events from decorations provider vscode.git 2513
[2021-05-03 10:02:28.236] [exthost] [warning] [Decorations] CAPPING events from decorations provider vscode.git 2513
[2021-05-03 10:02:33.404] [exthost] [warning] [Decorations] CAPPING events from decorations provider vscode.git 2513
[2021-05-03 10:02:38.564] [exthost] [warning] [Decorations] CAPPING events from decorations provider vscode.git 2513
[2021-05-03 10:02:44.152] [exthost] [warning] [Decorations] CAPPING events from decorations provider vscode.git 2513
[2021-05-03 10:02:49.328] [exthost] [warning] [Decorations] CAPPING events from decorations provider vscode.git 2513
[2021-05-03 10:02:54.479] [exthost] [warning] [Decorations] CAPPING events from decorations provider vscode.git 2513
[2021-05-03 10:02:59.612] [exthost] [warning] [Decorations] CAPPING events from decorations provider vscode.git 2513
[2021-05-03 10:03:04.783] [exthost] [warning] [Decorations] CAPPING events from decorations provider vscode.git 2513
[2021-05-03 10:03:13.766] [exthost] [warning] [Decorations] CAPPING events from decorations provider vscode.git 2513
[2021-05-03 10:03:23.095] [exthost] [warning] [Decorations] CAPPING events from decorations provider vscode.git 2513
[2021-05-03 10:03:31.201] [exthost] [warning] [Decorations] CAPPING events from decorations provider vscode.git 2513
[2021-05-03 10:04:39.255] [exthost] [warning] [Decorations] CAPPING events from decorations provider vscode.git 2519
[2021-05-03 10:04:53.196] [exthost] [warning] [Decorations] CAPPING events from decorations provider vscode.git 2519
[2021-05-03 10:04:58.696] [exthost] [warning] [Decorations] CAPPING events from decorations provider vscode.git 2519
[2021-05-03 10:05:03.859] [exthost] [warning] [Decorations] CAPPING events from decorations provider vscode.git 2519
[2021-05-03 10:29:42.621] [exthost] [warning] [Decorations] CAPPING events from decorations provider vscode.git 2521
[2021-05-03 10:29:47.767] [exthost] [warning] [Decorations] CAPPING events from decorations provider vscode.git 2521
[2021-05-03 10:29:55.001] [exthost] [warning] [Decorations] CAPPING events from decorations provider vscode.git 2521
[2021-05-03 10:30:05.228] [exthost] [warning] [Decorations] CAPPING events from decorations provider vscode.git 2521
[2021-05-03 10:30:10.425] [exthost] [warning] [Decorations] CAPPING events from decorations provider vscode.git 2521
[2021-05-03 10:30:16.276] [exthost] [warning] [Decorations] CAPPING events from decorations provider vscode.git 2521
[2021-05-03 10:35:51.082] [exthost] [warning] [Decorations] CAPPING events from decorations provider vscode.git 2529
[2021-05-03 10:35:56.204] [exthost] [warning] [Decorations] CAPPING events from decorations provider vscode.git 2529
[2021-05-03 10:36:01.378] [exthost] [warning] [Decorations] CAPPING events from decorations provider vscode.git 2529
[2021-05-03 10:36:06.510] [exthost] [warning] [Decorations] CAPPING events from decorations provider vscode.git 2529
[2021-05-03 10:36:11.692] [exthost] [warning] [Decorations] CAPPING events from decorations provider vscode.git 2529
[2021-05-03 10:37:17.398] [exthost] [warning] [Decorations] CAPPING events from decorations provider vscode.git 2529
[2021-05-03 10:37:26.902] [exthost] [warning] [Decorations] CAPPING events from decorations provider vscode.git 2529
[2021-05-03 10:37:56.734] [exthost] [warning] [Decorations] CAPPING events from decorations provider vscode.git 2529
[2021-05-03 10:38:22.954] [exthost] [warning] [Decorations] CAPPING events from decorations provider vscode.git 2529
[2021-05-03 10:38:28.090] [exthost] [warning] [Decorations] CAPPING events from decorations provider vscode.git 2529
[2021-05-03 10:38:33.215] [exthost] [warning] [Decorations] CAPPING events from decorations provider vscode.git 2529
[2021-05-03 10:39:23.333] [exthost] [warning] [Decorations] CAPPING events from decorations provider vscode.git 2529
[2021-05-03 10:41:34.249] [exthost] [warning] [Decorations] CAPPING events from decorations provider vscode.git 2529
[2021-05-03 10:43:10.746] [exthost] [warning] [Decorations] CAPPING events from decorations provider vscode.git 2529
[2021-05-03 10:43:23.420] [exthost] [warning] [Decorations] CAPPING events from decorations provider vscode.git 2529
[2021-05-03 10:47:26.891] [exthost] [warning] [Decorations] CAPPING events from decorations provider vscode.git 2533
[2021-05-03 10:50:47.161] [exthost] [warning] [Decorations] CAPPING events from decorations provider vscode.git 2533
[2021-05-03 10:50:59.653] [exthost] [warning] [Decorations] CAPPING events from decorations provider vscode.git 2533
[2021-05-03 10:51:06.558] [exthost] [warning] [Decorations] CAPPING events from decorations provider vscode.git 2533
[2021-05-03 10:52:10.033] [exthost] [warning] [Decorations] CAPPING events from decorations provider vscode.git 2533
[2021-05-03 10:52:15.148] [exthost] [warning] [Decorations] CAPPING events from decorations provider vscode.git 2533
[2021-05-03 10:56:12.513] [exthost] [warning] [Decorations] CAPPING events from decorations provider vscode.git 2535
[2021-05-03 10:56:17.638] [exthost] [warning] [Decorations] CAPPING events from decorations provider vscode.git 2535
[2021-05-03 10:58:07.160] [exthost] [warning] [Decorations] CAPPING events from decorations provider vscode.git 2535
[2021-05-03 10:59:03.836] [exthost] [warning] [Decorations] CAPPING events from decorations provider vscode.git 2537
[2021-05-03 11:00:26.217] [exthost] [warning] [Decorations] CAPPING events from decorations provider vscode.git 2539
[2021-05-03 11:01:11.276] [exthost] [warning] [Decorations] CAPPING events from decorations provider vscode.git 2541
[2021-05-03 11:01:45.552] [exthost] [warning] [Decorations] CAPPING events from decorations provider vscode.git 2541
[2021-05-03 11:01:50.677] [exthost] [warning] [Decorations] CAPPING events from decorations provider vscode.git 2541
[2021-05-03 11:06:11.462] [exthost] [warning] [Decorations] CAPPING events from decorations provider vscode.git 2541
[2021-05-03 11:07:47.203] [exthost] [warning] [Decorations] CAPPING events from decorations provider vscode.git 2546
[2021-05-03 11:07:52.389] [exthost] [warning] [Decorations] CAPPING events from decorations provider vscode.git 2546
[2021-05-03 11:08:00.285] [exthost] [warning] [Decorations] CAPPING events from decorations provider vscode.git 2546
[2021-05-03 11:08:05.482] [exthost] [warning] [Decorations] CAPPING events from decorations provider vscode.git 2546
[2021-05-03 11:08:12.615] [exthost] [warning] [Decorations] CAPPING events from decorations provider vscode.git 2546
[2021-05-03 11:08:22.856] [exthost] [warning] [Decorations] CAPPING events from decorations provider vscode.git 2546
[2021-05-03 11:51:32.185] [exthost] [warning] [Decorations] CAPPING events from decorations provider vscode.git 2557
[2021-05-03 11:51:37.421] [exthost] [warning] [Decorations] CAPPING events from decorations provider vscode.git 2557
[2021-05-03 11:51:55.424] [exthost] [warning] [Decorations] CAPPING events from decorations provider vscode.git 2557
[2021-05-03 11:52:00.639] [exthost] [warning] [Decorations] CAPPING events from decorations provider vscode.git 2557
[2021-05-03 11:52:05.777] [exthost] [warning] [Decorations] CAPPING events from decorations provider vscode.git 2557
[2021-05-03 11:52:24.692] [exthost] [warning] [Decorations] CAPPING events from decorations provider vscode.git 2557
[2021-05-03 12:00:02.656] [exthost] [warning] [Decorations] CAPPING events from decorations provider vscode.git 2557
[2021-05-03 12:00:12.216] [exthost] [warning] [Decorations] CAPPING events from decorations provider vscode.git 2557
[2021-05-03 12:00:18.561] [exthost] [warning] [Decorations] CAPPING events from decorations provider vscode.git 2557
[2021-05-03 12:00:35.162] [exthost] [warning] [Decorations] CAPPING events from decorations provider vscode.git 2557
[2021-05-03 12:00:45.463] [exthost] [warning] [Decorations] CAPPING events from decorations provider vscode.git 2557
[2021-05-03 12:03:48.626] [exthost] [warning] [Decorations] CAPPING events from decorations provider vscode.git 2557
[2021-05-03 12:03:53.765] [exthost] [warning] [Decorations] CAPPING events from decorations provider vscode.git 2557
[2021-05-03 12:04:14.112] [exthost] [info] ExtensionService#_doActivateExtension vscode.css-language-features {"startup":false,"extensionId":{"value":"vscode.css-language-features","_lower":"vscode.css-language-features"},"activationEvent":"onLanguage:css"}
[2021-05-03 12:04:14.113] [exthost] [info] ExtensionService#loadCommonJSModule file:///snap/code/62/usr/share/code/resources/app/extensions/css-language-features/client/dist/node/cssClientMain
[2021-05-03 12:07:26.780] [exthost] [warning] [Decorations] CAPPING events from decorations provider vscode.git 2558
[2021-05-03 12:07:37.512] [exthost] [warning] [Decorations] CAPPING events from decorations provider vscode.git 2558
[2021-05-03 12:07:42.664] [exthost] [warning] [Decorations] CAPPING events from decorations provider vscode.git 2558
[2021-05-03 12:07:55.569] [exthost] [warning] [Decorations] CAPPING events from decorations provider vscode.git 2558
[2021-05-03 12:08:00.724] [exthost] [warning] [Decorations] CAPPING events from decorations provider vscode.git 2558
[2021-05-03 12:08:05.926] [exthost] [warning] [Decorations] CAPPING events from decorations provider vscode.git 2558
[2021-05-03 12:08:13.589] [exthost] [warning] [Decorations] CAPPING events from decorations provider vscode.git 2558
[2021-05-03 12:08:35.537] [exthost] [warning] [Decorations] CAPPING events from decorations provider vscode.git 2558
[2021-05-03 12:08:47.655] [exthost] [warning] [Decorations] CAPPING events from decorations provider vscode.git 2558
[2021-05-03 12:10:41.987] [exthost] [warning] [Decorations] CAPPING events from decorations provider vscode.git 2558
[2021-05-03 12:10:47.143] [exthost] [warning] [Decorations] CAPPING events from decorations provider vscode.git 2558
[2021-05-03 13:16:50.738] [exthost] [warning] [Decorations] CAPPING events from decorations provider vscode.git 2558
[2021-05-03 13:16:55.888] [exthost] [warning] [Decorations] CAPPING events from decorations provider vscode.git 2558
[2021-05-03 13:17:01.014] [exthost] [warning] [Decorations] CAPPING events from decorations provider vscode.git 2558
[2021-05-03 13:17:06.143] [exthost] [warning] [Decorations] CAPPING events from decorations provider vscode.git 2558
[2021-05-03 13:18:59.253] [exthost] [warning] [Decorations] CAPPING events from decorations provider vscode.git 2558
[2021-05-03 13:19:04.390] [exthost] [warning] [Decorations] CAPPING events from decorations provider vscode.git 2558
[2021-05-03 13:19:09.529] [exthost] [warning] [Decorations] CAPPING events from decorations provider vscode.git 2558
[2021-05-03 13:19:14.651] [exthost] [warning] [Decorations] CAPPING events from decorations provider vscode.git 2558
[2021-05-03 13:19:22.813] [exthost] [warning] [Decorations] CAPPING events from decorations provider vscode.git 2558
[2021-05-03 13:19:27.956] [exthost] [warning] [Decorations] CAPPING events from decorations provider vscode.git 2558
[2021-05-03 13:19:48.687] [exthost] [warning] [Decorations] CAPPING events from decorations provider vscode.git 2558
[2021-05-03 13:29:35.928] [exthost] [warning] [Decorations] CAPPING events from decorations provider vscode.git 2558
[2021-05-03 13:30:44.940] [exthost] [warning] [Decorations] CAPPING events from decorations provider vscode.git 2558
[2021-05-03 13:33:49.078] [exthost] [warning] [Decorations] CAPPING events from decorations provider vscode.git 2561
[2021-05-03 13:33:54.215] [exthost] [warning] [Decorations] CAPPING events from decorations provider vscode.git 2561
[2021-05-03 13:35:29.424] [exthost] [warning] [Decorations] CAPPING events from decorations provider vscode.git 2561
[2021-05-03 13:38:01.093] [exthost] [warning] [Decorations] CAPPING events from decorations provider vscode.git 2561
[2021-05-03 13:38:06.208] [exthost] [warning] [Decorations] CAPPING events from decorations provider vscode.git 2561
[2021-05-03 13:38:25.614] [exthost] [warning] [Decorations] CAPPING events from decorations provider vscode.git 2561
[2021-05-03 13:38:41.426] [exthost] [warning] [Decorations] CAPPING events from decorations provider vscode.git 2561
[2021-05-03 13:38:46.559] [exthost] [warning] [Decorations] CAPPING events from decorations provider vscode.git 2561
[2021-05-03 13:38:51.695] [exthost] [warning] [Decorations] CAPPING events from decorations provider vscode.git 2561
[2021-05-03 13:41:05.278] [exthost] [warning] [Decorations] CAPPING events from decorations provider vscode.git 2561
[2021-05-03 13:41:10.410] [exthost] [warning] [Decorations] CAPPING events from decorations provider vscode.git 2561
[2021-05-03 13:41:15.543] [exthost] [warning] [Decorations] CAPPING events from decorations provider vscode.git 2561
[2021-05-03 13:41:30.884] [exthost] [warning] [Decorations] CAPPING events from decorations provider vscode.git 2561
[2021-05-03 13:41:44.715] [exthost] [warning] [Decorations] CAPPING events from decorations provider vscode.git 2561
[2021-05-03 13:41:51.420] [exthost] [warning] [Decorations] CAPPING events from decorations provider vscode.git 2561
[2021-05-03 13:43:09.276] [exthost] [warning] [Decorations] CAPPING events from decorations provider vscode.git 2561
[2021-05-03 13:43:14.409] [exthost] [warning] [Decorations] CAPPING events from decorations provider vscode.git 2561
[2021-05-03 13:48:07.839] [exthost] [warning] [Decorations] CAPPING events from decorations provider vscode.git 2561
[2021-05-03 13:59:17.412] [exthost] [warning] [Decorations] CAPPING events from decorations provider vscode.git 2561
[2021-05-03 13:59:22.512] [exthost] [warning] [Decorations] CAPPING events from decorations provider vscode.git 2561
[2021-05-03 14:23:22.267] [exthost] [warning] [Decorations] CAPPING events from decorations provider vscode.git 2562
[2021-05-03 14:23:27.387] [exthost] [warning] [Decorations] CAPPING events from decorations provider vscode.git 2562
[2021-05-03 14:25:01.022] [exthost] [warning] [Decorations] CAPPING events from decorations provider vscode.git 2562
[2021-05-03 14:25:06.152] [exthost] [warning] [Decorations] CAPPING events from decorations provider vscode.git 2562
[2021-05-03 14:25:14.632] [exthost] [warning] [Decorations] CAPPING events from decorations provider vscode.git 2562
[2021-05-03 14:25:19.762] [exthost] [warning] [Decorations] CAPPING events from decorations provider vscode.git 2562
[2021-05-03 14:25:47.655] [exthost] [warning] [Decorations] CAPPING events from decorations provider vscode.git 2562
[2021-05-03 14:25:52.792] [exthost] [warning] [Decorations] CAPPING events from decorations provider vscode.git 2562
[2021-05-03 14:25:57.924] [exthost] [warning] [Decorations] CAPPING events from decorations provider vscode.git 2562
[2021-05-03 14:29:25.245] [exthost] [warning] [Decorations] CAPPING events from decorations provider vscode.git 2562
[2021-05-03 14:29:30.346] [exthost] [warning] [Decorations] CAPPING events from decorations provider vscode.git 2562
[2021-05-03 14:30:35.640] [exthost] [info] ExtensionService#_doActivateExtension vscode.search-result {"startup":false,"extensionId":{"value":"vscode.search-result","_lower":"vscode.search-result"},"activationEvent":"onLanguage:search-result"}
[2021-05-03 14:30:35.640] [exthost] [info] ExtensionService#loadCommonJSModule file:///snap/code/62/usr/share/code/resources/app/extensions/search-result/dist/extension.js
[2021-05-03 14:34:52.402] [exthost] [warning] [Decorations] CAPPING events from decorations provider vscode.git 2565
[2021-05-03 14:34:57.509] [exthost] [warning] [Decorations] CAPPING events from decorations provider vscode.git 2565
[2021-05-03 14:36:32.647] [exthost] [warning] [Decorations] CAPPING events from decorations provider vscode.git 2565
[2021-05-03 14:36:37.792] [exthost] [warning] [Decorations] CAPPING events from decorations provider vscode.git 2565
[2021-05-03 14:37:21.858] [exthost] [warning] [Decorations] CAPPING events from decorations provider vscode.git 2565
[2021-05-03 14:37:26.980] [exthost] [warning] [Decorations] CAPPING events from decorations provider vscode.git 2565
[2021-05-03 14:38:01.357] [exthost] [warning] [Decorations] CAPPING events from decorations provider vscode.git 2565
[2021-05-03 14:38:06.502] [exthost] [warning] [Decorations] CAPPING events from decorations provider vscode.git 2565
[2021-05-03 14:38:11.938] [exthost] [warning] [Decorations] CAPPING events from decorations provider vscode.git 2565
[2021-05-03 14:38:17.126] [exthost] [warning] [Decorations] CAPPING events from decorations provider vscode.git 2565
[2021-05-03 14:43:58.778] [exthost] [warning] [Decorations] CAPPING events from decorations provider vscode.git 2565
[2021-05-03 14:46:19.706] [exthost] [warning] [Decorations] CAPPING events from decorations provider vscode.git 2567
[2021-05-03 14:46:24.809] [exthost] [warning] [Decorations] CAPPING events from decorations provider vscode.git 2567
[2021-05-03 14:46:29.912] [exthost] [warning] [Decorations] CAPPING events from decorations provider vscode.git 2567
[2021-05-03 14:46:36.408] [exthost] [warning] [Decorations] CAPPING events from decorations provider vscode.git 2567
[2021-05-03 14:46:43.503] [exthost] [warning] [Decorations] CAPPING events from decorations provider vscode.git 2567
[2021-05-03 14:46:48.810] [exthost] [warning] [Decorations] CAPPING events from decorations provider vscode.git 2567
[2021-05-03 14:46:56.758] [exthost] [warning] [Decorations] CAPPING events from decorations provider vscode.git 2567
[2021-05-03 14:47:07.497] [exthost] [warning] [Decorations] CAPPING events from decorations provider vscode.git 2567
[2021-05-03 14:47:12.597] [exthost] [warning] [Decorations] CAPPING events from decorations provider vscode.git 2567
[2021-05-03 14:47:25.580] [exthost] [warning] [Decorations] CAPPING events from decorations provider vscode.git 2567
[2021-05-03 14:47:30.715] [exthost] [warning] [Decorations] CAPPING events from decorations provider vscode.git 2567
[2021-05-03 14:48:23.789] [exthost] [warning] [Decorations] CAPPING events from decorations provider vscode.git 2567
[2021-05-03 14:48:30.628] [exthost] [warning] [Decorations] CAPPING events from decorations provider vscode.git 2567
[2021-05-03 14:48:35.773] [exthost] [warning] [Decorations] CAPPING events from decorations provider vscode.git 2567
[2021-05-03 14:48:40.910] [exthost] [warning] [Decorations] CAPPING events from decorations provider vscode.git 2567
[2021-05-03 14:48:46.043] [exthost] [warning] [Decorations] CAPPING events from decorations provider vscode.git 2567
[2021-05-03 14:48:51.173] [exthost] [warning] [Decorations] CAPPING events from decorations provider vscode.git 2567
[2021-05-03 14:48:56.285] [exthost] [warning] [Decorations] CAPPING events from decorations provider vscode.git 2567
[2021-05-03 14:49:01.395] [exthost] [warning] [Decorations] CAPPING events from decorations provider vscode.git 2567
[2021-05-03 14:49:06.535] [exthost] [warning] [Decorations] CAPPING events from decorations provider vscode.git 2567
[2021-05-03 14:49:16.065] [exthost] [warning] [Decorations] CAPPING events from decorations provider vscode.git 2567
[2021-05-03 14:49:24.765] [exthost] [warning] [Decorations] CAPPING events from decorations provider vscode.git 2567
[2021-05-03 14:49:29.911] [exthost] [warning] [Decorations] CAPPING events from decorations provider vscode.git 2567
[2021-05-03 14:49:35.046] [exthost] [warning] [Decorations] CAPPING events from decorations provider vscode.git 2567
[2021-05-03 14:49:40.186] [exthost] [warning] [Decorations] CAPPING events from decorations provider vscode.git 2567
[2021-05-03 14:49:45.314] [exthost] [warning] [Decorations] CAPPING events from decorations provider vscode.git 2567
[2021-05-03 14:49:53.778] [exthost] [warning] [Decorations] CAPPING events from decorations provider vscode.git 2567
[2021-05-03 14:50:01.580] [exthost] [warning] [Decorations] CAPPING events from decorations provider vscode.git 2567
[2021-05-03 14:51:12.299] [exthost] [warning] [Decorations] CAPPING events from decorations provider vscode.git 2567
[2021-05-03 14:51:17.430] [exthost] [warning] [Decorations] CAPPING events from decorations provider vscode.git 2567
[2021-05-03 14:51:28.294] [exthost] [warning] [Decorations] CAPPING events from decorations provider vscode.git 2567
[2021-05-03 14:51:33.474] [exthost] [warning] [Decorations] CAPPING events from decorations provider vscode.git 2567
[2021-05-03 14:52:51.915] [exthost] [warning] [Decorations] CAPPING events from decorations provider vscode.git 2567
[2021-05-03 14:52:57.029] [exthost] [warning] [Decorations] CAPPING events from decorations provider vscode.git 2567
[2021-05-03 14:53:21.276] [exthost] [warning] [Decorations] CAPPING events from decorations provider vscode.git 2567
[2021-05-03 14:53:26.387] [exthost] [warning] [Decorations] CAPPING events from decorations provider vscode.git 2567
[2021-05-03 14:53:31.515] [exthost] [warning] [Decorations] CAPPING events from decorations provider vscode.git 2567
[2021-05-03 14:53:40.438] [exthost] [warning] [Decorations] CAPPING events from decorations provider vscode.git 2567
[2021-05-03 14:53:50.861] [exthost] [warning] [Decorations] CAPPING events from decorations provider vscode.git 2567
[2021-05-03 14:53:55.989] [exthost] [warning] [Decorations] CAPPING events from decorations provider vscode.git 2567
[2021-05-03 14:58:35.809] [exthost] [warning] [Decorations] CAPPING events from decorations provider vscode.git 2568
[2021-05-03 14:58:40.950] [exthost] [warning] [Decorations] CAPPING events from decorations provider vscode.git 2568
[2021-05-03 14:59:41.597] [exthost] [warning] [Decorations] CAPPING events from decorations provider vscode.git 2568
[2021-05-03 14:59:46.723] [exthost] [warning] [Decorations] CAPPING events from decorations provider vscode.git 2568
[2021-05-03 14:59:51.921] [exthost] [warning] [Decorations] CAPPING events from decorations provider vscode.git 2568
[2021-05-03 15:24:14.218] [exthost] [warning] [Decorations] CAPPING events from decorations provider vscode.git 2568
[2021-05-03 15:24:28.542] [exthost] [warning] [Decorations] CAPPING events from decorations provider vscode.git 2568
[2021-05-03 15:24:33.675] [exthost] [warning] [Decorations] CAPPING events from decorations provider vscode.git 2568
[2021-05-03 15:30:11.290] [exthost] [warning] [Decorations] CAPPING events from decorations provider vscode.git 2568
[2021-05-03 15:30:16.438] [exthost] [warning] [Decorations] CAPPING events from decorations provider vscode.git 2568
[2021-05-03 15:30:28.758] [exthost] [warning] [Decorations] CAPPING events from decorations provider vscode.git 2568
[2021-05-03 15:30:35.339] [exthost] [warning] [Decorations] CAPPING events from decorations provider vscode.git 2568
[2021-05-03 15:31:06.807] [exthost] [warning] [Decorations] CAPPING events from decorations provider vscode.git 2568
[2021-05-03 15:31:12.031] [exthost] [warning] [Decorations] CAPPING events from decorations provider vscode.git 2568
[2021-05-03 15:31:17.140] [exthost] [warning] [Decorations] CAPPING events from decorations provider vscode.git 2568
[2021-05-03 15:31:22.271] [exthost] [warning] [Decorations] CAPPING events from decorations provider vscode.git 2568
[2021-05-03 15:31:30.610] [exthost] [warning] [Decorations] CAPPING events from decorations provider vscode.git 2568
[2021-05-03 15:31:59.653] [exthost] [warning] [Decorations] CAPPING events from decorations provider vscode.git 2568
[2021-05-03 16:08:58.921] [exthost] [warning] [Decorations] CAPPING events from decorations provider vscode.git 2568
[2021-05-03 16:09:04.258] [exthost] [warning] [Decorations] CAPPING events from decorations provider vscode.git 2568
[2021-05-03 16:09:09.602] [exthost] [warning] [Decorations] CAPPING events from decorations provider vscode.git 2568
[2021-05-03 16:09:14.930] [exthost] [warning] [Decorations] CAPPING events from decorations provider vscode.git 2568
[2021-05-03 16:09:30.305] [exthost] [warning] [Decorations] CAPPING events from decorations provider vscode.git 2568
[2021-05-03 16:09:37.431] [exthost] [warning] [Decorations] CAPPING events from decorations provider vscode.git 2568
[2021-05-03 16:09:59.989] [exthost] [warning] [Decorations] CAPPING events from decorations provider vscode.git 2568
[2021-05-03 16:10:09.992] [exthost] [warning] [Decorations] CAPPING events from decorations provider vscode.git 2568
[2021-05-03 16:10:15.166] [exthost] [warning] [Decorations] CAPPING events from decorations provider vscode.git 2568
[2021-05-03 16:10:20.363] [exthost] [warning] [Decorations] CAPPING events from decorations provider vscode.git 2568
[2021-05-03 16:10:25.602] [exthost] [warning] [Decorations] CAPPING events from decorations provider vscode.git 2568
[2021-05-03 16:11:44.906] [exthost] [warning] [Decorations] CAPPING events from decorations provider vscode.git 2568
[2021-05-03 16:15:49.325] [exthost] [warning] [Decorations] CAPPING events from decorations provider vscode.git 2568
[2021-05-03 16:17:52.420] [exthost] [warning] [Decorations] CAPPING events from decorations provider vscode.git 2568
[2021-05-03 16:17:57.576] [exthost] [warning] [Decorations] CAPPING events from decorations provider vscode.git 2568
[2021-05-03 16:18:11.526] [exthost] [warning] [Decorations] CAPPING events from decorations provider vscode.git 2568
[2021-05-03 16:19:03.664] [exthost] [warning] [Decorations] CAPPING events from decorations provider vscode.git 2568
[2021-05-03 16:19:08.789] [exthost] [warning] [Decorations] CAPPING events from decorations provider vscode.git 2568
[2021-05-03 16:19:13.923] [exthost] [warning] [Decorations] CAPPING events from decorations provider vscode.git 2568
[2021-05-03 16:21:25.123] [exthost] [warning] [Decorations] CAPPING events from decorations provider vscode.git 2568
[2021-05-03 16:21:30.264] [exthost] [warning] [Decorations] CAPPING events from decorations provider vscode.git 2568
[2021-05-03 16:25:02.242] [exthost] [warning] [Decorations] CAPPING events from decorations provider vscode.git 2568
[2021-05-03 16:30:53.716] [exthost] [warning] [Decorations] CAPPING events from decorations provider vscode.git 2568
[2021-05-03 16:30:58.829] [exthost] [warning] [Decorations] CAPPING events from decorations provider vscode.git 2568
[2021-05-03 16:31:50.649] [exthost] [warning] [Decorations] CAPPING events from decorations provider vscode.git 2568
[2021-05-03 16:31:55.774] [exthost] [warning] [Decorations] CAPPING events from decorations provider vscode.git 2568
[2021-05-03 16:32:25.722] [exthost] [warning] [Decorations] CAPPING events from decorations provider vscode.git 2568
[2021-05-03 16:32:30.988] [exthost] [warning] [Decorations] CAPPING events from decorations provider vscode.git 2568
[2021-05-03 16:33:04.983] [exthost] [warning] [Decorations] CAPPING events from decorations provider vscode.git 2568
[2021-05-03 16:36:50.871] [exthost] [warning] [Decorations] CAPPING events from decorations provider vscode.git 2568
[2021-05-03 16:36:55.984] [exthost] [warning] [Decorations] CAPPING events from decorations provider vscode.git 2568
[2021-05-03 16:37:17.229] [exthost] [warning] [Decorations] CAPPING events from decorations provider vscode.git 2568
[2021-05-03 16:37:22.331] [exthost] [warning] [Decorations] CAPPING events from decorations provider vscode.git 2568
[2021-05-03 16:40:15.955] [exthost] [warning] [Decorations] CAPPING events from decorations provider vscode.git 2568
[2021-05-03 16:40:21.060] [exthost] [warning] [Decorations] CAPPING events from decorations provider vscode.git 2568
[2021-05-03 16:40:56.982] [exthost] [warning] [Decorations] CAPPING events from decorations provider vscode.git 2568
[2021-05-03 16:41:02.088] [exthost] [warning] [Decorations] CAPPING events from decorations provider vscode.git 2568
[2021-05-03 16:41:09.300] [exthost] [warning] [Decorations] CAPPING events from decorations provider vscode.git 2568
[2021-05-03 16:41:14.460] [exthost] [warning] [Decorations] CAPPING events from decorations provider vscode.git 2568
[2021-05-03 16:42:22.844] [exthost] [warning] [Decorations] CAPPING events from decorations provider vscode.git 2568
[2021-05-03 16:42:28.036] [exthost] [warning] [Decorations] CAPPING events from decorations provider vscode.git 2568
[2021-05-03 16:42:36.747] [exthost] [warning] [Decorations] CAPPING events from decorations provider vscode.git 2568
[2021-05-03 16:42:41.898] [exthost] [warning] [Decorations] CAPPING events from decorations provider vscode.git 2568
[2021-05-03 16:43:35.367] [exthost] [warning] [Decorations] CAPPING events from decorations provider vscode.git 2568
[2021-05-03 16:43:46.378] [exthost] [warning] [Decorations] CAPPING events from decorations provider vscode.git 2568
[2021-05-03 16:43:51.886] [exthost] [warning] [Decorations] CAPPING events from decorations provider vscode.git 2568
[2021-05-03 16:43:57.893] [exthost] [warning] [Decorations] CAPPING events from decorations provider vscode.git 2568
[2021-05-03 16:44:20.645] [exthost] [warning] [Decorations] CAPPING events from decorations provider vscode.git 2568
[2021-05-03 16:44:29.560] [exthost] [warning] [Decorations] CAPPING events from decorations provider vscode.git 2568
[2021-05-03 16:44:34.771] [exthost] [warning] [Decorations] CAPPING events from decorations provider vscode.git 2568
[2021-05-03 16:44:39.908] [exthost] [warning] [Decorations] CAPPING events from decorations provider vscode.git 2568
[2021-05-03 16:44:45.629] [exthost] [warning] [Decorations] CAPPING events from decorations provider vscode.git 2568
[2021-05-03 16:45:53.787] [exthost] [warning] [Decorations] CAPPING events from decorations provider vscode.git 2569
[2021-05-03 16:46:49.983] [exthost] [warning] [Decorations] CAPPING events from decorations provider vscode.git 2569
[2021-05-03 16:49:01.281] [exthost] [warning] [Decorations] CAPPING events from decorations provider vscode.git 2569
[2021-05-03 16:49:06.420] [exthost] [warning] [Decorations] CAPPING events from decorations provider vscode.git 2569
[2021-05-03 16:49:11.628] [exthost] [warning] [Decorations] CAPPING events from decorations provider vscode.git 2569
[2021-05-03 16:49:16.771] [exthost] [warning] [Decorations] CAPPING events from decorations provider vscode.git 2569
[2021-05-03 16:50:16.887] [exthost] [warning] [Decorations] CAPPING events from decorations provider vscode.git 2569
[2021-05-03 16:50:21.986] [exthost] [warning] [Decorations] CAPPING events from decorations provider vscode.git 2569
[2021-05-03 16:54:32.200] [exthost] [warning] [Decorations] CAPPING events from decorations provider vscode.git 2569
[2021-05-03 16:54:37.299] [exthost] [warning] [Decorations] CAPPING events from decorations provider vscode.git 2569
[2021-05-03 16:54:42.418] [exthost] [warning] [Decorations] CAPPING events from decorations provider vscode.git 2569
[2021-05-03 16:55:08.331] [exthost] [warning] [Decorations] CAPPING events from decorations provider vscode.git 2569
[2021-05-03 16:55:13.481] [exthost] [warning] [Decorations] CAPPING events from decorations provider vscode.git 2569
[2021-05-03 16:58:34.363] [exthost] [warning] [Decorations] CAPPING events from decorations provider vscode.git 2569
[2021-05-03 16:58:47.680] [exthost] [warning] [Decorations] CAPPING events from decorations provider vscode.git 2569
[2021-05-03 17:04:02.327] [exthost] [warning] [Decorations] CAPPING events from decorations provider vscode.git 2569
[2021-05-03 17:04:17.510] [exthost] [warning] [Decorations] CAPPING events from decorations provider vscode.git 2569
[2021-05-03 17:04:22.644] [exthost] [warning] [Decorations] CAPPING events from decorations provider vscode.git 2569
[2021-05-03 17:05:20.787] [exthost] [warning] [Decorations] CAPPING events from decorations provider vscode.git 2569
[2021-05-03 17:05:26.617] [exthost] [warning] [Decorations] CAPPING events from decorations provider vscode.git 2569
[2021-05-03 17:06:04.540] [exthost] [warning] [Decorations] CAPPING events from decorations provider vscode.git 2569
[2021-05-03 17:06:35.575] [exthost] [warning] [Decorations] CAPPING events from decorations provider vscode.git 2569
[2021-05-03 17:06:44.881] [exthost] [warning] [Decorations] CAPPING events from decorations provider vscode.git 2569
[2021-05-03 17:07:13.123] [exthost] [warning] [Decorations] CAPPING events from decorations provider vscode.git 2569
[2021-05-03 17:08:01.889] [exthost] [warning] [Decorations] CAPPING events from decorations provider vscode.git 2569
[2021-05-03 17:09:11.522] [exthost] [warning] [Decorations] CAPPING events from decorations provider vscode.git 2569
[2021-05-03 17:09:16.657] [exthost] [warning] [Decorations] CAPPING events from decorations provider vscode.git 2569
[2021-05-03 17:09:23.023] [exthost] [warning] [Decorations] CAPPING events from decorations provider vscode.git 2569
[2021-05-03 17:09:30.923] [exthost] [warning] [Decorations] CAPPING events from decorations provider vscode.git 2569
[2021-05-03 17:10:21.295] [exthost] [warning] [Decorations] CAPPING events from decorations provider vscode.git 2569
[2021-05-03 17:12:21.007] [exthost] [warning] [Decorations] CAPPING events from decorations provider vscode.git 2569
[2021-05-03 17:13:11.668] [exthost] [warning] [Decorations] CAPPING events from decorations provider vscode.git 2569
[2021-05-03 17:13:16.798] [exthost] [warning] [Decorations] CAPPING events from decorations provider vscode.git 2569
[2021-05-03 17:14:31.847] [exthost] [warning] [Decorations] CAPPING events from decorations provider vscode.git 2569
[2021-05-03 17:14:36.976] [exthost] [warning] [Decorations] CAPPING events from decorations provider vscode.git 2569
[2021-05-03 17:14:42.105] [exthost] [warning] [Decorations] CAPPING events from decorations provider vscode.git 2569
[2021-05-03 17:15:05.456] [exthost] [warning] [Decorations] CAPPING events from decorations provider vscode.git 2569
[2021-05-03 17:15:10.578] [exthost] [warning] [Decorations] CAPPING events from decorations provider vscode.git 2569
[2021-05-03 17:16:46.905] [exthost] [warning] [Decorations] CAPPING events from decorations provider vscode.git 2569
[2021-05-03 17:17:50.679] [exthost] [warning] [Decorations] CAPPING events from decorations provider vscode.git 2569
[2021-05-03 17:17:55.815] [exthost] [warning] [Decorations] CAPPING events from decorations provider vscode.git 2569
[2021-05-03 17:18:40.676] [exthost] [warning] [Decorations] CAPPING events from decorations provider vscode.git 2569
[2021-05-03 17:18:56.365] [exthost] [warning] [Decorations] CAPPING events from decorations provider vscode.git 2569
[2021-05-03 17:19:01.532] [exthost] [warning] [Decorations] CAPPING events from decorations provider vscode.git 2569
[2021-05-03 17:19:53.621] [exthost] [warning] [Decorations] CAPPING events from decorations provider vscode.git 2569
[2021-05-03 17:19:58.791] [exthost] [warning] [Decorations] CAPPING events from decorations provider vscode.git 2569
[2021-05-03 17:20:07.156] [exthost] [warning] [Decorations] CAPPING events from decorations provider vscode.git 2569
[2021-05-03 17:20:56.354] [exthost] [warning] [Decorations] CAPPING events from decorations provider vscode.git 2569
[2021-05-03 17:21:01.464] [exthost] [warning] [Decorations] CAPPING events from decorations provider vscode.git 2569
[2021-05-03 17:21:10.340] [exthost] [warning] [Decorations] CAPPING events from decorations provider vscode.git 2569
[2021-05-03 17:21:15.476] [exthost] [warning] [Decorations] CAPPING events from decorations provider vscode.git 2569
[2021-05-04 15:05:08.350] [exthost] [warning] [Decorations] CAPPING events from decorations provider vscode.git 2569
[2021-05-04 15:05:27.535] [exthost] [warning] [Decorations] CAPPING events from decorations provider vscode.git 2569
[2021-05-04 15:05:32.725] [exthost] [warning] [Decorations] CAPPING events from decorations provider vscode.git 2569
[2021-05-04 15:06:42.488] [exthost] [warning] [Decorations] CAPPING events from decorations provider vscode.git 2569
[2021-05-04 15:07:05.717] [exthost] [warning] [Decorations] CAPPING events from decorations provider vscode.git 2569
[2021-05-04 15:07:53.653] [exthost] [warning] [Decorations] CAPPING events from decorations provider vscode.git 2569
[2021-05-04 15:07:58.821] [exthost] [warning] [Decorations] CAPPING events from decorations provider vscode.git 2569
[2021-05-04 15:09:55.955] [exthost] [warning] [Decorations] CAPPING events from decorations provider vscode.git 2569
[2021-05-04 15:10:01.115] [exthost] [warning] [Decorations] CAPPING events from decorations provider vscode.git 2569
[2021-05-04 15:11:00.709] [exthost] [warning] [Decorations] CAPPING events from decorations provider vscode.git 2569
[2021-05-04 15:11:05.864] [exthost] [warning] [Decorations] CAPPING events from decorations provider vscode.git 2569
[2021-05-04 15:16:24.468] [exthost] [warning] [Decorations] CAPPING events from decorations provider vscode.git 2569
[2021-05-04 15:16:29.618] [exthost] [warning] [Decorations] CAPPING events from decorations provider vscode.git 2569
[2021-05-04 15:16:34.766] [exthost] [warning] [Decorations] CAPPING events from decorations provider vscode.git 2569
[2021-05-04 15:17:25.929] [exthost] [warning] [Decorations] CAPPING events from decorations provider vscode.git 2569
[2021-05-04 15:17:31.051] [exthost] [warning] [Decorations] CAPPING events from decorations provider vscode.git 2569
[2021-05-04 15:19:00.844] [exthost] [warning] [Decorations] CAPPING events from decorations provider vscode.git 2569
[2021-05-04 15:19:05.978] [exthost] [warning] [Decorations] CAPPING events from decorations provider vscode.git 2569
[2021-05-04 15:19:27.351] [exthost] [warning] [Decorations] CAPPING events from decorations provider vscode.git 2569
[2021-05-04 15:19:40.171] [exthost] [warning] [Decorations] CAPPING events from decorations provider vscode.git 2569
[2021-05-04 15:19:48.741] [exthost] [warning] [Decorations] CAPPING events from decorations provider vscode.git 2569
[2021-05-04 15:19:54.901] [exthost] [warning] [Decorations] CAPPING events from decorations provider vscode.git 2569
[2021-05-04 15:23:53.681] [exthost] [warning] [Decorations] CAPPING events from decorations provider vscode.git 2569
[2021-05-04 15:26:08.315] [exthost] [warning] [Decorations] CAPPING events from decorations provider vscode.git 2569
[2021-05-04 15:27:58.423] [exthost] [warning] [Decorations] CAPPING events from decorations provider vscode.git 2569
[2021-05-04 15:28:03.559] [exthost] [warning] [Decorations] CAPPING events from decorations provider vscode.git 2569
[2021-05-04 15:29:02.078] [exthost] [warning] [Decorations] CAPPING events from decorations provider vscode.git 2569
[2021-05-04 15:29:15.905] [exthost] [warning] [Decorations] CAPPING events from decorations provider vscode.git 2569
[2021-05-04 15:29:21.057] [exthost] [warning] [Decorations] CAPPING events from decorations provider vscode.git 2569
[2021-05-04 15:29:26.260] [exthost] [warning] [Decorations] CAPPING events from decorations provider vscode.git 2569
[2021-05-04 15:29:31.364] [exthost] [warning] [Decorations] CAPPING events from decorations provider vscode.git 2569
[2021-05-04 15:29:41.931] [exthost] [warning] [Decorations] CAPPING events from decorations provider vscode.git 2569
[2021-05-04 15:29:47.079] [exthost] [warning] [Decorations] CAPPING events from decorations provider vscode.git 2569
[2021-05-04 15:30:10.273] [exthost] [warning] [Decorations] CAPPING events from decorations provider vscode.git 2569
[2021-05-04 15:30:17.476] [exthost] [warning] [Decorations] CAPPING events from decorations provider vscode.git 2569
[2021-05-04 15:31:12.540] [exthost] [warning] [Decorations] CAPPING events from decorations provider vscode.git 2569
[2021-05-04 15:31:17.697] [exthost] [warning] [Decorations] CAPPING events from decorations provider vscode.git 2569
[2021-05-04 15:31:49.921] [exthost] [warning] [Decorations] CAPPING events from decorations provider vscode.git 2569
[2021-05-04 15:31:55.122] [exthost] [warning] [Decorations] CAPPING events from decorations provider vscode.git 2569
[2021-05-04 15:32:34.062] [exthost] [warning] [Decorations] CAPPING events from decorations provider vscode.git 2569
[2021-05-04 15:33:51.452] [exthost] [warning] [Decorations] CAPPING events from decorations provider vscode.git 2569
[2021-05-04 15:33:56.591] [exthost] [warning] [Decorations] CAPPING events from decorations provider vscode.git 2569
[2021-05-04 15:34:45.510] [exthost] [warning] [Decorations] CAPPING events from decorations provider vscode.git 2570
[2021-05-04 15:34:50.685] [exthost] [warning] [Decorations] CAPPING events from decorations provider vscode.git 2570
[2021-05-04 15:38:38.640] [exthost] [warning] [Decorations] CAPPING events from decorations provider vscode.git 2570
[2021-05-04 15:38:55.865] [exthost] [warning] [Decorations] CAPPING events from decorations provider vscode.git 2570
[2021-05-04 15:42:01.808] [exthost] [warning] [Decorations] CAPPING events from decorations provider vscode.git 2570
[2021-05-04 15:42:10.449] [exthost] [warning] [Decorations] CAPPING events from decorations provider vscode.git 2570
[2021-05-04 15:42:19.975] [exthost] [warning] [Decorations] CAPPING events from decorations provider vscode.git 2570
[2021-05-04 15:45:07.735] [exthost] [warning] [Decorations] CAPPING events from decorations provider vscode.git 2570
[2021-05-04 15:45:12.956] [exthost] [warning] [Decorations] CAPPING events from decorations provider vscode.git 2570
[2021-05-04 15:45:55.534] [exthost] [warning] [Decorations] CAPPING events from decorations provider vscode.git 2570
[2021-05-04 15:46:22.633] [exthost] [warning] [Decorations] CAPPING events from decorations provider vscode.git 2570
[2021-05-04 15:46:42.106] [exthost] [warning] [Decorations] CAPPING events from decorations provider vscode.git 2570
