[2021-06-09 20:34:08.608] [exthost] [info] extension host started
[2021-06-09 20:34:09.079] [exthost] [info] ExtensionService#_doActivateExtension vscode.microsoft-authentication {"startup":false,"extensionId":{"value":"vscode.microsoft-authentication","_lower":"vscode.microsoft-authentication"},"activationEvent":"onAuthenticationRequest:microsoft"}
[2021-06-09 20:34:09.080] [exthost] [info] ExtensionService#loadCommonJSModule file:///snap/code/65/usr/share/code/resources/app/extensions/microsoft-authentication/dist/extension.js
[2021-06-09 20:34:09.119] [exthost] [info] ExtensionService#_doActivateExtension vscode.php-language-features {"startup":false,"extensionId":{"value":"vscode.php-language-features","_lower":"vscode.php-language-features"},"activationEvent":"onLanguage:php"}
[2021-06-09 20:34:09.119] [exthost] [info] ExtensionService#loadCommonJSModule file:///snap/code/65/usr/share/code/resources/app/extensions/php-language-features/dist/phpMain
[2021-06-09 20:34:09.139] [exthost] [info] ExtensionService#_doActivateExtension vscode.debug-auto-launch {"startup":true,"extensionId":{"value":"vscode.debug-auto-launch","_lower":"vscode.debug-auto-launch"},"activationEvent":"*"}
[2021-06-09 20:34:09.139] [exthost] [info] ExtensionService#loadCommonJSModule file:///snap/code/65/usr/share/code/resources/app/extensions/debug-auto-launch/dist/extension
[2021-06-09 20:34:09.145] [exthost] [info] ExtensionService#_doActivateExtension vscode.git {"startup":true,"extensionId":{"value":"vscode.github","_lower":"vscode.github"},"activationEvent":"*"}
[2021-06-09 20:34:09.145] [exthost] [info] ExtensionService#loadCommonJSModule file:///snap/code/65/usr/share/code/resources/app/extensions/git/dist/main
[2021-06-09 20:34:09.189] [exthost] [info] ExtensionService#_doActivateExtension humy2833.ftp-simple {"startup":true,"extensionId":{"value":"humy2833.ftp-simple","_lower":"humy2833.ftp-simple"},"activationEvent":"*"}
[2021-06-09 20:34:09.189] [exthost] [info] ExtensionService#loadCommonJSModule file:///root/.vscode/extensions/humy2833.ftp-simple-0.7.6/extension
[2021-06-09 20:34:10.641] [exthost] [info] ExtensionService#_doActivateExtension vscode.github {"startup":true,"extensionId":{"value":"vscode.github","_lower":"vscode.github"},"activationEvent":"*"}
[2021-06-09 20:34:10.641] [exthost] [info] ExtensionService#loadCommonJSModule file:///snap/code/65/usr/share/code/resources/app/extensions/github/dist/extension.js
[2021-06-09 20:34:10.784] [exthost] [info] eager extensions activated
[2021-06-09 20:34:11.133] [exthost] [warning] [Decorations] CAPPING events from decorations provider vscode.git 3911
[2021-06-09 20:34:12.857] [exthost] [info] ExtensionService#_doActivateExtension ms-vscode.js-debug {"startup":false,"extensionId":{"value":"ms-vscode.js-debug","_lower":"ms-vscode.js-debug"},"activationEvent":"onCommand:extension.js-debug.clearAutoAttachVariables"}
[2021-06-09 20:34:12.857] [exthost] [info] ExtensionService#loadCommonJSModule file:///snap/code/65/usr/share/code/resources/app/extensions/ms-vscode.js-debug/src/extension.js
[2021-06-09 20:34:13.063] [exthost] [info] ExtensionService#_doActivateExtension vscode.emmet {"startup":false,"extensionId":{"value":"vscode.emmet","_lower":"vscode.emmet"},"activationEvent":"onStartupFinished"}
[2021-06-09 20:34:13.063] [exthost] [info] ExtensionService#loadCommonJSModule file:///snap/code/65/usr/share/code/resources/app/extensions/emmet/dist/node/emmetNodeMain
[2021-06-09 20:34:13.076] [exthost] [info] ExtensionService#_doActivateExtension vscode.merge-conflict {"startup":false,"extensionId":{"value":"vscode.merge-conflict","_lower":"vscode.merge-conflict"},"activationEvent":"onStartupFinished"}
[2021-06-09 20:34:13.076] [exthost] [info] ExtensionService#loadCommonJSModule file:///snap/code/65/usr/share/code/resources/app/extensions/merge-conflict/dist/mergeConflictMain
[2021-06-09 20:34:13.078] [exthost] [info] ExtensionService#_doActivateExtension vscode.testing-editor-contributions {"startup":false,"extensionId":{"value":"vscode.testing-editor-contributions","_lower":"vscode.testing-editor-contributions"},"activationEvent":"onStartupFinished"}
[2021-06-09 20:34:13.079] [exthost] [info] ExtensionService#loadCommonJSModule file:///snap/code/65/usr/share/code/resources/app/extensions/testing-editor-contributions/dist/extension.js
[2021-06-09 20:34:13.456] [exthost] [info] ExtensionService#_doActivateExtension vscode.github-authentication {"startup":false,"extensionId":{"value":"vscode.github-authentication","_lower":"vscode.github-authentication"},"activationEvent":"onAuthenticationRequest:github"}
[2021-06-09 20:34:13.456] [exthost] [info] ExtensionService#loadCommonJSModule file:///snap/code/65/usr/share/code/resources/app/extensions/github-authentication/dist/extension.js
[2021-06-09 20:41:31.839] [exthost] [warning] [Decorations] CAPPING events from decorations provider vscode.git 3912
[2021-06-09 20:41:36.968] [exthost] [warning] [Decorations] CAPPING events from decorations provider vscode.git 3899
[2021-06-09 20:42:16.689] [exthost] [warning] [Decorations] CAPPING events from decorations provider vscode.git 3899
[2021-06-09 21:05:35.283] [exthost] [warning] [Decorations] CAPPING events from decorations provider vscode.git 3899
[2021-06-09 21:06:32.763] [exthost] [warning] [Decorations] CAPPING events from decorations provider vscode.git 3899
[2021-06-09 21:06:37.899] [exthost] [warning] [Decorations] CAPPING events from decorations provider vscode.git 3899
[2021-06-09 21:07:45.198] [exthost] [warning] [Decorations] CAPPING events from decorations provider vscode.git 3899
[2021-06-09 21:07:50.342] [exthost] [warning] [Decorations] CAPPING events from decorations provider vscode.git 3899
[2021-06-09 21:08:18.234] [exthost] [warning] [Decorations] CAPPING events from decorations provider vscode.git 3899
[2021-06-09 21:09:47.264] [exthost] [warning] [Decorations] CAPPING events from decorations provider vscode.git 3899
[2021-06-09 21:09:52.531] [exthost] [warning] [Decorations] CAPPING events from decorations provider vscode.git 3899
[2021-06-09 21:09:59.105] [exthost] [warning] [Decorations] CAPPING events from decorations provider vscode.git 3899
[2021-06-09 21:10:06.450] [exthost] [warning] [Decorations] CAPPING events from decorations provider vscode.git 3899
[2021-06-09 21:10:39.153] [exthost] [warning] [Decorations] CAPPING events from decorations provider vscode.git 3899
[2021-06-09 21:10:44.295] [exthost] [warning] [Decorations] CAPPING events from decorations provider vscode.git 3899
[2021-06-09 21:10:49.432] [exthost] [warning] [Decorations] CAPPING events from decorations provider vscode.git 3899
[2021-06-09 21:10:54.650] [exthost] [warning] [Decorations] CAPPING events from decorations provider vscode.git 3899
[2021-06-09 21:10:59.912] [exthost] [warning] [Decorations] CAPPING events from decorations provider vscode.git 3899
[2021-06-09 21:11:05.136] [exthost] [warning] [Decorations] CAPPING events from decorations provider vscode.git 3899
[2021-06-09 21:11:50.450] [exthost] [warning] [Decorations] CAPPING events from decorations provider vscode.git 3899
[2021-06-09 21:11:57.828] [exthost] [warning] [Decorations] CAPPING events from decorations provider vscode.git 3899
[2021-06-09 21:12:03.009] [exthost] [warning] [Decorations] CAPPING events from decorations provider vscode.git 3899
[2021-06-10 07:06:03.900] [exthost] [warning] [Decorations] CAPPING events from decorations provider vscode.git 3899
[2021-06-10 07:08:39.910] [exthost] [warning] [Decorations] CAPPING events from decorations provider vscode.git 3899
[2021-06-10 07:08:42.791] [exthost] [info] ExtensionService#_doActivateExtension onecentlin.laravel-blade {"startup":false,"extensionId":{"value":"onecentlin.laravel-blade","_lower":"onecentlin.laravel-blade"},"activationEvent":"onLanguage:blade"}
[2021-06-10 07:08:42.793] [exthost] [info] ExtensionService#loadCommonJSModule file:///root/.vscode/extensions/onecentlin.laravel-blade-1.25.0/out/extension
[2021-06-10 07:08:45.101] [exthost] [warning] [Decorations] CAPPING events from decorations provider vscode.git 3900
[2021-06-10 07:55:52.246] [exthost] [warning] [Decorations] CAPPING events from decorations provider vscode.git 3900
[2021-06-10 07:55:57.416] [exthost] [warning] [Decorations] CAPPING events from decorations provider vscode.git 3900
[2021-06-10 07:56:02.645] [exthost] [warning] [Decorations] CAPPING events from decorations provider vscode.git 3900
[2021-06-10 07:56:07.832] [exthost] [warning] [Decorations] CAPPING events from decorations provider vscode.git 3900
[2021-06-10 07:56:12.963] [exthost] [warning] [Decorations] CAPPING events from decorations provider vscode.git 3900
[2021-06-10 07:56:50.012] [exthost] [warning] [Decorations] CAPPING events from decorations provider vscode.git 3900
[2021-06-10 08:01:45.775] [exthost] [warning] [Decorations] CAPPING events from decorations provider vscode.git 3900
[2021-06-10 08:01:56.707] [exthost] [warning] [Decorations] CAPPING events from decorations provider vscode.git 3900
[2021-06-10 08:02:30.152] [exthost] [warning] [Decorations] CAPPING events from decorations provider vscode.git 3900
[2021-06-10 08:04:26.388] [exthost] [warning] [Decorations] CAPPING events from decorations provider vscode.git 3900
[2021-06-10 08:07:58.074] [exthost] [warning] [Decorations] CAPPING events from decorations provider vscode.git 3900
[2021-06-10 08:09:17.859] [exthost] [warning] [Decorations] CAPPING events from decorations provider vscode.git 3900
[2021-06-10 08:09:23.044] [exthost] [warning] [Decorations] CAPPING events from decorations provider vscode.git 3900
[2021-06-10 08:09:58.719] [exthost] [info] ExtensionService#_doActivateExtension vscode.html-language-features {"startup":false,"extensionId":{"value":"vscode.html-language-features","_lower":"vscode.html-language-features"},"activationEvent":"onLanguage:html"}
[2021-06-10 08:09:58.720] [exthost] [info] ExtensionService#loadCommonJSModule file:///snap/code/65/usr/share/code/resources/app/extensions/html-language-features/client/dist/node/htmlClientMain
[2021-06-10 08:11:35.882] [exthost] [warning] [Decorations] CAPPING events from decorations provider vscode.git 3900
[2021-06-10 08:11:41.005] [exthost] [warning] [Decorations] CAPPING events from decorations provider vscode.git 3900
[2021-06-10 08:11:48.756] [exthost] [warning] [Decorations] CAPPING events from decorations provider vscode.git 3900
[2021-06-10 08:11:57.087] [exthost] [warning] [Decorations] CAPPING events from decorations provider vscode.git 3900
[2021-06-10 08:12:02.293] [exthost] [warning] [Decorations] CAPPING events from decorations provider vscode.git 3900
[2021-06-10 08:12:13.169] [exthost] [warning] [Decorations] CAPPING events from decorations provider vscode.git 3900
[2021-06-10 08:12:18.325] [exthost] [warning] [Decorations] CAPPING events from decorations provider vscode.git 3900
[2021-06-10 08:12:23.480] [exthost] [warning] [Decorations] CAPPING events from decorations provider vscode.git 3900
[2021-06-10 08:12:28.661] [exthost] [warning] [Decorations] CAPPING events from decorations provider vscode.git 3900
[2021-06-10 08:15:37.977] [exthost] [warning] [Decorations] CAPPING events from decorations provider vscode.git 3900
[2021-06-10 08:15:43.107] [exthost] [warning] [Decorations] CAPPING events from decorations provider vscode.git 3900
[2021-06-10 08:15:48.276] [exthost] [warning] [Decorations] CAPPING events from decorations provider vscode.git 3900
[2021-06-10 08:15:55.498] [exthost] [warning] [Decorations] CAPPING events from decorations provider vscode.git 3900
[2021-06-10 08:16:00.717] [exthost] [warning] [Decorations] CAPPING events from decorations provider vscode.git 3900
[2021-06-10 08:16:13.157] [exthost] [warning] [Decorations] CAPPING events from decorations provider vscode.git 3900
[2021-06-10 09:52:18.421] [exthost] [warning] [Decorations] CAPPING events from decorations provider vscode.git 3900
[2021-06-10 09:52:42.469] [exthost] [warning] [Decorations] CAPPING events from decorations provider vscode.git 3900
[2021-06-10 09:52:47.668] [exthost] [warning] [Decorations] CAPPING events from decorations provider vscode.git 3900
[2021-06-10 09:53:02.898] [exthost] [warning] [Decorations] CAPPING events from decorations provider vscode.git 3900
[2021-06-10 09:53:13.741] [exthost] [warning] [Decorations] CAPPING events from decorations provider vscode.git 3900
[2021-06-10 09:53:28.677] [exthost] [warning] [Decorations] CAPPING events from decorations provider vscode.git 3900
[2021-06-10 09:55:44.798] [exthost] [warning] [Decorations] CAPPING events from decorations provider vscode.git 3900
[2021-06-10 11:11:26.144] [exthost] [warning] [Decorations] CAPPING events from decorations provider vscode.git 3900
[2021-06-10 11:11:35.406] [exthost] [warning] [Decorations] CAPPING events from decorations provider vscode.git 3900
[2021-06-10 11:11:50.538] [exthost] [warning] [Decorations] CAPPING events from decorations provider vscode.git 3900
[2021-06-10 11:18:04.782] [exthost] [warning] [Decorations] CAPPING events from decorations provider vscode.git 3900
[2021-06-10 11:27:38.017] [exthost] [warning] [Decorations] CAPPING events from decorations provider vscode.git 3900
[2021-06-10 11:27:45.936] [exthost] [warning] [Decorations] CAPPING events from decorations provider vscode.git 3900
[2021-06-10 11:27:51.078] [exthost] [warning] [Decorations] CAPPING events from decorations provider vscode.git 3900
[2021-06-10 11:27:56.187] [exthost] [warning] [Decorations] CAPPING events from decorations provider vscode.git 3900
[2021-06-10 11:28:17.231] [exthost] [warning] [Decorations] CAPPING events from decorations provider vscode.git 3900
[2021-06-10 11:28:27.622] [exthost] [warning] [Decorations] CAPPING events from decorations provider vscode.git 3900
[2021-06-10 11:28:32.909] [exthost] [warning] [Decorations] CAPPING events from decorations provider vscode.git 3900
[2021-06-10 11:29:14.502] [exthost] [warning] [Decorations] CAPPING events from decorations provider vscode.git 3900
[2021-06-10 11:30:20.819] [exthost] [warning] [Decorations] CAPPING events from decorations provider vscode.git 3900
[2021-06-10 11:30:25.959] [exthost] [warning] [Decorations] CAPPING events from decorations provider vscode.git 3900
[2021-06-10 11:31:45.305] [exthost] [warning] [Decorations] CAPPING events from decorations provider vscode.git 3900
[2021-06-10 11:32:45.936] [exthost] [warning] [Decorations] CAPPING events from decorations provider vscode.git 3900
[2021-06-10 11:32:51.159] [exthost] [warning] [Decorations] CAPPING events from decorations provider vscode.git 3900
[2021-06-10 11:34:08.810] [exthost] [warning] [Decorations] CAPPING events from decorations provider vscode.git 3900
[2021-06-10 11:34:22.500] [exthost] [warning] [Decorations] CAPPING events from decorations provider vscode.git 3900
[2021-06-10 11:34:43.539] [exthost] [warning] [Decorations] CAPPING events from decorations provider vscode.git 3900
[2021-06-10 11:35:26.414] [exthost] [warning] [Decorations] CAPPING events from decorations provider vscode.git 3900
[2021-06-10 11:36:23.485] [exthost] [warning] [Decorations] CAPPING events from decorations provider vscode.git 3900
[2021-06-10 11:36:28.625] [exthost] [warning] [Decorations] CAPPING events from decorations provider vscode.git 3900
[2021-06-10 11:37:04.112] [exthost] [warning] [Decorations] CAPPING events from decorations provider vscode.git 3900
[2021-06-10 11:38:12.598] [exthost] [warning] [Decorations] CAPPING events from decorations provider vscode.git 3900
[2021-06-10 11:38:54.465] [exthost] [warning] [Decorations] CAPPING events from decorations provider vscode.git 3900
[2021-06-10 11:38:59.585] [exthost] [warning] [Decorations] CAPPING events from decorations provider vscode.git 3900
[2021-06-10 11:39:15.669] [exthost] [warning] [Decorations] CAPPING events from decorations provider vscode.git 3900
[2021-06-10 11:40:26.397] [exthost] [warning] [Decorations] CAPPING events from decorations provider vscode.git 3900
[2021-06-10 11:40:31.530] [exthost] [warning] [Decorations] CAPPING events from decorations provider vscode.git 3900
[2021-06-10 11:42:39.303] [exthost] [warning] [Decorations] CAPPING events from decorations provider vscode.git 3900
[2021-06-10 11:42:47.057] [exthost] [warning] [Decorations] CAPPING events from decorations provider vscode.git 3900
[2021-06-10 11:52:28.381] [exthost] [warning] [Decorations] CAPPING events from decorations provider vscode.git 3900
[2021-06-10 11:52:33.496] [exthost] [warning] [Decorations] CAPPING events from decorations provider vscode.git 3900
[2021-06-10 11:53:48.734] [exthost] [warning] [Decorations] CAPPING events from decorations provider vscode.git 3900
[2021-06-10 11:53:53.881] [exthost] [warning] [Decorations] CAPPING events from decorations provider vscode.git 3900
[2021-06-10 11:53:59.002] [exthost] [warning] [Decorations] CAPPING events from decorations provider vscode.git 3900
[2021-06-10 11:54:04.140] [exthost] [warning] [Decorations] CAPPING events from decorations provider vscode.git 3900
[2021-06-10 11:54:09.288] [exthost] [warning] [Decorations] CAPPING events from decorations provider vscode.git 3900
[2021-06-10 11:54:14.422] [exthost] [warning] [Decorations] CAPPING events from decorations provider vscode.git 3900
[2021-06-10 11:54:19.562] [exthost] [warning] [Decorations] CAPPING events from decorations provider vscode.git 3900
[2021-06-10 11:54:24.680] [exthost] [warning] [Decorations] CAPPING events from decorations provider vscode.git 3900
[2021-06-10 11:54:29.779] [exthost] [warning] [Decorations] CAPPING events from decorations provider vscode.git 3900
[2021-06-10 11:54:35.048] [exthost] [warning] [Decorations] CAPPING events from decorations provider vscode.git 3900
[2021-06-10 11:54:40.195] [exthost] [warning] [Decorations] CAPPING events from decorations provider vscode.git 3900
[2021-06-10 11:54:47.997] [exthost] [warning] [Decorations] CAPPING events from decorations provider vscode.git 3900
[2021-06-10 11:55:14.090] [exthost] [warning] [Decorations] CAPPING events from decorations provider vscode.git 3900
[2021-06-10 11:55:19.232] [exthost] [warning] [Decorations] CAPPING events from decorations provider vscode.git 3900
[2021-06-10 11:55:24.369] [exthost] [warning] [Decorations] CAPPING events from decorations provider vscode.git 3900
[2021-06-10 11:55:29.488] [exthost] [warning] [Decorations] CAPPING events from decorations provider vscode.git 3900
[2021-06-10 11:55:34.655] [exthost] [warning] [Decorations] CAPPING events from decorations provider vscode.git 3900
[2021-06-10 11:55:39.840] [exthost] [warning] [Decorations] CAPPING events from decorations provider vscode.git 3900
[2021-06-10 11:56:21.005] [exthost] [warning] [Decorations] CAPPING events from decorations provider vscode.git 3900
[2021-06-10 11:56:26.146] [exthost] [warning] [Decorations] CAPPING events from decorations provider vscode.git 3900
[2021-06-10 12:16:11.840] [exthost] [warning] [Decorations] CAPPING events from decorations provider vscode.git 3900
[2021-06-10 12:16:16.964] [exthost] [warning] [Decorations] CAPPING events from decorations provider vscode.git 3900
[2021-06-10 12:16:22.076] [exthost] [warning] [Decorations] CAPPING events from decorations provider vscode.git 3900
[2021-06-10 12:16:27.220] [exthost] [warning] [Decorations] CAPPING events from decorations provider vscode.git 3900
[2021-06-10 12:16:32.390] [exthost] [warning] [Decorations] CAPPING events from decorations provider vscode.git 3900
[2021-06-10 12:16:56.322] [exthost] [warning] [Decorations] CAPPING events from decorations provider vscode.git 3900
[2021-06-10 12:17:01.458] [exthost] [warning] [Decorations] CAPPING events from decorations provider vscode.git 3900
[2021-06-10 12:17:07.147] [exthost] [warning] [Decorations] CAPPING events from decorations provider vscode.git 3900
[2021-06-10 12:17:38.536] [exthost] [warning] [Decorations] CAPPING events from decorations provider vscode.git 3900
[2021-06-10 12:18:02.266] [exthost] [warning] [Decorations] CAPPING events from decorations provider vscode.git 3900
[2021-06-10 12:18:17.280] [exthost] [warning] [Decorations] CAPPING events from decorations provider vscode.git 3900
[2021-06-10 12:18:22.416] [exthost] [warning] [Decorations] CAPPING events from decorations provider vscode.git 3900
[2021-06-10 12:18:28.273] [exthost] [warning] [Decorations] CAPPING events from decorations provider vscode.git 3900
[2021-06-10 12:18:43.920] [exthost] [warning] [Decorations] CAPPING events from decorations provider vscode.git 3900
[2021-06-10 12:18:56.551] [exthost] [warning] [Decorations] CAPPING events from decorations provider vscode.git 3900
[2021-06-10 12:20:11.916] [exthost] [warning] [Decorations] CAPPING events from decorations provider vscode.git 3900
[2021-06-10 12:20:18.783] [exthost] [warning] [Decorations] CAPPING events from decorations provider vscode.git 3900
[2021-06-10 12:20:25.688] [exthost] [warning] [Decorations] CAPPING events from decorations provider vscode.git 3900
[2021-06-10 12:20:44.799] [exthost] [warning] [Decorations] CAPPING events from decorations provider vscode.git 3900
[2021-06-10 12:20:53.404] [exthost] [warning] [Decorations] CAPPING events from decorations provider vscode.git 3900
[2021-06-10 12:21:08.669] [exthost] [warning] [Decorations] CAPPING events from decorations provider vscode.git 3900
[2021-06-10 12:21:49.785] [exthost] [warning] [Decorations] CAPPING events from decorations provider vscode.git 3900
[2021-06-10 12:23:01.504] [exthost] [warning] [Decorations] CAPPING events from decorations provider vscode.git 3900
[2021-06-10 12:23:31.596] [exthost] [warning] [Decorations] CAPPING events from decorations provider vscode.git 3900
[2021-06-10 12:23:36.739] [exthost] [warning] [Decorations] CAPPING events from decorations provider vscode.git 3900
[2021-06-10 12:24:00.133] [exthost] [warning] [Decorations] CAPPING events from decorations provider vscode.git 3900
[2021-06-10 12:24:05.321] [exthost] [warning] [Decorations] CAPPING events from decorations provider vscode.git 3900
[2021-06-10 12:24:53.564] [exthost] [warning] [Decorations] CAPPING events from decorations provider vscode.git 3900
[2021-06-10 12:25:00.791] [exthost] [warning] [Decorations] CAPPING events from decorations provider vscode.git 3900
[2021-06-10 12:25:05.934] [exthost] [warning] [Decorations] CAPPING events from decorations provider vscode.git 3900
[2021-06-10 12:25:11.074] [exthost] [warning] [Decorations] CAPPING events from decorations provider vscode.git 3900
[2021-06-10 12:25:16.219] [exthost] [warning] [Decorations] CAPPING events from decorations provider vscode.git 3900
[2021-06-10 12:25:27.090] [exthost] [warning] [Decorations] CAPPING events from decorations provider vscode.git 3900
[2021-06-10 12:25:32.218] [exthost] [warning] [Decorations] CAPPING events from decorations provider vscode.git 3900
[2021-06-10 12:25:41.985] [exthost] [warning] [Decorations] CAPPING events from decorations provider vscode.git 3900
[2021-06-10 12:26:05.011] [exthost] [warning] [Decorations] CAPPING events from decorations provider vscode.git 3900
[2021-06-10 12:26:10.163] [exthost] [warning] [Decorations] CAPPING events from decorations provider vscode.git 3900
[2021-06-10 12:26:15.309] [exthost] [warning] [Decorations] CAPPING events from decorations provider vscode.git 3900
[2021-06-10 12:26:22.636] [exthost] [warning] [Decorations] CAPPING events from decorations provider vscode.git 3900
[2021-06-10 12:26:32.634] [exthost] [warning] [Decorations] CAPPING events from decorations provider vscode.git 3900
[2021-06-10 12:26:42.532] [exthost] [warning] [Decorations] CAPPING events from decorations provider vscode.git 3900
[2021-06-10 12:27:15.386] [exthost] [warning] [Decorations] CAPPING events from decorations provider vscode.git 3900
[2021-06-10 12:27:28.653] [exthost] [warning] [Decorations] CAPPING events from decorations provider vscode.git 3900
[2021-06-10 12:27:35.064] [exthost] [warning] [Decorations] CAPPING events from decorations provider vscode.git 3900
[2021-06-10 12:27:48.171] [exthost] [warning] [Decorations] CAPPING events from decorations provider vscode.git 3900
[2021-06-10 12:27:53.388] [exthost] [warning] [Decorations] CAPPING events from decorations provider vscode.git 3900
[2021-06-10 12:28:07.451] [exthost] [warning] [Decorations] CAPPING events from decorations provider vscode.git 3900
[2021-06-10 12:28:12.595] [exthost] [warning] [Decorations] CAPPING events from decorations provider vscode.git 3900
[2021-06-10 12:29:49.763] [exthost] [warning] [Decorations] CAPPING events from decorations provider vscode.git 3900
[2021-06-10 12:31:36.348] [exthost] [warning] [Decorations] CAPPING events from decorations provider vscode.git 3900
[2021-06-10 12:55:49.804] [exthost] [warning] [Decorations] CAPPING events from decorations provider vscode.git 3900
[2021-06-10 12:55:54.936] [exthost] [warning] [Decorations] CAPPING events from decorations provider vscode.git 3900
[2021-06-10 12:56:47.121] [exthost] [warning] [Decorations] CAPPING events from decorations provider vscode.git 3900
[2021-06-10 13:00:02.236] [exthost] [warning] [Decorations] CAPPING events from decorations provider vscode.git 3900
[2021-06-10 13:00:14.307] [exthost] [warning] [Decorations] CAPPING events from decorations provider vscode.git 3900
[2021-06-10 13:00:19.683] [exthost] [warning] [Decorations] CAPPING events from decorations provider vscode.git 3900
[2021-06-10 13:00:25.903] [exthost] [warning] [Decorations] CAPPING events from decorations provider vscode.git 3900
[2021-06-10 13:02:13.299] [exthost] [warning] [Decorations] CAPPING events from decorations provider vscode.git 3900
[2021-06-10 13:05:15.643] [exthost] [warning] [Decorations] CAPPING events from decorations provider vscode.git 3900
[2021-06-10 13:05:25.799] [exthost] [warning] [Decorations] CAPPING events from decorations provider vscode.git 3900
[2021-06-10 13:05:39.029] [exthost] [warning] [Decorations] CAPPING events from decorations provider vscode.git 3900
[2021-06-10 13:05:44.171] [exthost] [warning] [Decorations] CAPPING events from decorations provider vscode.git 3900
[2021-06-10 13:10:38.472] [exthost] [warning] [Decorations] CAPPING events from decorations provider vscode.git 3900
[2021-06-10 13:10:48.075] [exthost] [warning] [Decorations] CAPPING events from decorations provider vscode.git 3900
[2021-06-10 13:10:53.218] [exthost] [warning] [Decorations] CAPPING events from decorations provider vscode.git 3900
[2021-06-10 13:10:58.383] [exthost] [warning] [Decorations] CAPPING events from decorations provider vscode.git 3900
[2021-06-10 13:11:08.683] [exthost] [warning] [Decorations] CAPPING events from decorations provider vscode.git 3900
[2021-06-10 13:11:23.248] [exthost] [warning] [Decorations] CAPPING events from decorations provider vscode.git 3900
[2021-06-10 13:11:38.550] [exthost] [warning] [Decorations] CAPPING events from decorations provider vscode.git 3900
[2021-06-10 13:11:43.687] [exthost] [warning] [Decorations] CAPPING events from decorations provider vscode.git 3900
[2021-06-10 13:13:12.127] [exthost] [warning] [Decorations] CAPPING events from decorations provider vscode.git 3900
[2021-06-10 13:13:17.271] [exthost] [warning] [Decorations] CAPPING events from decorations provider vscode.git 3900
[2021-06-10 13:13:29.255] [exthost] [warning] [Decorations] CAPPING events from decorations provider vscode.git 3900
[2021-06-10 13:13:34.412] [exthost] [warning] [Decorations] CAPPING events from decorations provider vscode.git 3900
[2021-06-10 13:13:59.261] [exthost] [warning] [Decorations] CAPPING events from decorations provider vscode.git 3900
[2021-06-10 13:14:04.410] [exthost] [warning] [Decorations] CAPPING events from decorations provider vscode.git 3900
[2021-06-10 13:14:39.805] [exthost] [warning] [Decorations] CAPPING events from decorations provider vscode.git 3900
[2021-06-10 13:14:44.950] [exthost] [warning] [Decorations] CAPPING events from decorations provider vscode.git 3900
[2021-06-10 13:14:50.086] [exthost] [warning] [Decorations] CAPPING events from decorations provider vscode.git 3900
[2021-06-10 13:15:04.634] [exthost] [warning] [Decorations] CAPPING events from decorations provider vscode.git 3900
[2021-06-10 13:15:18.808] [exthost] [warning] [Decorations] CAPPING events from decorations provider vscode.git 3900
[2021-06-10 13:15:29.337] [exthost] [warning] [Decorations] CAPPING events from decorations provider vscode.git 3900
[2021-06-10 13:16:24.299] [exthost] [warning] [Decorations] CAPPING events from decorations provider vscode.git 3900
[2021-06-10 13:16:29.426] [exthost] [warning] [Decorations] CAPPING events from decorations provider vscode.git 3900
[2021-06-10 13:16:41.135] [exthost] [warning] [Decorations] CAPPING events from decorations provider vscode.git 3900
[2021-06-10 13:16:53.385] [exthost] [warning] [Decorations] CAPPING events from decorations provider vscode.git 3900
[2021-06-10 13:17:10.206] [exthost] [warning] [Decorations] CAPPING events from decorations provider vscode.git 3900
[2021-06-10 13:17:22.641] [exthost] [warning] [Decorations] CAPPING events from decorations provider vscode.git 3900
[2021-06-10 13:17:47.197] [exthost] [warning] [Decorations] CAPPING events from decorations provider vscode.git 3900
[2021-06-10 13:17:57.282] [exthost] [warning] [Decorations] CAPPING events from decorations provider vscode.git 3900
[2021-06-10 13:18:08.960] [exthost] [warning] [Decorations] CAPPING events from decorations provider vscode.git 3900
[2021-06-10 13:18:18.915] [exthost] [warning] [Decorations] CAPPING events from decorations provider vscode.git 3900
[2021-06-10 13:18:24.636] [exthost] [warning] [Decorations] CAPPING events from decorations provider vscode.git 3900
[2021-06-10 13:19:29.743] [exthost] [warning] [Decorations] CAPPING events from decorations provider vscode.git 3900
[2021-06-10 13:19:34.847] [exthost] [warning] [Decorations] CAPPING events from decorations provider vscode.git 3900
[2021-06-10 13:19:42.259] [exthost] [warning] [Decorations] CAPPING events from decorations provider vscode.git 3900
[2021-06-10 13:20:01.336] [exthost] [warning] [Decorations] CAPPING events from decorations provider vscode.git 3900
[2021-06-10 13:21:01.370] [exthost] [warning] [Decorations] CAPPING events from decorations provider vscode.git 3900
[2021-06-10 13:21:06.509] [exthost] [warning] [Decorations] CAPPING events from decorations provider vscode.git 3900
[2021-06-10 13:21:20.212] [exthost] [warning] [Decorations] CAPPING events from decorations provider vscode.git 3900
[2021-06-10 13:21:25.409] [exthost] [warning] [Decorations] CAPPING events from decorations provider vscode.git 3900
[2021-06-10 13:21:30.523] [exthost] [warning] [Decorations] CAPPING events from decorations provider vscode.git 3900
[2021-06-10 13:21:49.196] [exthost] [warning] [Decorations] CAPPING events from decorations provider vscode.git 3900
[2021-06-10 13:22:01.383] [exthost] [warning] [Decorations] CAPPING events from decorations provider vscode.git 3900
[2021-06-10 13:22:57.481] [exthost] [warning] [Decorations] CAPPING events from decorations provider vscode.git 3900
[2021-06-10 13:23:02.622] [exthost] [warning] [Decorations] CAPPING events from decorations provider vscode.git 3900
[2021-06-10 13:23:23.301] [exthost] [warning] [Decorations] CAPPING events from decorations provider vscode.git 3900
[2021-06-10 13:23:28.510] [exthost] [warning] [Decorations] CAPPING events from decorations provider vscode.git 3900
[2021-06-10 13:23:57.467] [exthost] [warning] [Decorations] CAPPING events from decorations provider vscode.git 3900
[2021-06-10 13:24:03.156] [exthost] [warning] [Decorations] CAPPING events from decorations provider vscode.git 3900
[2021-06-10 13:24:44.636] [exthost] [warning] [Decorations] CAPPING events from decorations provider vscode.git 3900
[2021-06-10 13:24:49.843] [exthost] [warning] [Decorations] CAPPING events from decorations provider vscode.git 3900
[2021-06-10 13:25:26.553] [exthost] [warning] [Decorations] CAPPING events from decorations provider vscode.git 3900
[2021-06-10 13:25:32.423] [exthost] [warning] [Decorations] CAPPING events from decorations provider vscode.git 3900
[2021-06-10 13:26:10.791] [exthost] [warning] [Decorations] CAPPING events from decorations provider vscode.git 3900
[2021-06-10 13:26:15.904] [exthost] [warning] [Decorations] CAPPING events from decorations provider vscode.git 3900
[2021-06-10 13:26:54.008] [exthost] [warning] [Decorations] CAPPING events from decorations provider vscode.git 3900
[2021-06-10 13:26:59.612] [exthost] [warning] [Decorations] CAPPING events from decorations provider vscode.git 3900
[2021-06-10 13:27:45.158] [exthost] [warning] [Decorations] CAPPING events from decorations provider vscode.git 3900
[2021-06-10 13:27:51.870] [exthost] [warning] [Decorations] CAPPING events from decorations provider vscode.git 3900
[2021-06-10 13:28:36.267] [exthost] [warning] [Decorations] CAPPING events from decorations provider vscode.git 3900
[2021-06-10 13:29:08.760] [exthost] [warning] [Decorations] CAPPING events from decorations provider vscode.git 3900
[2021-06-10 13:29:44.241] [exthost] [warning] [Decorations] CAPPING events from decorations provider vscode.git 3900
[2021-06-10 13:30:25.776] [exthost] [warning] [Decorations] CAPPING events from decorations provider vscode.git 3900
[2021-06-10 13:30:31.453] [exthost] [warning] [Decorations] CAPPING events from decorations provider vscode.git 3900
[2021-06-10 18:18:09.444] [exthost] [info] extension host terminating: received terminate message from renderer
[2021-06-10 18:18:10.485] [exthost] [info] exiting with code 0
