[2021-06-08 12:35:17.619] [exthost] [info] extension host started
[2021-06-08 12:35:17.806] [exthost] [info] ExtensionService#_doActivateExtension vscode.microsoft-authentication {"startup":false,"extensionId":{"value":"vscode.microsoft-authentication","_lower":"vscode.microsoft-authentication"},"activationEvent":"onAuthenticationRequest:microsoft"}
[2021-06-08 12:35:17.806] [exthost] [info] ExtensionService#loadCommonJSModule file:///snap/code/65/usr/share/code/resources/app/extensions/microsoft-authentication/dist/extension.js
[2021-06-08 12:35:17.822] [exthost] [info] ExtensionService#_doActivateExtension vscode.debug-auto-launch {"startup":true,"extensionId":{"value":"vscode.debug-auto-launch","_lower":"vscode.debug-auto-launch"},"activationEvent":"*"}
[2021-06-08 12:35:17.824] [exthost] [info] ExtensionService#loadCommonJSModule file:///snap/code/65/usr/share/code/resources/app/extensions/debug-auto-launch/dist/extension
[2021-06-08 12:35:17.838] [exthost] [info] ExtensionService#_doActivateExtension vscode.git {"startup":true,"extensionId":{"value":"vscode.github","_lower":"vscode.github"},"activationEvent":"*"}
[2021-06-08 12:35:17.838] [exthost] [info] ExtensionService#loadCommonJSModule file:///snap/code/65/usr/share/code/resources/app/extensions/git/dist/main
[2021-06-08 12:35:17.889] [exthost] [info] ExtensionService#_doActivateExtension humy2833.ftp-simple {"startup":true,"extensionId":{"value":"humy2833.ftp-simple","_lower":"humy2833.ftp-simple"},"activationEvent":"*"}
[2021-06-08 12:35:17.889] [exthost] [info] ExtensionService#loadCommonJSModule file:///root/.vscode/extensions/humy2833.ftp-simple-0.7.6/extension
[2021-06-08 12:35:18.962] [exthost] [info] ExtensionService#_doActivateExtension vscode.github {"startup":true,"extensionId":{"value":"vscode.github","_lower":"vscode.github"},"activationEvent":"*"}
[2021-06-08 12:35:18.962] [exthost] [info] ExtensionService#loadCommonJSModule file:///snap/code/65/usr/share/code/resources/app/extensions/github/dist/extension.js
[2021-06-08 12:35:19.075] [exthost] [info] eager extensions activated
[2021-06-08 12:35:19.145] [exthost] [info] ExtensionService#_doActivateExtension ms-vscode.js-debug {"startup":false,"extensionId":{"value":"ms-vscode.js-debug","_lower":"ms-vscode.js-debug"},"activationEvent":"onCommand:extension.js-debug.clearAutoAttachVariables"}
[2021-06-08 12:35:19.145] [exthost] [info] ExtensionService#loadCommonJSModule file:///snap/code/65/usr/share/code/resources/app/extensions/ms-vscode.js-debug/src/extension.js
[2021-06-08 12:35:19.440] [exthost] [info] ExtensionService#_doActivateExtension vscode.emmet {"startup":false,"extensionId":{"value":"vscode.emmet","_lower":"vscode.emmet"},"activationEvent":"onStartupFinished"}
[2021-06-08 12:35:19.440] [exthost] [info] ExtensionService#loadCommonJSModule file:///snap/code/65/usr/share/code/resources/app/extensions/emmet/dist/node/emmetNodeMain
[2021-06-08 12:35:19.460] [exthost] [info] ExtensionService#_doActivateExtension vscode.merge-conflict {"startup":false,"extensionId":{"value":"vscode.merge-conflict","_lower":"vscode.merge-conflict"},"activationEvent":"onStartupFinished"}
[2021-06-08 12:35:19.460] [exthost] [info] ExtensionService#loadCommonJSModule file:///snap/code/65/usr/share/code/resources/app/extensions/merge-conflict/dist/mergeConflictMain
[2021-06-08 12:35:19.468] [exthost] [info] ExtensionService#_doActivateExtension vscode.testing-editor-contributions {"startup":false,"extensionId":{"value":"vscode.testing-editor-contributions","_lower":"vscode.testing-editor-contributions"},"activationEvent":"onStartupFinished"}
[2021-06-08 12:35:19.468] [exthost] [info] ExtensionService#loadCommonJSModule file:///snap/code/65/usr/share/code/resources/app/extensions/testing-editor-contributions/dist/extension.js
[2021-06-08 12:35:19.570] [exthost] [info] ExtensionService#_doActivateExtension vscode.github-authentication {"startup":false,"extensionId":{"value":"vscode.github-authentication","_lower":"vscode.github-authentication"},"activationEvent":"onAuthenticationRequest:github"}
[2021-06-08 12:35:19.571] [exthost] [info] ExtensionService#loadCommonJSModule file:///snap/code/65/usr/share/code/resources/app/extensions/github-authentication/dist/extension.js
[2021-06-08 12:35:20.100] [exthost] [warning] [Decorations] CAPPING events from decorations provider vscode.git 3912
[2021-06-08 12:38:05.989] [exthost] [warning] [Decorations] CAPPING events from decorations provider vscode.git 3913
[2021-06-08 12:38:08.125] [exthost] [info] ExtensionService#_doActivateExtension vscode.php-language-features {"startup":false,"extensionId":{"value":"vscode.php-language-features","_lower":"vscode.php-language-features"},"activationEvent":"onLanguage:php"}
[2021-06-08 12:38:08.125] [exthost] [info] ExtensionService#loadCommonJSModule file:///snap/code/65/usr/share/code/resources/app/extensions/php-language-features/dist/phpMain
[2021-06-08 12:38:11.170] [exthost] [warning] [Decorations] CAPPING events from decorations provider vscode.git 3900
[2021-06-08 12:38:54.013] [exthost] [warning] [Decorations] CAPPING events from decorations provider vscode.git 3900
[2021-06-08 12:39:06.211] [exthost] [warning] [Decorations] CAPPING events from decorations provider vscode.git 3900
[2021-06-08 12:39:55.050] [exthost] [warning] [Decorations] CAPPING events from decorations provider vscode.git 3900
[2021-06-08 12:40:00.191] [exthost] [warning] [Decorations] CAPPING events from decorations provider vscode.git 3900
[2021-06-08 12:40:13.612] [exthost] [warning] [Decorations] CAPPING events from decorations provider vscode.git 3900
[2021-06-08 12:44:40.404] [exthost] [warning] [Decorations] CAPPING events from decorations provider vscode.git 3900
[2021-06-08 12:44:45.566] [exthost] [warning] [Decorations] CAPPING events from decorations provider vscode.git 3900
[2021-06-08 16:26:55.615] [exthost] [warning] [Decorations] CAPPING events from decorations provider vscode.git 3900
[2021-06-08 16:27:00.795] [exthost] [warning] [Decorations] CAPPING events from decorations provider vscode.git 3900
[2021-06-08 16:27:05.947] [exthost] [warning] [Decorations] CAPPING events from decorations provider vscode.git 3900
[2021-06-08 16:27:49.891] [exthost] [warning] [Decorations] CAPPING events from decorations provider vscode.git 3900
[2021-06-08 16:27:58.344] [exthost] [warning] [Decorations] CAPPING events from decorations provider vscode.git 3900
[2021-06-08 16:28:00.190] [exthost] [info] ExtensionService#_doActivateExtension onecentlin.laravel-blade {"startup":false,"extensionId":{"value":"onecentlin.laravel-blade","_lower":"onecentlin.laravel-blade"},"activationEvent":"onLanguage:blade"}
[2021-06-08 16:28:00.192] [exthost] [info] ExtensionService#loadCommonJSModule file:///root/.vscode/extensions/onecentlin.laravel-blade-1.25.0/out/extension
[2021-06-08 16:28:18.992] [exthost] [warning] [Decorations] CAPPING events from decorations provider vscode.git 3901
[2021-06-08 16:28:24.133] [exthost] [warning] [Decorations] CAPPING events from decorations provider vscode.git 3901
[2021-06-08 16:28:29.894] [exthost] [warning] [Decorations] CAPPING events from decorations provider vscode.git 3901
[2021-06-08 16:28:36.916] [exthost] [warning] [Decorations] CAPPING events from decorations provider vscode.git 3901
[2021-06-08 16:28:42.063] [exthost] [warning] [Decorations] CAPPING events from decorations provider vscode.git 3901
[2021-06-08 16:29:26.633] [exthost] [warning] [Decorations] CAPPING events from decorations provider vscode.git 3901
[2021-06-08 16:29:31.784] [exthost] [warning] [Decorations] CAPPING events from decorations provider vscode.git 3901
[2021-06-08 16:30:47.548] [exthost] [warning] [Decorations] CAPPING events from decorations provider vscode.git 3901
[2021-06-08 16:30:56.746] [exthost] [warning] [Decorations] CAPPING events from decorations provider vscode.git 3901
[2021-06-08 16:31:06.919] [exthost] [warning] [Decorations] CAPPING events from decorations provider vscode.git 3901
[2021-06-08 16:31:26.713] [exthost] [warning] [Decorations] CAPPING events from decorations provider vscode.git 3901
[2021-06-08 16:32:58.560] [exthost] [warning] [Decorations] CAPPING events from decorations provider vscode.git 3901
[2021-06-08 16:33:03.701] [exthost] [warning] [Decorations] CAPPING events from decorations provider vscode.git 3901
[2021-06-08 16:33:11.116] [exthost] [warning] [Decorations] CAPPING events from decorations provider vscode.git 3901
[2021-06-08 16:33:16.243] [exthost] [warning] [Decorations] CAPPING events from decorations provider vscode.git 3901
[2021-06-08 16:35:25.300] [exthost] [warning] [Decorations] CAPPING events from decorations provider vscode.git 3901
[2021-06-08 16:35:34.489] [exthost] [warning] [Decorations] CAPPING events from decorations provider vscode.git 3901
[2021-06-08 16:35:42.248] [exthost] [warning] [Decorations] CAPPING events from decorations provider vscode.git 3901
[2021-06-08 16:35:47.406] [exthost] [warning] [Decorations] CAPPING events from decorations provider vscode.git 3901
[2021-06-08 16:35:54.906] [exthost] [warning] [Decorations] CAPPING events from decorations provider vscode.git 3901
[2021-06-08 16:37:59.413] [exthost] [warning] [Decorations] CAPPING events from decorations provider vscode.git 3901
[2021-06-08 16:38:04.566] [exthost] [warning] [Decorations] CAPPING events from decorations provider vscode.git 3901
[2021-06-08 16:38:28.823] [exthost] [warning] [Decorations] CAPPING events from decorations provider vscode.git 3901
[2021-06-08 16:39:58.955] [exthost] [warning] [Decorations] CAPPING events from decorations provider vscode.git 3901
[2021-06-08 16:40:04.942] [exthost] [warning] [Decorations] CAPPING events from decorations provider vscode.git 3901
[2021-06-08 16:40:10.231] [exthost] [warning] [Decorations] CAPPING events from decorations provider vscode.git 3901
[2021-06-08 16:40:37.628] [exthost] [warning] [Decorations] CAPPING events from decorations provider vscode.git 3901
[2021-06-08 16:42:53.447] [exthost] [warning] [Decorations] CAPPING events from decorations provider vscode.git 3901
[2021-06-08 16:42:59.596] [exthost] [warning] [Decorations] CAPPING events from decorations provider vscode.git 3901
[2021-06-08 16:43:10.046] [exthost] [warning] [Decorations] CAPPING events from decorations provider vscode.git 3901
[2021-06-08 16:44:53.338] [exthost] [warning] [Decorations] CAPPING events from decorations provider vscode.git 3901
[2021-06-08 16:45:03.919] [exthost] [warning] [Decorations] CAPPING events from decorations provider vscode.git 3901
[2021-06-08 16:47:09.677] [exthost] [warning] [Decorations] CAPPING events from decorations provider vscode.git 3901
[2021-06-08 16:47:14.906] [exthost] [warning] [Decorations] CAPPING events from decorations provider vscode.git 3901
[2021-06-08 16:47:31.023] [exthost] [warning] [Decorations] CAPPING events from decorations provider vscode.git 3901
[2021-06-08 16:47:40.335] [exthost] [warning] [Decorations] CAPPING events from decorations provider vscode.git 3901
[2021-06-08 16:47:45.471] [exthost] [warning] [Decorations] CAPPING events from decorations provider vscode.git 3901
[2021-06-08 16:47:55.468] [exthost] [warning] [Decorations] CAPPING events from decorations provider vscode.git 3901
[2021-06-08 16:48:00.639] [exthost] [warning] [Decorations] CAPPING events from decorations provider vscode.git 3901
[2021-06-08 16:48:05.776] [exthost] [warning] [Decorations] CAPPING events from decorations provider vscode.git 3901
[2021-06-08 16:49:05.710] [exthost] [warning] [Decorations] CAPPING events from decorations provider vscode.git 3901
[2021-06-08 16:49:11.627] [exthost] [warning] [Decorations] CAPPING events from decorations provider vscode.git 3901
[2021-06-08 16:49:16.762] [exthost] [warning] [Decorations] CAPPING events from decorations provider vscode.git 3901
[2021-06-08 16:50:27.501] [exthost] [warning] [Decorations] CAPPING events from decorations provider vscode.git 3901
[2021-06-08 16:51:05.364] [exthost] [warning] [Decorations] CAPPING events from decorations provider vscode.git 3901
[2021-06-08 16:51:10.494] [exthost] [warning] [Decorations] CAPPING events from decorations provider vscode.git 3901
[2021-06-08 16:54:33.978] [exthost] [warning] [Decorations] CAPPING events from decorations provider vscode.git 3901
[2021-06-08 16:54:39.092] [exthost] [warning] [Decorations] CAPPING events from decorations provider vscode.git 3901
[2021-06-08 16:57:30.805] [exthost] [warning] [Decorations] CAPPING events from decorations provider vscode.git 3901
[2021-06-08 16:57:35.961] [exthost] [warning] [Decorations] CAPPING events from decorations provider vscode.git 3901
[2021-06-08 16:57:52.917] [exthost] [warning] [Decorations] CAPPING events from decorations provider vscode.git 3901
[2021-06-08 17:02:04.638] [exthost] [warning] [Decorations] CAPPING events from decorations provider vscode.git 3901
[2021-06-08 17:02:09.744] [exthost] [warning] [Decorations] CAPPING events from decorations provider vscode.git 3901
[2021-06-08 17:05:01.822] [exthost] [warning] [Decorations] CAPPING events from decorations provider vscode.git 3901
[2021-06-08 17:05:16.301] [exthost] [warning] [Decorations] CAPPING events from decorations provider vscode.git 3901
[2021-06-08 17:05:57.619] [exthost] [warning] [Decorations] CAPPING events from decorations provider vscode.git 3901
[2021-06-08 17:07:15.834] [exthost] [warning] [Decorations] CAPPING events from decorations provider vscode.git 3901
[2021-06-08 17:07:53.813] [exthost] [warning] [Decorations] CAPPING events from decorations provider vscode.git 3901
[2021-06-08 17:11:19.608] [exthost] [warning] [Decorations] CAPPING events from decorations provider vscode.git 3901
[2021-06-08 17:11:24.717] [exthost] [warning] [Decorations] CAPPING events from decorations provider vscode.git 3901
[2021-06-08 17:11:33.240] [exthost] [warning] [Decorations] CAPPING events from decorations provider vscode.git 3901
[2021-06-08 17:14:29.514] [exthost] [warning] [Decorations] CAPPING events from decorations provider vscode.git 3901
[2021-06-08 17:14:34.656] [exthost] [warning] [Decorations] CAPPING events from decorations provider vscode.git 3901
[2021-06-08 17:17:49.345] [exthost] [warning] [Decorations] CAPPING events from decorations provider vscode.git 3901
[2021-06-08 17:17:54.484] [exthost] [warning] [Decorations] CAPPING events from decorations provider vscode.git 3901
[2021-06-08 17:19:46.018] [exthost] [warning] [Decorations] CAPPING events from decorations provider vscode.git 3901
[2021-06-08 17:19:51.164] [exthost] [warning] [Decorations] CAPPING events from decorations provider vscode.git 3901
[2021-06-08 17:19:56.453] [exthost] [warning] [Decorations] CAPPING events from decorations provider vscode.git 3901
[2021-06-08 17:20:32.889] [exthost] [warning] [Decorations] CAPPING events from decorations provider vscode.git 3901
[2021-06-08 17:20:40.958] [exthost] [warning] [Decorations] CAPPING events from decorations provider vscode.git 3901
[2021-06-08 17:21:18.547] [exthost] [warning] [Decorations] CAPPING events from decorations provider vscode.git 3901
[2021-06-08 17:22:40.789] [exthost] [warning] [Decorations] CAPPING events from decorations provider vscode.git 3901
[2021-06-08 17:22:47.128] [exthost] [warning] [Decorations] CAPPING events from decorations provider vscode.git 3901
[2021-06-08 17:24:20.085] [exthost] [warning] [Decorations] CAPPING events from decorations provider vscode.git 3901
[2021-06-08 17:24:40.229] [exthost] [warning] [Decorations] CAPPING events from decorations provider vscode.git 3901
[2021-06-08 17:24:45.373] [exthost] [warning] [Decorations] CAPPING events from decorations provider vscode.git 3901
[2021-06-08 17:35:11.775] [exthost] [warning] [Decorations] CAPPING events from decorations provider vscode.git 3901
[2021-06-08 17:35:16.943] [exthost] [warning] [Decorations] CAPPING events from decorations provider vscode.git 3901
[2021-06-08 17:35:25.391] [exthost] [warning] [Decorations] CAPPING events from decorations provider vscode.git 3901
[2021-06-08 17:36:58.116] [exthost] [warning] [Decorations] CAPPING events from decorations provider vscode.git 3901
[2021-06-08 17:37:03.230] [exthost] [warning] [Decorations] CAPPING events from decorations provider vscode.git 3901
[2021-06-08 17:37:08.338] [exthost] [warning] [Decorations] CAPPING events from decorations provider vscode.git 3901
[2021-06-08 17:37:26.881] [exthost] [warning] [Decorations] CAPPING events from decorations provider vscode.git 3901
[2021-06-08 17:37:42.451] [exthost] [warning] [Decorations] CAPPING events from decorations provider vscode.git 3901
[2021-06-08 17:38:19.917] [exthost] [warning] [Decorations] CAPPING events from decorations provider vscode.git 3901
[2021-06-08 17:38:25.031] [exthost] [warning] [Decorations] CAPPING events from decorations provider vscode.git 3901
[2021-06-08 17:38:52.945] [exthost] [warning] [Decorations] CAPPING events from decorations provider vscode.git 3901
[2021-06-08 17:39:58.402] [exthost] [warning] [Decorations] CAPPING events from decorations provider vscode.git 3901
[2021-06-08 17:40:03.563] [exthost] [warning] [Decorations] CAPPING events from decorations provider vscode.git 3901
