[2021-04-28 10:05:06.317] [exthost] [info] extension host started
[2021-04-28 10:05:06.598] [exthost] [info] ExtensionService#_doActivateExtension vscode.microsoft-authentication {"startup":false,"extensionId":{"value":"vscode.microsoft-authentication","_lower":"vscode.microsoft-authentication"},"activationEvent":"onAuthenticationRequest:microsoft"}
[2021-04-28 10:05:06.598] [exthost] [info] ExtensionService#loadCommonJSModule file:///snap/code/62/usr/share/code/resources/app/extensions/microsoft-authentication/dist/extension.js
[2021-04-28 10:05:06.619] [exthost] [info] ExtensionService#_doActivateExtension onecentlin.laravel-blade {"startup":false,"extensionId":{"value":"onecentlin.laravel-blade","_lower":"onecentlin.laravel-blade"},"activationEvent":"onLanguage:blade"}
[2021-04-28 10:05:06.619] [exthost] [info] ExtensionService#loadCommonJSModule file:///root/.vscode/extensions/onecentlin.laravel-blade-1.25.0/out/extension
[2021-04-28 10:05:06.660] [exthost] [info] ExtensionService#_doActivateExtension vscode.debug-auto-launch {"startup":true,"extensionId":{"value":"vscode.debug-auto-launch","_lower":"vscode.debug-auto-launch"},"activationEvent":"*"}
[2021-04-28 10:05:06.660] [exthost] [info] ExtensionService#loadCommonJSModule file:///snap/code/62/usr/share/code/resources/app/extensions/debug-auto-launch/dist/extension
[2021-04-28 10:05:06.669] [exthost] [info] ExtensionService#_doActivateExtension vscode.git {"startup":true,"extensionId":{"value":"vscode.github","_lower":"vscode.github"},"activationEvent":"*"}
[2021-04-28 10:05:06.669] [exthost] [info] ExtensionService#loadCommonJSModule file:///snap/code/62/usr/share/code/resources/app/extensions/git/dist/main
[2021-04-28 10:05:06.705] [exthost] [info] ExtensionService#_doActivateExtension humy2833.ftp-simple {"startup":true,"extensionId":{"value":"humy2833.ftp-simple","_lower":"humy2833.ftp-simple"},"activationEvent":"*"}
[2021-04-28 10:05:06.705] [exthost] [info] ExtensionService#loadCommonJSModule file:///root/.vscode/extensions/humy2833.ftp-simple-0.7.6/extension
[2021-04-28 10:05:07.671] [exthost] [info] ExtensionService#_doActivateExtension vscode.github {"startup":true,"extensionId":{"value":"vscode.github","_lower":"vscode.github"},"activationEvent":"*"}
[2021-04-28 10:05:07.671] [exthost] [info] ExtensionService#loadCommonJSModule file:///snap/code/62/usr/share/code/resources/app/extensions/github/dist/extension.js
[2021-04-28 10:05:07.718] [exthost] [info] ExtensionService#_doActivateExtension ms-vscode.js-debug {"startup":false,"extensionId":{"value":"ms-vscode.js-debug","_lower":"ms-vscode.js-debug"},"activationEvent":"onCommand:extension.js-debug.clearAutoAttachVariables"}
[2021-04-28 10:05:07.718] [exthost] [info] ExtensionService#loadCommonJSModule file:///snap/code/62/usr/share/code/resources/app/extensions/ms-vscode.js-debug/src/extension.js
[2021-04-28 10:05:07.954] [exthost] [info] eager extensions activated
[2021-04-28 10:05:08.030] [exthost] [info] ExtensionService#_doActivateExtension vscode.emmet {"startup":false,"extensionId":{"value":"vscode.emmet","_lower":"vscode.emmet"},"activationEvent":"onStartupFinished"}
[2021-04-28 10:05:08.041] [exthost] [info] ExtensionService#loadCommonJSModule file:///snap/code/62/usr/share/code/resources/app/extensions/emmet/dist/node/emmetNodeMain
[2021-04-28 10:05:08.057] [exthost] [info] ExtensionService#_doActivateExtension vscode.merge-conflict {"startup":false,"extensionId":{"value":"vscode.merge-conflict","_lower":"vscode.merge-conflict"},"activationEvent":"onStartupFinished"}
[2021-04-28 10:05:08.057] [exthost] [info] ExtensionService#loadCommonJSModule file:///snap/code/62/usr/share/code/resources/app/extensions/merge-conflict/dist/mergeConflictMain
[2021-04-28 10:05:08.064] [exthost] [info] ExtensionService#_doActivateExtension vscode.testing-editor-contributions {"startup":false,"extensionId":{"value":"vscode.testing-editor-contributions","_lower":"vscode.testing-editor-contributions"},"activationEvent":"onStartupFinished"}
[2021-04-28 10:05:08.064] [exthost] [info] ExtensionService#loadCommonJSModule file:///snap/code/62/usr/share/code/resources/app/extensions/testing-editor-contributions/dist/extension.js
[2021-04-28 10:05:08.247] [exthost] [info] ExtensionService#_doActivateExtension vscode.github-authentication {"startup":false,"extensionId":{"value":"vscode.github-authentication","_lower":"vscode.github-authentication"},"activationEvent":"onAuthenticationRequest:github"}
[2021-04-28 10:05:08.247] [exthost] [info] ExtensionService#loadCommonJSModule file:///snap/code/62/usr/share/code/resources/app/extensions/github-authentication/dist/extension.js
[2021-04-28 11:23:34.301] [exthost] [info] ExtensionService#_doActivateExtension vscode.php-language-features {"startup":false,"extensionId":{"value":"vscode.php-language-features","_lower":"vscode.php-language-features"},"activationEvent":"onLanguage:php"}
[2021-04-28 11:23:34.301] [exthost] [info] ExtensionService#loadCommonJSModule file:///snap/code/62/usr/share/code/resources/app/extensions/php-language-features/dist/phpMain
[2021-04-28 11:24:24.219] [exthost] [info] ExtensionService#_doActivateExtension vscode.image-preview {"startup":false,"extensionId":{"value":"vscode.image-preview","_lower":"vscode.image-preview"},"activationEvent":"onCustomEditor:imagePreview.previewEditor"}
[2021-04-28 11:24:24.219] [exthost] [info] ExtensionService#loadCommonJSModule file:///snap/code/62/usr/share/code/resources/app/extensions/image-preview/dist/extension
[2021-04-28 14:00:04.351] [exthost] [warning] [Decorations] CAPPING events from decorations provider vscode.git 4167
[2021-04-28 14:00:09.606] [exthost] [warning] [Decorations] CAPPING events from decorations provider vscode.git 4167
[2021-04-28 14:01:05.203] [exthost] [warning] [Decorations] CAPPING events from decorations provider vscode.git 4167
[2021-04-28 14:03:00.081] [exthost] [warning] [Decorations] CAPPING events from decorations provider vscode.git 4168
[2021-04-28 14:03:41.247] [exthost] [warning] [Decorations] CAPPING events from decorations provider vscode.git 4168
[2021-04-28 14:07:48.788] [exthost] [warning] [Decorations] CAPPING events from decorations provider vscode.git 4168
[2021-04-28 14:07:53.982] [exthost] [warning] [Decorations] CAPPING events from decorations provider vscode.git 4168
[2021-04-28 14:08:14.851] [exthost] [warning] [Decorations] CAPPING events from decorations provider vscode.git 4168
[2021-04-28 14:08:20.084] [exthost] [warning] [Decorations] CAPPING events from decorations provider vscode.git 4168
[2021-04-28 14:08:25.296] [exthost] [warning] [Decorations] CAPPING events from decorations provider vscode.git 4168
[2021-04-28 14:08:59.330] [exthost] [warning] [Decorations] CAPPING events from decorations provider vscode.git 4169
[2021-04-28 14:09:04.569] [exthost] [warning] [Decorations] CAPPING events from decorations provider vscode.git 4169
[2021-04-28 14:09:09.802] [exthost] [warning] [Decorations] CAPPING events from decorations provider vscode.git 4169
[2021-04-28 14:09:55.973] [exthost] [warning] [Decorations] CAPPING events from decorations provider vscode.git 4170
[2021-04-28 14:10:01.186] [exthost] [warning] [Decorations] CAPPING events from decorations provider vscode.git 4170
[2021-04-28 14:10:13.920] [exthost] [warning] [Decorations] CAPPING events from decorations provider vscode.git 4170
[2021-04-28 14:10:24.142] [exthost] [warning] [Decorations] CAPPING events from decorations provider vscode.git 4170
[2021-04-28 14:10:30.732] [exthost] [warning] [Decorations] CAPPING events from decorations provider vscode.git 4170
[2021-04-28 14:11:21.959] [exthost] [warning] [Decorations] CAPPING events from decorations provider vscode.git 4171
[2021-04-28 14:11:27.195] [exthost] [warning] [Decorations] CAPPING events from decorations provider vscode.git 4171
[2021-04-28 14:11:51.440] [exthost] [warning] [Decorations] CAPPING events from decorations provider vscode.git 4171
[2021-04-28 14:11:56.671] [exthost] [warning] [Decorations] CAPPING events from decorations provider vscode.git 4171
[2021-04-28 14:12:45.068] [exthost] [warning] [Decorations] CAPPING events from decorations provider vscode.git 4171
[2021-04-28 14:12:50.259] [exthost] [warning] [Decorations] CAPPING events from decorations provider vscode.git 4171
[2021-04-28 14:12:59.297] [exthost] [warning] [Decorations] CAPPING events from decorations provider vscode.git 4171
[2021-04-28 14:13:04.556] [exthost] [warning] [Decorations] CAPPING events from decorations provider vscode.git 4171
[2021-04-28 14:13:46.999] [exthost] [warning] [Decorations] CAPPING events from decorations provider vscode.git 4172
[2021-04-28 14:14:38.691] [exthost] [warning] [Decorations] CAPPING events from decorations provider vscode.git 4172
[2021-04-28 14:14:43.986] [exthost] [warning] [Decorations] CAPPING events from decorations provider vscode.git 4172
[2021-04-28 14:14:50.320] [exthost] [warning] [Decorations] CAPPING events from decorations provider vscode.git 4172
[2021-04-28 14:14:57.033] [exthost] [warning] [Decorations] CAPPING events from decorations provider vscode.git 4172
[2021-04-28 14:15:02.269] [exthost] [warning] [Decorations] CAPPING events from decorations provider vscode.git 4172
[2021-04-28 14:15:10.730] [exthost] [warning] [Decorations] CAPPING events from decorations provider vscode.git 4172
[2021-04-28 14:15:15.937] [exthost] [warning] [Decorations] CAPPING events from decorations provider vscode.git 4172
[2021-04-28 14:15:23.875] [exthost] [warning] [Decorations] CAPPING events from decorations provider vscode.git 4172
[2021-04-28 14:15:29.896] [exthost] [warning] [Decorations] CAPPING events from decorations provider vscode.git 4172
[2021-04-28 14:15:36.282] [exthost] [warning] [Decorations] CAPPING events from decorations provider vscode.git 4172
[2021-04-28 14:15:41.492] [exthost] [warning] [Decorations] CAPPING events from decorations provider vscode.git 4172
[2021-04-28 14:15:52.533] [exthost] [warning] [Decorations] CAPPING events from decorations provider vscode.git 4172
[2021-04-28 14:16:15.344] [exthost] [warning] [Decorations] CAPPING events from decorations provider vscode.git 4172
[2021-04-28 14:16:20.568] [exthost] [warning] [Decorations] CAPPING events from decorations provider vscode.git 4172
[2021-04-28 14:16:32.203] [exthost] [warning] [Decorations] CAPPING events from decorations provider vscode.git 4172
[2021-04-28 14:16:37.429] [exthost] [warning] [Decorations] CAPPING events from decorations provider vscode.git 4172
[2021-04-28 14:16:46.146] [exthost] [warning] [Decorations] CAPPING events from decorations provider vscode.git 4172
[2021-04-28 14:17:23.815] [exthost] [warning] [Decorations] CAPPING events from decorations provider vscode.git 4172
[2021-04-28 14:17:29.038] [exthost] [warning] [Decorations] CAPPING events from decorations provider vscode.git 4172
[2021-04-28 14:17:34.261] [exthost] [warning] [Decorations] CAPPING events from decorations provider vscode.git 4172
[2021-04-28 15:24:03.411] [exthost] [warning] [Decorations] CAPPING events from decorations provider vscode.git 4175
[2021-04-28 15:24:08.613] [exthost] [warning] [Decorations] CAPPING events from decorations provider vscode.git 4175
[2021-04-28 15:24:56.029] [exthost] [warning] [Decorations] CAPPING events from decorations provider vscode.git 4175
[2021-04-28 15:25:01.257] [exthost] [warning] [Decorations] CAPPING events from decorations provider vscode.git 4175
[2021-04-28 15:25:06.485] [exthost] [warning] [Decorations] CAPPING events from decorations provider vscode.git 4175
[2021-04-28 15:25:11.707] [exthost] [warning] [Decorations] CAPPING events from decorations provider vscode.git 4175
[2021-04-28 15:25:16.927] [exthost] [warning] [Decorations] CAPPING events from decorations provider vscode.git 4175
[2021-04-28 15:25:27.032] [exthost] [warning] [Decorations] CAPPING events from decorations provider vscode.git 4175
[2021-04-28 15:25:32.273] [exthost] [warning] [Decorations] CAPPING events from decorations provider vscode.git 4175
[2021-04-28 15:26:17.176] [exthost] [info] ExtensionService#_doActivateExtension vscode.html-language-features {"startup":false,"extensionId":{"value":"vscode.html-language-features","_lower":"vscode.html-language-features"},"activationEvent":"onLanguage:html"}
[2021-04-28 15:26:17.177] [exthost] [info] ExtensionService#loadCommonJSModule file:///snap/code/62/usr/share/code/resources/app/extensions/html-language-features/client/dist/node/htmlClientMain
[2021-04-28 15:26:24.457] [exthost] [warning] [Decorations] CAPPING events from decorations provider vscode.git 4175
[2021-04-28 15:26:34.110] [exthost] [warning] [Decorations] CAPPING events from decorations provider vscode.git 4175
[2021-04-28 15:26:39.342] [exthost] [warning] [Decorations] CAPPING events from decorations provider vscode.git 4175
[2021-04-28 15:26:44.575] [exthost] [warning] [Decorations] CAPPING events from decorations provider vscode.git 4175
[2021-04-28 15:26:49.779] [exthost] [warning] [Decorations] CAPPING events from decorations provider vscode.git 4175
[2021-04-28 15:34:57.114] [exthost] [warning] [Decorations] CAPPING events from decorations provider vscode.git 4181
[2021-04-28 15:35:02.374] [exthost] [warning] [Decorations] CAPPING events from decorations provider vscode.git 4175
[2021-04-28 15:41:58.348] [exthost] [warning] [Decorations] CAPPING events from decorations provider vscode.git 4175
