[2021-08-26 10:15:40.776] [exthost] [info] extension host started
[2021-08-26 10:15:40.776] [exthost] [info] Skipping acquiring lock for /opt/lampp/htdocs/Fundme/~/.vscode-root/User/workspaceStorage/37029c45ce0a20b86057215167fa4231.
[2021-08-26 10:15:41.063] [exthost] [info] ExtensionService#_doActivateExtension vscode.microsoft-authentication {"startup":false,"extensionId":{"value":"vscode.microsoft-authentication","_lower":"vscode.microsoft-authentication"},"activationEvent":"onAuthenticationRequest:microsoft"}
[2021-08-26 10:15:41.064] [exthost] [info] ExtensionService#loadCommonJSModule file:///snap/code/72/usr/share/code/resources/app/extensions/microsoft-authentication/dist/extension.js
[2021-08-26 10:15:41.177] [exthost] [info] ExtensionService#_doActivateExtension vscode.debug-auto-launch {"startup":true,"extensionId":{"value":"vscode.debug-auto-launch","_lower":"vscode.debug-auto-launch"},"activationEvent":"*"}
[2021-08-26 10:15:41.177] [exthost] [info] ExtensionService#loadCommonJSModule file:///snap/code/72/usr/share/code/resources/app/extensions/debug-auto-launch/dist/extension
[2021-08-26 10:15:41.184] [exthost] [info] ExtensionService#_doActivateExtension vscode.git {"startup":true,"extensionId":{"value":"vscode.github","_lower":"vscode.github"},"activationEvent":"*"}
[2021-08-26 10:15:41.184] [exthost] [info] ExtensionService#loadCommonJSModule file:///snap/code/72/usr/share/code/resources/app/extensions/git/dist/main
[2021-08-26 10:15:41.314] [exthost] [info] ExtensionService#_doActivateExtension humy2833.ftp-simple {"startup":true,"extensionId":{"value":"humy2833.ftp-simple","_lower":"humy2833.ftp-simple"},"activationEvent":"*"}
[2021-08-26 10:15:41.314] [exthost] [info] ExtensionService#loadCommonJSModule file:///root/.vscode/extensions/humy2833.ftp-simple-0.7.6/extension
[2021-08-26 10:15:42.654] [exthost] [info] ExtensionService#_doActivateExtension vscode.npm {"startup":true,"extensionId":{"value":"vscode.npm","_lower":"vscode.npm"},"activationEvent":"workspaceContains:package.json"}
[2021-08-26 10:15:42.654] [exthost] [info] ExtensionService#loadCommonJSModule file:///snap/code/72/usr/share/code/resources/app/extensions/npm/dist/npmMain
[2021-08-26 10:15:43.251] [exthost] [info] ExtensionService#_doActivateExtension vscode.github {"startup":true,"extensionId":{"value":"vscode.github","_lower":"vscode.github"},"activationEvent":"*"}
[2021-08-26 10:15:43.251] [exthost] [info] ExtensionService#loadCommonJSModule file:///snap/code/72/usr/share/code/resources/app/extensions/github/dist/extension.js
[2021-08-26 10:15:43.458] [exthost] [info] ExtensionService#_doActivateExtension ms-vscode.js-debug {"startup":false,"extensionId":{"value":"ms-vscode.js-debug","_lower":"ms-vscode.js-debug"},"activationEvent":"onCommand:extension.js-debug.clearAutoAttachVariables"}
[2021-08-26 10:15:43.458] [exthost] [info] ExtensionService#loadCommonJSModule file:///snap/code/72/usr/share/code/resources/app/extensions/ms-vscode.js-debug/src/extension.js
[2021-08-26 10:15:43.923] [exthost] [info] ExtensionService#_doActivateExtension vscode.github-authentication {"startup":false,"extensionId":{"value":"vscode.github-authentication","_lower":"vscode.github-authentication"},"activationEvent":"onAuthenticationRequest:github"}
[2021-08-26 10:15:43.923] [exthost] [info] ExtensionService#loadCommonJSModule file:///snap/code/72/usr/share/code/resources/app/extensions/github-authentication/dist/extension.js
[2021-08-26 10:15:44.203] [exthost] [info] eager extensions activated
[2021-08-26 10:15:44.248] [exthost] [info] ExtensionService#_doActivateExtension vscode.emmet {"startup":false,"extensionId":{"value":"vscode.emmet","_lower":"vscode.emmet"},"activationEvent":"onStartupFinished"}
[2021-08-26 10:15:44.248] [exthost] [info] ExtensionService#loadCommonJSModule file:///snap/code/72/usr/share/code/resources/app/extensions/emmet/dist/node/emmetNodeMain
[2021-08-26 10:15:44.284] [exthost] [info] ExtensionService#_doActivateExtension vscode.merge-conflict {"startup":false,"extensionId":{"value":"vscode.merge-conflict","_lower":"vscode.merge-conflict"},"activationEvent":"onStartupFinished"}
[2021-08-26 10:15:44.284] [exthost] [info] ExtensionService#loadCommonJSModule file:///snap/code/72/usr/share/code/resources/app/extensions/merge-conflict/dist/mergeConflictMain
[2021-08-26 10:15:48.899] [exthost] [warning] [Decorations] CAPPING events from decorations provider vscode.git 2495
[2021-08-26 10:16:55.182] [exthost] [info] extension host terminating: renderer closed the socket
[2021-08-26 10:16:56.200] [exthost] [info] exiting with code 0
