Looking for git in: git
Using git 2.25.1 from git
> git rev-parse --git-dir
Open repository: /opt/lampp/htdocs/Fundme
> git status -z -u
> git symbolic-ref --short HEAD
> git for-each-ref --format=%(refname)%00%(upstream:short)%00%(objectname)%00%(upstream:track) refs/heads/master refs/remotes/master
> git for-each-ref --sort -committerdate --format %(refname) %(objectname) %(*objectname)
> git remote --verbose
> git check-ignore -v -z --stdin
> git config --get commit.template
> git show --textconv :Script/resources/views/users/withdrawals-configure.blade.php
> git ls-files --stage -- /opt/lampp/htdocs/Fundme/Script/resources/views/users/withdrawals-configure.blade.php
> git cat-file -s d8fe76c964ca027d4c9fe8653332eb3ba824f163
> git status -z -u
> git ls-files --stage -- /opt/lampp/htdocs/Fundme/Script/resources/views/users/withdrawals-configure.blade.php
> git cat-file -s d8fe76c964ca027d4c9fe8653332eb3ba824f163
> git show --textconv :Script/resources/views/users/withdrawals-configure.blade.php
> git symbolic-ref --short HEAD
> git for-each-ref --format=%(refname)%00%(upstream:short)%00%(objectname)%00%(upstream:track) refs/heads/master refs/remotes/master
> git for-each-ref --sort -committerdate --format %(refname) %(objectname) %(*objectname)
> git remote --verbose
> git config --get commit.template
> git status -z -u
> git symbolic-ref --short HEAD
> git for-each-ref --format=%(refname)%00%(upstream:short)%00%(objectname)%00%(upstream:track) refs/heads/master refs/remotes/master
> git for-each-ref --sort -committerdate --format %(refname) %(objectname) %(*objectname)
> git remote --verbose
> git config --get commit.template
> git status -z -u
> git symbolic-ref --short HEAD
> git for-each-ref --format=%(refname)%00%(upstream:short)%00%(objectname)%00%(upstream:track) refs/heads/master refs/remotes/master
> git for-each-ref --sort -committerdate --format %(refname) %(objectname) %(*objectname)
> git remote --verbose
> git config --get commit.template
> git status -z -u
> git symbolic-ref --short HEAD
> git for-each-ref --format=%(refname)%00%(upstream:short)%00%(objectname)%00%(upstream:track) refs/heads/master refs/remotes/master
> git for-each-ref --sort -committerdate --format %(refname) %(objectname) %(*objectname)
> git remote --verbose
> git config --get commit.template
> git check-ignore -v -z --stdin
> git show --textconv :Script/app/Http/Controllers/UserController.php
> git ls-files --stage -- /opt/lampp/htdocs/Fundme/Script/app/Http/Controllers/UserController.php
> git cat-file -s f2ebd67a900896ac70faf5300a972eccaa589b0d
> git show --textconv :Script/app/Http/Controllers/MpesaController.php
> git ls-files --stage -- /opt/lampp/htdocs/Fundme/Script/app/Http/Controllers/MpesaController.php
> git cat-file -s 12cd4cefcff9affa215f4a28e7c3ff0acafc6485
> git show --textconv :Script/config/paystack.php
> git ls-files --stage -- /opt/lampp/htdocs/Fundme/Script/config/paystack.php
> git cat-file -s e6d0d295926cadd3a8a36f3fef8be9dc51c16290
> git show --textconv :Script/app/Http/Controllers/PayPalController.php
> git ls-files --stage -- /opt/lampp/htdocs/Fundme/Script/app/Http/Controllers/PayPalController.php
> git cat-file -s 9cbade63a6f52d67309d0bbd9b590fb184f62954
> git show --textconv :Script/app/Http/Controllers/UserController.php
> git ls-files --stage -- /opt/lampp/htdocs/Fundme/Script/app/Http/Controllers/UserController.php
> git cat-file -s f2ebd67a900896ac70faf5300a972eccaa589b0d
> git show --textconv :Script/config/pesapal.php
> git ls-files --stage -- /opt/lampp/htdocs/Fundme/Script/config/pesapal.php
> git cat-file -s 99c917d82895724485863837da8943f4d8b2e249
> git show --textconv :Script/storage/logs/laravel.log
> git ls-files --stage -- /opt/lampp/htdocs/Fundme/Script/storage/logs/laravel.log
> git check-ignore -v -z --stdin
> git show --textconv :Script/app/Http/Controllers/MpesaResponses.php
> git ls-files --stage -- /opt/lampp/htdocs/Fundme/Script/app/Http/Controllers/MpesaResponses.php
> git cat-file -s 4eb5736acc075e0341f90ac168b1442d9c411baf
> git show --textconv :Script/resources/views/default/donate.blade.php
> git ls-files --stage -- /opt/lampp/htdocs/Fundme/Script/resources/views/default/donate.blade.php
> git cat-file -s 2f92e3c8d8a61071fef66da3d653a815083f3a5b
> git check-ignore -v -z --stdin
> git show --textconv :Script/app/Http/Controllers/StripeController.php
> git ls-files --stage -- /opt/lampp/htdocs/Fundme/Script/app/Http/Controllers/StripeController.php
> git cat-file -s e5cf0fa711c9ee6d3610e17bd3e37c9bfc12de15
> git show --textconv :Script/app/Http/Controllers/DonationsController.php
> git ls-files --stage -- /opt/lampp/htdocs/Fundme/Script/app/Http/Controllers/DonationsController.php
> git cat-file -s 5e8667eafbbe48c1e50850eb58e1bd94c193476a
> git show --textconv :Script/app/Http/Controllers/UpgradeController.php
> git ls-files --stage -- /opt/lampp/htdocs/Fundme/Script/app/Http/Controllers/UpgradeController.php
> git cat-file -s 1b86dc42abd7be308f1f6d85e2edbcc5ebf39af4
> git show --textconv :Script/app/Http/Controllers/UserController.php
> git ls-files --stage -- /opt/lampp/htdocs/Fundme/Script/app/Http/Controllers/UserController.php
> git cat-file -s f2ebd67a900896ac70faf5300a972eccaa589b0d
> git show --textconv :Script/app/Http/Controllers/AdminController.php
> git ls-files --stage -- /opt/lampp/htdocs/Fundme/Script/app/Http/Controllers/AdminController.php
> git cat-file -s b94f00c1f65e6821f665c3a6dd16c1abc7961f00
> git check-ignore -v -z --stdin
> git show --textconv :Script/resources/views/users/withdrawals-configure.blade.php
> git ls-files --stage -- /opt/lampp/htdocs/Fundme/Script/resources/views/users/withdrawals-configure.blade.php
> git cat-file -s d8fe76c964ca027d4c9fe8653332eb3ba824f163
> git show --textconv :Script/resources/views/users/withdrawals.blade.php
> git ls-files --stage -- /opt/lampp/htdocs/Fundme/Script/resources/views/users/withdrawals.blade.php
> git cat-file -s 034dbc7a15e737cf7fdfda38e24234b52e8ad7ee
