[2021-07-14 14:22:07.252] [exthost] [info] extension host started
[2021-07-14 14:22:07.256] [exthost] [error] Error: EEXIST: file already exists, open '/opt/lampp/htdocs/Fundme/~/.vscode-root/User/workspaceStorage/5eefb5ec2dd537a7b11bde489723d639/vscode.lock'
[2021-07-14 14:22:07.275] [exthost] [info] Lock '/opt/lampp/htdocs/Fundme/~/.vscode-root/User/workspaceStorage/5eefb5ec2dd537a7b11bde489723d639/vscode.lock': Could not acquire lock, checking if the file is stale.
[2021-07-14 14:22:07.287] [exthost] [info] Lock '/opt/lampp/htdocs/Fundme/~/.vscode-root/User/workspaceStorage/5eefb5ec2dd537a7b11bde489723d639/vscode.lock': The pid 25819 appears to be gone.
[2021-07-14 14:22:07.287] [exthost] [info] Lock '/opt/lampp/htdocs/Fundme/~/.vscode-root/User/workspaceStorage/5eefb5ec2dd537a7b11bde489723d639/vscode.lock': Deleting a stale lock.
[2021-07-14 14:22:07.292] [exthost] [info] Lock '/opt/lampp/htdocs/Fundme/~/.vscode-root/User/workspaceStorage/5eefb5ec2dd537a7b11bde489723d639/vscode.lock': Lock acquired.
[2021-07-14 14:22:07.446] [exthost] [info] ExtensionService#_doActivateExtension vscode.microsoft-authentication {"startup":false,"extensionId":{"value":"vscode.microsoft-authentication","_lower":"vscode.microsoft-authentication"},"activationEvent":"onAuthenticationRequest:microsoft"}
[2021-07-14 14:22:07.446] [exthost] [info] ExtensionService#loadCommonJSModule file:///snap/code/69/usr/share/code/resources/app/extensions/microsoft-authentication/dist/extension.js
[2021-07-14 14:22:07.483] [exthost] [info] ExtensionService#_doActivateExtension vscode.php-language-features {"startup":false,"extensionId":{"value":"vscode.php-language-features","_lower":"vscode.php-language-features"},"activationEvent":"onLanguage:php"}
[2021-07-14 14:22:07.483] [exthost] [info] ExtensionService#loadCommonJSModule file:///snap/code/69/usr/share/code/resources/app/extensions/php-language-features/dist/phpMain
[2021-07-14 14:22:07.534] [exthost] [info] ExtensionService#_doActivateExtension vscode.debug-auto-launch {"startup":true,"extensionId":{"value":"vscode.debug-auto-launch","_lower":"vscode.debug-auto-launch"},"activationEvent":"*"}
[2021-07-14 14:22:07.534] [exthost] [info] ExtensionService#loadCommonJSModule file:///snap/code/69/usr/share/code/resources/app/extensions/debug-auto-launch/dist/extension
[2021-07-14 14:22:07.538] [exthost] [info] ExtensionService#_doActivateExtension vscode.git {"startup":true,"extensionId":{"value":"vscode.github","_lower":"vscode.github"},"activationEvent":"*"}
[2021-07-14 14:22:07.539] [exthost] [info] ExtensionService#loadCommonJSModule file:///snap/code/69/usr/share/code/resources/app/extensions/git/dist/main
[2021-07-14 14:22:07.713] [exthost] [info] ExtensionService#_doActivateExtension humy2833.ftp-simple {"startup":true,"extensionId":{"value":"humy2833.ftp-simple","_lower":"humy2833.ftp-simple"},"activationEvent":"*"}
[2021-07-14 14:22:07.713] [exthost] [info] ExtensionService#loadCommonJSModule file:///root/.vscode/extensions/humy2833.ftp-simple-0.7.6/extension
[2021-07-14 14:22:08.056] [exthost] [info] ExtensionService#_doActivateExtension vscode.npm {"startup":true,"extensionId":{"value":"vscode.npm","_lower":"vscode.npm"},"activationEvent":"workspaceContains:package.json"}
[2021-07-14 14:22:08.056] [exthost] [info] ExtensionService#loadCommonJSModule file:///snap/code/69/usr/share/code/resources/app/extensions/npm/dist/npmMain
[2021-07-14 14:22:08.500] [exthost] [info] ExtensionService#_doActivateExtension vscode.github {"startup":true,"extensionId":{"value":"vscode.github","_lower":"vscode.github"},"activationEvent":"*"}
[2021-07-14 14:22:08.500] [exthost] [info] ExtensionService#loadCommonJSModule file:///snap/code/69/usr/share/code/resources/app/extensions/github/dist/extension.js
[2021-07-14 14:22:08.589] [exthost] [info] ExtensionService#_doActivateExtension ms-vscode.js-debug {"startup":false,"extensionId":{"value":"ms-vscode.js-debug","_lower":"ms-vscode.js-debug"},"activationEvent":"onCommand:extension.js-debug.clearAutoAttachVariables"}
[2021-07-14 14:22:08.596] [exthost] [info] ExtensionService#loadCommonJSModule file:///snap/code/69/usr/share/code/resources/app/extensions/ms-vscode.js-debug/src/extension.js
[2021-07-14 14:22:09.170] [exthost] [warning] [Decorations] CAPPING events from decorations provider vscode.git 518
[2021-07-14 14:22:09.705] [exthost] [info] ExtensionService#_doActivateExtension vscode.github-authentication {"startup":false,"extensionId":{"value":"vscode.github-authentication","_lower":"vscode.github-authentication"},"activationEvent":"onAuthenticationRequest:github"}
[2021-07-14 14:22:09.705] [exthost] [info] ExtensionService#loadCommonJSModule file:///snap/code/69/usr/share/code/resources/app/extensions/github-authentication/dist/extension.js
[2021-07-14 14:22:09.733] [exthost] [info] eager extensions activated
[2021-07-14 14:22:09.843] [exthost] [info] ExtensionService#_doActivateExtension vscode.emmet {"startup":false,"extensionId":{"value":"vscode.emmet","_lower":"vscode.emmet"},"activationEvent":"onStartupFinished"}
[2021-07-14 14:22:09.843] [exthost] [info] ExtensionService#loadCommonJSModule file:///snap/code/69/usr/share/code/resources/app/extensions/emmet/dist/node/emmetNodeMain
[2021-07-14 14:22:09.862] [exthost] [info] ExtensionService#_doActivateExtension vscode.merge-conflict {"startup":false,"extensionId":{"value":"vscode.merge-conflict","_lower":"vscode.merge-conflict"},"activationEvent":"onStartupFinished"}
[2021-07-14 14:22:09.862] [exthost] [info] ExtensionService#loadCommonJSModule file:///snap/code/69/usr/share/code/resources/app/extensions/merge-conflict/dist/mergeConflictMain
[2021-07-14 14:22:09.869] [exthost] [info] ExtensionService#_doActivateExtension vscode.testing-editor-contributions {"startup":false,"extensionId":{"value":"vscode.testing-editor-contributions","_lower":"vscode.testing-editor-contributions"},"activationEvent":"onStartupFinished"}
[2021-07-14 14:22:09.869] [exthost] [info] ExtensionService#loadCommonJSModule file:///snap/code/69/usr/share/code/resources/app/extensions/testing-editor-contributions/dist/extension.js
[2021-07-14 14:22:27.544] [exthost] [info] ExtensionService#_doActivateExtension onecentlin.laravel-blade {"startup":false,"extensionId":{"value":"onecentlin.laravel-blade","_lower":"onecentlin.laravel-blade"},"activationEvent":"onLanguage:blade"}
[2021-07-14 14:22:27.544] [exthost] [info] ExtensionService#loadCommonJSModule file:///root/.vscode/extensions/onecentlin.laravel-blade-1.25.0/out/extension
[2021-07-15 08:10:41.106] [exthost] [warning] [Decorations] CAPPING events from decorations provider vscode.git 930
[2021-07-15 08:10:46.365] [exthost] [warning] [Decorations] CAPPING events from decorations provider vscode.git 930
[2021-07-15 08:10:51.505] [exthost] [warning] [Decorations] CAPPING events from decorations provider vscode.git 930
[2021-07-15 08:10:56.658] [exthost] [warning] [Decorations] CAPPING events from decorations provider vscode.git 930
[2021-07-15 08:11:14.477] [exthost] [warning] [Decorations] CAPPING events from decorations provider vscode.git 930
[2021-07-15 08:11:19.631] [exthost] [warning] [Decorations] CAPPING events from decorations provider vscode.git 930
[2021-07-15 08:13:09.310] [exthost] [warning] [Decorations] CAPPING events from decorations provider vscode.git 932
[2021-07-15 08:15:58.044] [exthost] [warning] [Decorations] CAPPING events from decorations provider vscode.git 934
[2021-07-15 08:16:03.198] [exthost] [warning] [Decorations] CAPPING events from decorations provider vscode.git 934
[2021-07-15 08:18:02.247] [exthost] [warning] [Decorations] CAPPING events from decorations provider vscode.git 935
[2021-07-15 08:18:14.325] [exthost] [warning] [Decorations] CAPPING events from decorations provider vscode.git 935
[2021-07-15 08:19:56.937] [exthost] [warning] [Decorations] CAPPING events from decorations provider vscode.git 935
[2021-07-15 08:20:14.000] [exthost] [warning] [Decorations] CAPPING events from decorations provider vscode.git 935
[2021-07-15 15:16:58.169] [exthost] [info] extension host terminating: renderer closed the socket
[2021-07-15 15:16:58.171] [exthost] [info] Lock '/opt/lampp/htdocs/Fundme/~/.vscode-root/User/workspaceStorage/5eefb5ec2dd537a7b11bde489723d639/vscode.lock': Marking the lockfile as scheduled to be released in 6000 ms.
[2021-07-15 15:16:59.204] [exthost] [info] exiting with code 0
